#
# A fatal error has been detected by the Java Runtime Environment:
#
#  SIGSEGV (0xb) at pc=0x00007fffa0049b5d, pid=7626, tid=0x000000000000080b
#
# JRE version: Java(TM) SE Runtime Environment (8.0_101-b13) (build 1.8.0_101-b13)
# Java VM: Java HotSpot(TM) 64-Bit Server VM (25.101-b13 mixed mode bsd-amd64 compressed oops)
# Problematic frame:
# C  [libobjc.A.dylib+0x6b5d]  objc_msgSend+0x1d
#
# Failed to write core dump. Core dumps have been disabled. To enable core dumping, try "ulimit -c unlimited" before starting Java again
#
# If you would like to submit a bug report, please visit:
#   http://bugreport.java.com/bugreport/crash.jsp
# The crash happened outside the Java Virtual Machine in native code.
# See problematic frame for where to report the bug.
#

---------------  T H R E A D  ---------------

Current thread (0x00007fe9f894f000):  JavaThread "AWT-AppKit" daemon [_thread_in_native, id=2059, stack(0x00007fff54ab3000,0x00007fff552b3000)]

siginfo: si_signo: 11 (SIGSEGV), si_code: 1 (SEGV_MAPERR), si_addr: 0x0000000000000018

Registers:
RAX=0x00007fe9fd294f50, RBX=0x0000000155043450, RCX=0x00007fe9fa2007d0, RDX=0x0000000000000000
RSP=0x00007fff552ae038, RBP=0x00007fff552ae0f0, RSI=0x00007fff8a0d81c3, RDI=0x00007fe9fd291630
R8 =0x0000000000000018, R9 =0x00007fe9fa2003e0, R10=0x0000000000000000, R11=0x00007fff8a0d81c3
R12=0x0000000000000000, R13=0x0000000156834ef0, R14=0x0000000155043440, R15=0x00007fe9f894f000
RIP=0x00007fffa0049b5d, EFLAGS=0x0000000000010246, ERR=0x0000000000000004
  TRAPNO=0x000000000000000e

Top of Stack: (sp=0x00007fff552ae038)
0x00007fff552ae038:   0000000155041157 00007fff552ae090
0x00007fff552ae048:   0000000000000003 00007fff552ae070
0x00007fff552ae058:   000000010b7ee8e6 0000000156834ef0
0x00007fff552ae068:   0000000156834ef0 00007fe9fd294f50
0x00007fff552ae078:   00000001550436a0 0000000155043710
0x00007fff552ae088:   00007fffa600f6d0 00007fffa6c73f90
0x00007fff552ae098:   0000000155043450 0000000155043690
0x00007fff552ae0a8:   00007fe9fd294f50 00007fe9fd291630
0x00007fff552ae0b8:   00007fe9fd2b0ff0 00007fe9fd294f50
0x00007fff552ae0c8:   00007fe9fd291630 00007fff552ae178
0x00007fff552ae0d8:   00007fe9f894f1f8 0000000156834ef0
0x00007fff552ae0e8:   00007fff552ae1a0 00007fff552ae168
0x00007fff552ae0f8:   000000010c5b09d4 0000000156834ef0
0x00007fff552ae108:   00007fff552ae1a0 00007fff552ae168
0x00007fff552ae118:   000000010c5b0767 000000010c5b0722
0x00007fff552ae128:   00007fff552ae128 0000000156834ef0
0x00007fff552ae138:   00007fff552ae1a0 0000000156837b28
0x00007fff552ae148:   0000000000000000 0000000156834ef0
0x00007fff552ae158:   0000000000000000 00007fff552ae188
0x00007fff552ae168:   00007fff552ae1e8 000000010c5a12bd
0x00007fff552ae178:   0000000741088a18 000000010c5aa538
0x00007fff552ae188:   00007fe9fd294f50 00007fff552ae1e8
0x00007fff552ae198:   00007fe9fd291630 000000010c5abe02
0x00007fff552ae1a8:   00007fff552ae1a8 00000001568350ba
0x00007fff552ae1b8:   00007fff552ae210 0000000156837b28
0x00007fff552ae1c8:   0000000000000000 00000001568350c8
0x00007fff552ae1d8:   00007fff552ae188 00007fff552ae1f8
0x00007fff552ae1e8:   00007fff552ae258 000000010c5a12bd
0x00007fff552ae1f8:   00007fe9fd294f50 00000007410c50f8
0x00007fff552ae208:   00007fe9fd291630 00000007410c50f8
0x00007fff552ae218:   00007fff552ae218 000000015f836fa6
0x00007fff552ae228:   00007fff552ae268 000000015f837060 

Instructions: (pc=0x00007fffa0049b5d)
0x00007fffa0049b3d:   0f 1f 00 48 85 ff 2e 74 62 40 f6 c7 01 2e 75 66
0x00007fffa0049b4d:   49 ba f8 ff ff ff ff 7f 00 00 4c 23 17 49 89 f3
0x00007fffa0049b5d:   45 23 5a 18 49 c1 e3 04 4d 03 5a 10 49 3b 33 75
0x00007fffa0049b6d:   04 41 ff 63 08 49 83 3b 01 76 0d 49 83 c3 10 49 

Register to memory mapping:

RAX=0x00007fe9fd294f50 is an unknown value
RBX=0x0000000155043450: Java_jogamp_nativewindow_macosx_OSXUtil_GetScreenRefreshRate0+0x1cf0 in /private/var/folders/q4/85d40lgj5sb4bdsw5z53b8cr0000gn/T/jogamp_0000/file_cache/jln3608096975735914085/jln7804508116246810579/libnativewindow_macosx.jnilib at 0x000000015503c000
RCX=0x00007fe9fa2007d0 is an unknown value
RDX=0x0000000000000000 is an unknown value
RSP=0x00007fff552ae038 is pointing into the stack for thread: 0x00007fe9f894f000
RBP=0x00007fff552ae0f0 is pointing into the stack for thread: 0x00007fe9f894f000
RSI=0x00007fff8a0d81c3: __NSStyleNameIndexTable+0x814d6 in /System/Library/Frameworks/AppKit.framework/Versions/C/AppKit at 0x00007fff89546000
RDI=0x00007fe9fd291630 is an unknown value
R8 =0x0000000000000018 is an unknown value
R9 =0x00007fe9fa2003e0 is an unknown value
R10=0x0000000000000000 is an unknown value
R11=0x00007fff8a0d81c3: __NSStyleNameIndexTable+0x814d6 in /System/Library/Frameworks/AppKit.framework/Versions/C/AppKit at 0x00007fff89546000
R12=0x0000000000000000 is an unknown value
R13={method} {0x0000000156834ef0} 'UnsetJAWTRootSurfaceLayer0' '(JJ)V' in 'jogamp/nativewindow/jawt/macosx/MacOSXJAWTWindow'
R14=0x0000000155043440: Java_jogamp_nativewindow_macosx_OSXUtil_GetScreenRefreshRate0+0x1ce0 in /private/var/folders/q4/85d40lgj5sb4bdsw5z53b8cr0000gn/T/jogamp_0000/file_cache/jln3608096975735914085/jln7804508116246810579/libnativewindow_macosx.jnilib at 0x000000015503c000
R15=0x00007fe9f894f000 is a thread


Stack: [0x00007fff54ab3000,0x00007fff552b3000],  sp=0x00007fff552ae038,  free space=8172k
Native frames: (J=compiled Java code, j=interpreted, Vv=VM code, C=native code)
C  [libobjc.A.dylib+0x6b5d]  objc_msgSend+0x1d
j  jogamp.nativewindow.jawt.macosx.MacOSXJAWTWindow.UnsetJAWTRootSurfaceLayer0(JJ)V+0
j  jogamp.nativewindow.jawt.macosx.MacOSXJAWTWindow.access$200(JJ)V+2
j  jogamp.nativewindow.jawt.macosx.MacOSXJAWTWindow$1.run()V+38
j  com.jogamp.common.util.RunnableTask.run()V+24
v  ~StubRoutines::call_stub
V  [libjvm.dylib+0x2ecf06]  JavaCalls::call_helper(JavaValue*, methodHandle*, JavaCallArguments*, Thread*)+0x6ae
V  [libjvm.dylib+0x324111]  jni_invoke_nonstatic(JNIEnv_*, JavaValue*, _jobject*, JNICallType, _jmethodID*, JNI_ArgumentPusher*, Thread*)+0x2ec
V  [libjvm.dylib+0x3168df]  jni_CallVoidMethod+0x16b
C  [libnativewindow_macosx.jnilib+0x5326]  Java_jogamp_nativewindow_jawt_macosx_MacOSXJAWTWindow_UnsetJAWTRootSurfaceLayer0+0x2b6
C  [Foundation+0x71f2a]  __NSThreadPerformPerform+0x146
C  [CoreFoundation+0xa7551]  __CFRUNLOOP_IS_CALLING_OUT_TO_A_SOURCE0_PERFORM_FUNCTION__+0x11
C  [CoreFoundation+0x886bd]  __CFRunLoopDoSources0+0x22d
C  [CoreFoundation+0x87bb6]  __CFRunLoopRun+0x3a6
C  [CoreFoundation+0x875b4]  CFRunLoopRunSpecific+0x1a4
C  [HIToolbox+0x30f6c]  RunCurrentEventLoopInMode+0xf0
C  [HIToolbox+0x30ca9]  ReceiveNextEventCommon+0xb8
C  [HIToolbox+0x30bd6]  _BlockUntilNextEventMatchingListInModeWithFilter+0x47
C  [AppKit+0x475f5]  _DPSNextEvent+0x445
C  [AppKit+0x7578eb]  -[NSApplication(NSEvent) _nextEventMatchingEventMask:untilDate:inMode:dequeue:]+0x665
C  [libosxapp.dylib+0x23aa]  -[NSApplicationAWT nextEventMatchingMask:untilDate:inMode:dequeue:]+0x7c
C  [AppKit+0x3bfbd]  -[NSApplication run]+0x39e
C  [libosxapp.dylib+0x214d]  +[NSApplicationAWT runAWTLoopWithApp:]+0x9c
C  [libawt_lwawt.dylib+0x444b3]  -[AWTStarter starter:]+0x389
C  [Foundation+0x71f2a]  __NSThreadPerformPerform+0x146
C  [CoreFoundation+0xa7551]  __CFRUNLOOP_IS_CALLING_OUT_TO_A_SOURCE0_PERFORM_FUNCTION__+0x11
C  [CoreFoundation+0x886bd]  __CFRunLoopDoSources0+0x22d
C  [CoreFoundation+0x87bb6]  __CFRunLoopRun+0x3a6
C  [CoreFoundation+0x875b4]  CFRunLoopRunSpecific+0x1a4
C  [java+0x6465]  CreateExecutionEnvironment+0x367
C  [java+0x218c]  JLI_Launch+0x7a0
C  [java+0x84c2]  main+0x65
C  [java+0x19e4]  start+0x34
C  0x0000000000000007

Java frames: (J=compiled Java code, j=interpreted, Vv=VM code)
j  jogamp.nativewindow.jawt.macosx.MacOSXJAWTWindow.UnsetJAWTRootSurfaceLayer0(JJ)V+0
j  jogamp.nativewindow.jawt.macosx.MacOSXJAWTWindow.access$200(JJ)V+2
j  jogamp.nativewindow.jawt.macosx.MacOSXJAWTWindow$1.run()V+38
j  com.jogamp.common.util.RunnableTask.run()V+24
v  ~StubRoutines::call_stub

---------------  P R O C E S S  ---------------

Java Threads: ( => current thread )
  0x00007fe9f8b7d800 JavaThread "Thread-204" [_thread_blocked, id=5567, stack(0x00007000042c0000,0x00007000043c0000)]
  0x00007fe9f9504000 JavaThread "AWT-EventQueue-1" [_thread_in_native, id=68403, stack(0x000070000413a000,0x000070000423a000)]
  0x00007fe9f800e000 JavaThread "DestroyJavaVM" [_thread_blocked, id=7171, stack(0x0000700002af2000,0x0000700002bf2000)]
  0x00007fe9f827b800 JavaThread "AWT-EventQueue-0" [_thread_blocked, id=57119, stack(0x0000700003f34000,0x0000700004034000)]
  0x00007fe9f8905000 JavaThread "Java2D Disposer" daemon [_thread_blocked, id=56079, stack(0x0000700003cab000,0x0000700003dab000)]
  0x00007fe9f91eb000 JavaThread "Java2D Queue Flusher" daemon [_thread_blocked, id=54023, stack(0x0000700003ba8000,0x0000700003ca8000)]
  0x00007fe9f8165000 JavaThread "AWT-Shutdown" [_thread_blocked, id=29471, stack(0x000070000399f000,0x0000700003a9f000)]
=>0x00007fe9f894f000 JavaThread "AWT-AppKit" daemon [_thread_in_native, id=2059, stack(0x00007fff54ab3000,0x00007fff552b3000)]
  0x00007fe9f8036800 JavaThread "Service Thread" daemon [_thread_blocked, id=18691, stack(0x0000700003716000,0x0000700003816000)]
  0x00007fe9f8885800 JavaThread "C1 CompilerThread2" daemon [_thread_blocked, id=18179, stack(0x0000700003613000,0x0000700003713000)]
  0x00007fe9f8884800 JavaThread "C2 CompilerThread1" daemon [_thread_blocked, id=17667, stack(0x0000700003510000,0x0000700003610000)]
  0x00007fe9f8824800 JavaThread "C2 CompilerThread0" daemon [_thread_blocked, id=17155, stack(0x000070000340d000,0x000070000350d000)]
  0x00007fe9f8034800 JavaThread "Signal Dispatcher" daemon [_thread_blocked, id=16643, stack(0x000070000330a000,0x000070000340a000)]
  0x00007fe9f8804800 JavaThread "Finalizer" daemon [_thread_blocked, id=12547, stack(0x0000700003207000,0x0000700003307000)]
  0x00007fe9f9839000 JavaThread "Reference Handler" daemon [_thread_blocked, id=12035, stack(0x0000700003104000,0x0000700003204000)]

Other Threads:
  0x00007fe9f8032000 VMThread [stack: 0x0000700003001000,0x0000700003101000] [id=11523]
  0x00007fe9f983a000 WatcherThread [stack: 0x0000700003819000,0x0000700003919000] [id=19203]

VM state:not at safepoint (normal execution)

VM Mutex/Monitor currently owned by a thread: None

Heap:
 PSYoungGen      total 24576K, used 19332K [0x0000000795580000, 0x0000000797300000, 0x00000007c0000000)
  eden space 24064K, 80% used [0x0000000795580000,0x0000000796851008,0x0000000796d00000)
  from space 512K, 12% used [0x0000000797280000,0x0000000797290000,0x0000000797300000)
  to   space 512K, 0% used [0x0000000797200000,0x0000000797200000,0x0000000797280000)
 ParOldGen       total 117760K, used 70461K [0x0000000740000000, 0x0000000747300000, 0x0000000795580000)
  object space 117760K, 59% used [0x0000000740000000,0x00000007444cf590,0x0000000747300000)
 Metaspace       used 20365K, capacity 20631K, committed 20736K, reserved 1069056K
  class space    used 1949K, capacity 2048K, committed 2048K, reserved 1048576K

Card table byte_map: [0x000000011b959000,0x000000011bd5a000] byte_map_base: 0x0000000117f59000

Marking Bits: (ParMarkBitMap*) 0x000000010bee9d20
 Begin Bits: [0x000000011bd5a000, 0x000000011dd5a000)
 End Bits:   [0x000000011dd5a000, 0x000000011fd5a000)

Polling page: 0x000000010a9ec000

CodeCache: size=245760Kb used=10066Kb max_used=10549Kb free=235693Kb
 bounds [0x000000010c599000, 0x000000010d029000, 0x000000011b599000]
 total_blobs=3749 nmethods=2862 adapters=800
 compilation: enabled

Compilation events (10 events):
Event: 5277.066 Thread 0x00007fe9f8884800 3594 % !   4       processing.core.PApplet::run @ 23 (298 bytes)
Event: 5277.074 Thread 0x00007fe9f8884800 nmethod 3594% 0x000000010c887350 code [0x000000010c8874e0, 0x000000010c887878]
Event: 6218.164 Thread 0x00007fe9f8885800 3595 %s!   3       sun.java2d.opengl.OGLRenderQueue$QueueFlusher::run @ 2 (234 bytes)
Event: 6218.168 Thread 0x00007fe9f8885800 nmethod 3595% 0x000000010caa6710 code [0x000000010caa6ac0, 0x000000010caa9188]
Event: 6323.707 Thread 0x00007fe9f8885800 3596  s!   3       sun.java2d.opengl.OGLRenderQueue$QueueFlusher::run (234 bytes)
Event: 6323.710 Thread 0x00007fe9f8885800 nmethod 3596 0x000000010cb32b90 code [0x000000010cb32f40, 0x000000010cb35508]
Event: 6378.376 Thread 0x00007fe9f8884800 3597       4       java.util.concurrent.locks.AbstractQueuedSynchronizer::acquire (27 bytes)
Event: 6378.387 Thread 0x00007fe9f8884800 nmethod 3597 0x000000010cef95d0 code [0x000000010cef9780, 0x000000010cef9d10]
Event: 7821.409 Thread 0x00007fe9f8824800 3598       4       java.util.HashMap::putVal (300 bytes)
Event: 7821.420 Thread 0x00007fe9f8824800 nmethod 3598 0x000000010cafebd0 code [0x000000010cafeda0, 0x000000010caff428]

GC Heap History (10 events):
Event: 7810.974 GC heap before
{Heap before GC invocations=3701 (full 1):
 PSYoungGen      total 24576K, used 24128K [0x0000000795580000, 0x0000000797300000, 0x00000007c0000000)
  eden space 24064K, 100% used [0x0000000795580000,0x0000000796d00000,0x0000000796d00000)
  from space 512K, 12% used [0x0000000797200000,0x0000000797210000,0x0000000797280000)
  to   space 512K, 0% used [0x0000000797280000,0x0000000797280000,0x0000000797300000)
 ParOldGen       total 117760K, used 70461K [0x0000000740000000, 0x0000000747300000, 0x0000000795580000)
  object space 117760K, 59% used [0x0000000740000000,0x00000007444cf590,0x0000000747300000)
 Metaspace       used 20338K, capacity 20567K, committed 20736K, reserved 1069056K
  class space    used 1943K, capacity 2048K, committed 2048K, reserved 1048576K
Event: 7810.976 GC heap after
Heap after GC invocations=3701 (full 1):
 PSYoungGen      total 24576K, used 64K [0x0000000795580000, 0x0000000797300000, 0x00000007c0000000)
  eden space 24064K, 0% used [0x0000000795580000,0x0000000795580000,0x0000000796d00000)
  from space 512K, 12% used [0x0000000797280000,0x0000000797290000,0x0000000797300000)
  to   space 512K, 0% used [0x0000000797200000,0x0000000797200000,0x0000000797280000)
 ParOldGen       total 117760K, used 70461K [0x0000000740000000, 0x0000000747300000, 0x0000000795580000)
  object space 117760K, 59% used [0x0000000740000000,0x00000007444cf590,0x0000000747300000)
 Metaspace       used 20338K, capacity 20567K, committed 20736K, reserved 1069056K
  class space    used 1943K, capacity 2048K, committed 2048K, reserved 1048576K
}
Event: 7813.598 GC heap before
{Heap before GC invocations=3702 (full 1):
 PSYoungGen      total 24576K, used 24128K [0x0000000795580000, 0x0000000797300000, 0x00000007c0000000)
  eden space 24064K, 100% used [0x0000000795580000,0x0000000796d00000,0x0000000796d00000)
  from space 512K, 12% used [0x0000000797280000,0x0000000797290000,0x0000000797300000)
  to   space 512K, 0% used [0x0000000797200000,0x0000000797200000,0x0000000797280000)
 ParOldGen       total 117760K, used 70461K [0x0000000740000000, 0x0000000747300000, 0x0000000795580000)
  object space 117760K, 59% used [0x0000000740000000,0x00000007444cf590,0x0000000747300000)
 Metaspace       used 20338K, capacity 20567K, committed 20736K, reserved 1069056K
  class space    used 1943K, capacity 2048K, committed 2048K, reserved 1048576K
Event: 7813.599 GC heap after
Heap after GC invocations=3702 (full 1):
 PSYoungGen      total 24576K, used 64K [0x0000000795580000, 0x0000000797300000, 0x00000007c0000000)
  eden space 24064K, 0% used [0x0000000795580000,0x0000000795580000,0x0000000796d00000)
  from space 512K, 12% used [0x0000000797200000,0x0000000797210000,0x0000000797280000)
  to   space 512K, 0% used [0x0000000797280000,0x0000000797280000,0x0000000797300000)
 ParOldGen       total 117760K, used 70461K [0x0000000740000000, 0x0000000747300000, 0x0000000795580000)
  object space 117760K, 59% used [0x0000000740000000,0x00000007444cf590,0x0000000747300000)
 Metaspace       used 20338K, capacity 20567K, committed 20736K, reserved 1069056K
  class space    used 1943K, capacity 2048K, committed 2048K, reserved 1048576K
}
Event: 7815.683 GC heap before
{Heap before GC invocations=3703 (full 1):
 PSYoungGen      total 24576K, used 24128K [0x0000000795580000, 0x0000000797300000, 0x00000007c0000000)
  eden space 24064K, 100% used [0x0000000795580000,0x0000000796d00000,0x0000000796d00000)
  from space 512K, 12% used [0x0000000797200000,0x0000000797210000,0x0000000797280000)
  to   space 512K, 0% used [0x0000000797280000,0x0000000797280000,0x0000000797300000)
 ParOldGen       total 117760K, used 70461K [0x0000000740000000, 0x0000000747300000, 0x0000000795580000)
  object space 117760K, 59% used [0x0000000740000000,0x00000007444cf590,0x0000000747300000)
 Metaspace       used 20338K, capacity 20567K, committed 20736K, reserved 1069056K
  class space    used 1943K, capacity 2048K, committed 2048K, reserved 1048576K
Event: 7815.684 GC heap after
Heap after GC invocations=3703 (full 1):
 PSYoungGen      total 24576K, used 96K [0x0000000795580000, 0x0000000797300000, 0x00000007c0000000)
  eden space 24064K, 0% used [0x0000000795580000,0x0000000795580000,0x0000000796d00000)
  from space 512K, 18% used [0x0000000797280000,0x0000000797298000,0x0000000797300000)
  to   space 512K, 0% used [0x0000000797200000,0x0000000797200000,0x0000000797280000)
 ParOldGen       total 117760K, used 70461K [0x0000000740000000, 0x0000000747300000, 0x0000000795580000)
  object space 117760K, 59% used [0x0000000740000000,0x00000007444cf590,0x0000000747300000)
 Metaspace       used 20338K, capacity 20567K, committed 20736K, reserved 1069056K
  class space    used 1943K, capacity 2048K, committed 2048K, reserved 1048576K
}
Event: 7817.785 GC heap before
{Heap before GC invocations=3704 (full 1):
 PSYoungGen      total 24576K, used 24160K [0x0000000795580000, 0x0000000797300000, 0x00000007c0000000)
  eden space 24064K, 100% used [0x0000000795580000,0x0000000796d00000,0x0000000796d00000)
  from space 512K, 18% used [0x0000000797280000,0x0000000797298000,0x0000000797300000)
  to   space 512K, 0% used [0x0000000797200000,0x0000000797200000,0x0000000797280000)
 ParOldGen       total 117760K, used 70461K [0x0000000740000000, 0x0000000747300000, 0x0000000795580000)
  object space 117760K, 59% used [0x0000000740000000,0x00000007444cf590,0x0000000747300000)
 Metaspace       used 20338K, capacity 20567K, committed 20736K, reserved 1069056K
  class space    used 1943K, capacity 2048K, committed 2048K, reserved 1048576K
Event: 7817.787 GC heap after
Heap after GC invocations=3704 (full 1):
 PSYoungGen      total 24576K, used 64K [0x0000000795580000, 0x0000000797300000, 0x00000007c0000000)
  eden space 24064K, 0% used [0x0000000795580000,0x0000000795580000,0x0000000796d00000)
  from space 512K, 12% used [0x0000000797200000,0x0000000797210000,0x0000000797280000)
  to   space 512K, 0% used [0x0000000797280000,0x0000000797280000,0x0000000797300000)
 ParOldGen       total 117760K, used 70461K [0x0000000740000000, 0x0000000747300000, 0x0000000795580000)
  object space 117760K, 59% used [0x0000000740000000,0x00000007444cf590,0x0000000747300000)
 Metaspace       used 20338K, capacity 20567K, committed 20736K, reserved 1069056K
  class space    used 1943K, capacity 2048K, committed 2048K, reserved 1048576K
}
Event: 7819.895 GC heap before
{Heap before GC invocations=3705 (full 1):
 PSYoungGen      total 24576K, used 24128K [0x0000000795580000, 0x0000000797300000, 0x00000007c0000000)
  eden space 24064K, 100% used [0x0000000795580000,0x0000000796d00000,0x0000000796d00000)
  from space 512K, 12% used [0x0000000797200000,0x0000000797210000,0x0000000797280000)
  to   space 512K, 0% used [0x0000000797280000,0x0000000797280000,0x0000000797300000)
 ParOldGen       total 117760K, used 70461K [0x0000000740000000, 0x0000000747300000, 0x0000000795580000)
  object space 117760K, 59% used [0x0000000740000000,0x00000007444cf590,0x0000000747300000)
 Metaspace       used 20338K, capacity 20567K, committed 20736K, reserved 1069056K
  class space    used 1943K, capacity 2048K, committed 2048K, reserved 1048576K
Event: 7819.896 GC heap after
Heap after GC invocations=3705 (full 1):
 PSYoungGen      total 24576K, used 64K [0x0000000795580000, 0x0000000797300000, 0x00000007c0000000)
  eden space 24064K, 0% used [0x0000000795580000,0x0000000795580000,0x0000000796d00000)
  from space 512K, 12% used [0x0000000797280000,0x0000000797290000,0x0000000797300000)
  to   space 512K, 0% used [0x0000000797200000,0x0000000797200000,0x0000000797280000)
 ParOldGen       total 117760K, used 70461K [0x0000000740000000, 0x0000000747300000, 0x0000000795580000)
  object space 117760K, 59% used [0x0000000740000000,0x00000007444cf590,0x0000000747300000)
 Metaspace       used 20338K, capacity 20567K, committed 20736K, reserved 1069056K
  class space    used 1943K, capacity 2048K, committed 2048K, reserved 1048576K
}

Deoptimization events (10 events):
Event: 7821.409 Thread 0x00007fe9f81f0000 Uncommon trap: reason=class_check action=maybe_recompile pc=0x000000010cb20b30 method=java.util.HashMap.putVal(ILjava/lang/Object;Ljava/lang/Object;ZZ)Ljava/lang/Object; @ 91
Event: 7821.409 Thread 0x00007fe9f81f0000 Uncommon trap: reason=class_check action=maybe_recompile pc=0x000000010cb20b30 method=java.util.HashMap.putVal(ILjava/lang/Object;Ljava/lang/Object;ZZ)Ljava/lang/Object; @ 91
Event: 7821.409 Thread 0x00007fe9f81f0000 Uncommon trap: reason=class_check action=maybe_recompile pc=0x000000010cb20b30 method=java.util.HashMap.putVal(ILjava/lang/Object;Ljava/lang/Object;ZZ)Ljava/lang/Object; @ 91
Event: 7821.409 Thread 0x00007fe9f81f0000 Uncommon trap: reason=class_check action=maybe_recompile pc=0x000000010cb20b30 method=java.util.HashMap.putVal(ILjava/lang/Object;Ljava/lang/Object;ZZ)Ljava/lang/Object; @ 91
Event: 7821.409 Thread 0x00007fe9f81f0000 Uncommon trap: reason=class_check action=maybe_recompile pc=0x000000010ca0cf44 method=java.util.HashMap.putVal(ILjava/lang/Object;Ljava/lang/Object;ZZ)Ljava/lang/Object; @ 91
Event: 7821.414 Thread 0x00007fe9f894f000 Uncommon trap: reason=class_check action=maybe_recompile pc=0x000000010ceae740 method=com.jogamp.common.util.RunnableTask.run()V @ 24
Event: 7821.414 Thread 0x00007fe9f894f000 Uncommon trap: reason=unstable_if action=reinterpret pc=0x000000010cd09e7c method=jogamp.nativewindow.macosx.OSXUtil.RunOnMainThread(ZZLjava/lang/Runnable;)V @ 3
Event: 7821.424 Thread 0x00007fe9f9504000 Uncommon trap: reason=unstable_if action=reinterpret pc=0x000000010cd46c58 method=jogamp.opengl.GLContextImpl.release(Z)V @ 161
Event: 7821.432 Thread 0x00007fe9f9504000 Uncommon trap: reason=unstable_if action=reinterpret pc=0x000000010cc6c4b8 method=java.security.AccessControlContext.optimize()Ljava/security/AccessControlContext; @ 233
Event: 7821.432 Thread 0x00007fe9f894f000 Uncommon trap: reason=class_check action=maybe_recompile pc=0x000000010ceae740 method=com.jogamp.common.util.RunnableTask.run()V @ 24

Internal exceptions (10 events):
Event: 0.484 Thread 0x00007fe9f800e000 Exception <a 'java/io/FileNotFoundException'> (0x0000000795847fa0) thrown at [/HUDSON3/workspace/8-2-build-macosx-x86_64/jdk8u101/7261/hotspot/src/share/vm/prims/jni.cpp, line 709]
Event: 0.484 Thread 0x00007fe9f800e000 Exception <a 'java/io/FileNotFoundException'> (0x0000000795848b28) thrown at [/HUDSON3/workspace/8-2-build-macosx-x86_64/jdk8u101/7261/hotspot/src/share/vm/prims/jni.cpp, line 709]
Event: 0.508 Thread 0x00007fe9f800e000 Exception <a 'java/io/FileNotFoundException'> (0x000000079589edb0) thrown at [/HUDSON3/workspace/8-2-build-macosx-x86_64/jdk8u101/7261/hotspot/src/share/vm/prims/jni.cpp, line 709]
Event: 0.595 Thread 0x00007fe9f800e000 Exception <a 'java/io/FileNotFoundException'> (0x0000000795a3de28) thrown at [/HUDSON3/workspace/8-2-build-macosx-x86_64/jdk8u101/7261/hotspot/src/share/vm/prims/jni.cpp, line 709]
Event: 2.672 Thread 0x00007fe9f9311800 Exception <a 'java/lang/UnsatisfiedLinkError': com.jogamp.common.util.JarUtil.fixNativeLibAttribs(Ljava/lang/String;)Z> (0x0000000796c1ab40) thrown at [/HUDSON3/workspace/8-2-build-macosx-x86_64/jdk8u101/7261/hotspot/src/share/vm/prims/nativeLookup.cpp, l
Event: 2.937 Thread 0x00007fe9f8804800 Exception <a 'java/lang/NullPointerException'> (0x00000007956a6890) thrown at [/HUDSON3/workspace/8-2-build-macosx-x86_64/jdk8u101/7261/hotspot/src/share/vm/interpreter/linkResolver.cpp, line 1178]
Event: 3.836 Thread 0x00007fe9f9504000 Exception <a 'java/io/FileNotFoundException'> (0x00000007961562c0) thrown at [/HUDSON3/workspace/8-2-build-macosx-x86_64/jdk8u101/7261/hotspot/src/share/vm/prims/jni.cpp, line 709]
Event: 3.837 Thread 0x00007fe9f9504000 Exception <a 'java/io/FileNotFoundException'> (0x000000079615da68) thrown at [/HUDSON3/workspace/8-2-build-macosx-x86_64/jdk8u101/7261/hotspot/src/share/vm/prims/jni.cpp, line 709]
Event: 3.837 Thread 0x00007fe9f9504000 Implicit null exception at 0x000000010c7573f5 to 0x000000010c757765
Event: 88.046 Thread 0x00007fe9f9504000 Implicit null exception at 0x000000010ca95365 to 0x000000010ca954b9

Events (10 events):
Event: 7821.433 Thread 0x00007fe9f894f000 DEOPT PACKING pc=0x000000010ceae740 sp=0x00007fff552ae2b0
Event: 7821.433 Thread 0x00007fe9f9504000 DEOPT UNPACKING pc=0x000000010c59e229 sp=0x0000700004237b30 mode 2
Event: 7821.433 Thread 0x00007fe9f894f000 DEOPT UNPACKING pc=0x000000010c59e229 sp=0x00007fff552ae258 mode 2
Event: 7821.433 loading class java/awt/LightweightDispatcher$2
Event: 7821.433 loading class java/awt/LightweightDispatcher$2 done
Event: 7821.433 loading class java/awt/event/AWTEventListenerProxy
Event: 7821.433 loading class java/awt/event/AWTEventListenerProxy done
Event: 7821.433 Executing VM operation: Deoptimize
Event: 7821.433 Executing VM operation: Deoptimize done
Event: 7821.433 loading class java/awt/Toolkit$ToolkitEventMulticaster


Dynamic libraries:
0x00000000166f9000 	/System/Library/Frameworks/Cocoa.framework/Versions/A/Cocoa
0x00000000166f9000 	/System/Library/Frameworks/Security.framework/Versions/A/Security
0x00000000166f9000 	/System/Library/Frameworks/ApplicationServices.framework/Versions/A/ApplicationServices
0x00000000166f9000 	/usr/lib/libz.1.dylib
0x00000000166f9000 	/usr/lib/libSystem.B.dylib
0x00000000166f9000 	/usr/lib/libobjc.A.dylib
0x00000000166f9000 	/System/Library/Frameworks/CoreFoundation.framework/Versions/A/CoreFoundation
0x00000000166f9000 	/System/Library/Frameworks/Foundation.framework/Versions/C/Foundation
0x00000000166f9000 	/System/Library/Frameworks/AppKit.framework/Versions/C/AppKit
0x00000000166f9000 	/System/Library/Frameworks/CoreData.framework/Versions/A/CoreData
0x00000000166f9000 	/System/Library/PrivateFrameworks/RemoteViewServices.framework/Versions/A/RemoteViewServices
0x00000000166f9000 	/System/Library/PrivateFrameworks/UIFoundation.framework/Versions/A/UIFoundation
0x00000000166f9000 	/usr/lib/libenergytrace.dylib
0x00000000166f9000 	/System/Library/PrivateFrameworks/SkyLight.framework/Versions/A/SkyLight
0x00000000166f9000 	/System/Library/Frameworks/CoreGraphics.framework/Versions/A/CoreGraphics
0x00000000166f9000 	/usr/lib/libScreenReader.dylib
0x00000000166f9000 	/System/Library/Frameworks/Accelerate.framework/Versions/A/Accelerate
0x00000000166f9000 	/System/Library/Frameworks/IOSurface.framework/Versions/A/IOSurface
0x00000000166f9000 	/System/Library/Frameworks/AudioToolbox.framework/Versions/A/AudioToolbox
0x00000000166f9000 	/System/Library/Frameworks/AudioUnit.framework/Versions/A/AudioUnit
0x00000000166f9000 	/System/Library/PrivateFrameworks/DataDetectorsCore.framework/Versions/A/DataDetectorsCore
0x00000000166f9000 	/System/Library/PrivateFrameworks/DesktopServicesPriv.framework/Versions/A/DesktopServicesPriv
0x00000000166f9000 	/System/Library/Frameworks/Carbon.framework/Versions/A/Frameworks/HIToolbox.framework/Versions/A/HIToolbox
0x00000000166f9000 	/usr/lib/libicucore.A.dylib
0x00000000166f9000 	/System/Library/Frameworks/QuartzCore.framework/Versions/A/QuartzCore
0x00000000166f9000 	/System/Library/Frameworks/Carbon.framework/Versions/A/Frameworks/SpeechRecognition.framework/Versions/A/SpeechRecognition
0x00000000166f9000 	/usr/lib/libauto.dylib
0x00000000166f9000 	/usr/lib/libxml2.2.dylib
0x00000000166f9000 	/System/Library/PrivateFrameworks/CoreUI.framework/Versions/A/CoreUI
0x00000000166f9000 	/System/Library/Frameworks/CoreAudio.framework/Versions/A/CoreAudio
0x00000000166f9000 	/System/Library/Frameworks/DiskArbitration.framework/Versions/A/DiskArbitration
0x00000000166f9000 	/usr/lib/liblangid.dylib
0x00000000166f9000 	/System/Library/PrivateFrameworks/MultitouchSupport.framework/Versions/A/MultitouchSupport
0x00000000166f9000 	/System/Library/Frameworks/IOKit.framework/Versions/A/IOKit
0x00000000166f9000 	/usr/lib/libDiagnosticMessagesClient.dylib
0x00000000166f9000 	/System/Library/Frameworks/CoreServices.framework/Versions/A/CoreServices
0x00000000166f9000 	/System/Library/PrivateFrameworks/PerformanceAnalysis.framework/Versions/A/PerformanceAnalysis
0x00000000166f9000 	/System/Library/PrivateFrameworks/GenerationalStorage.framework/Versions/A/GenerationalStorage
0x00000000166f9000 	/System/Library/Frameworks/OpenGL.framework/Versions/A/OpenGL
0x00000000166f9000 	/System/Library/Frameworks/CoreImage.framework/Versions/A/CoreImage
0x00000000166f9000 	/System/Library/Frameworks/CoreText.framework/Versions/A/CoreText
0x00000000166f9000 	/System/Library/Frameworks/ImageIO.framework/Versions/A/ImageIO
0x00000000166f9000 	/System/Library/PrivateFrameworks/Backup.framework/Versions/A/Backup
0x00000000166f9000 	/usr/lib/libarchive.2.dylib
0x00000000166f9000 	/System/Library/Frameworks/CFNetwork.framework/Versions/A/CFNetwork
0x00000000166f9000 	/System/Library/Frameworks/SystemConfiguration.framework/Versions/A/SystemConfiguration
0x00000000166f9000 	/usr/lib/libCRFSuite.dylib
0x00000000166f9000 	/usr/lib/libc++.1.dylib
0x00000000166f9000 	/usr/lib/libc++abi.dylib
0x00000000166f9000 	/usr/lib/system/libcache.dylib
0x00000000166f9000 	/usr/lib/system/libcommonCrypto.dylib
0x00000000166f9000 	/usr/lib/system/libcompiler_rt.dylib
0x00000000166f9000 	/usr/lib/system/libcopyfile.dylib
0x00000000166f9000 	/usr/lib/system/libcorecrypto.dylib
0x00000000166f9000 	/usr/lib/system/libdispatch.dylib
0x00000000166f9000 	/usr/lib/system/libdyld.dylib
0x00000000166f9000 	/usr/lib/system/libkeymgr.dylib
0x00000000166f9000 	/usr/lib/system/liblaunch.dylib
0x00000000166f9000 	/usr/lib/system/libmacho.dylib
0x00000000166f9000 	/usr/lib/system/libquarantine.dylib
0x00000000166f9000 	/usr/lib/system/libremovefile.dylib
0x00000000166f9000 	/usr/lib/system/libsystem_asl.dylib
0x00000000166f9000 	/usr/lib/system/libsystem_blocks.dylib
0x00000000166f9000 	/usr/lib/system/libsystem_c.dylib
0x00000000166f9000 	/usr/lib/system/libsystem_configuration.dylib
0x00000000166f9000 	/usr/lib/system/libsystem_coreservices.dylib
0x00000000166f9000 	/usr/lib/system/libsystem_coretls.dylib
0x00000000166f9000 	/usr/lib/system/libsystem_dnssd.dylib
0x00000000166f9000 	/usr/lib/system/libsystem_info.dylib
0x00000000166f9000 	/usr/lib/system/libsystem_kernel.dylib
0x00000000166f9000 	/usr/lib/system/libsystem_m.dylib
0x00000000166f9000 	/usr/lib/system/libsystem_malloc.dylib
0x00000000166f9000 	/usr/lib/system/libsystem_network.dylib
0x00000000166f9000 	/usr/lib/system/libsystem_networkextension.dylib
0x00000000166f9000 	/usr/lib/system/libsystem_notify.dylib
0x00000000166f9000 	/usr/lib/system/libsystem_platform.dylib
0x00000000166f9000 	/usr/lib/system/libsystem_pthread.dylib
0x00000000166f9000 	/usr/lib/system/libsystem_sandbox.dylib
0x00000000166f9000 	/usr/lib/system/libsystem_secinit.dylib
0x00000000166f9000 	/usr/lib/system/libsystem_symptoms.dylib
0x00000000166f9000 	/usr/lib/system/libsystem_trace.dylib
0x00000000166f9000 	/usr/lib/system/libunwind.dylib
0x00000000166f9000 	/usr/lib/system/libxpc.dylib
0x00000000166f9000 	/usr/lib/libbsm.0.dylib
0x00000000166f9000 	/usr/lib/system/libkxld.dylib
0x00000000166f9000 	/usr/lib/libcoretls.dylib
0x00000000166f9000 	/usr/lib/libcoretls_cfhelpers.dylib
0x00000000166f9000 	/usr/lib/libxar.1.dylib
0x00000000166f9000 	/usr/lib/libsqlite3.dylib
0x00000000166f9000 	/usr/lib/libpam.2.dylib
0x00000000166f9000 	/usr/lib/libOpenScriptingUtil.dylib
0x00000000166f9000 	/usr/lib/libbz2.1.0.dylib
0x00000000166f9000 	/usr/lib/liblzma.5.dylib
0x00000000166f9000 	/usr/lib/libnetwork.dylib
0x00000000166f9000 	/usr/lib/libpcap.A.dylib
0x00000000166f9000 	/System/Library/Frameworks/CoreServices.framework/Versions/A/Frameworks/FSEvents.framework/Versions/A/FSEvents
0x00000000166f9000 	/System/Library/Frameworks/CoreServices.framework/Versions/A/Frameworks/CarbonCore.framework/Versions/A/CarbonCore
0x00000000166f9000 	/System/Library/Frameworks/CoreServices.framework/Versions/A/Frameworks/Metadata.framework/Versions/A/Metadata
0x00000000166f9000 	/System/Library/Frameworks/CoreServices.framework/Versions/A/Frameworks/OSServices.framework/Versions/A/OSServices
0x00000000166f9000 	/System/Library/Frameworks/CoreServices.framework/Versions/A/Frameworks/SearchKit.framework/Versions/A/SearchKit
0x00000000166f9000 	/System/Library/Frameworks/CoreServices.framework/Versions/A/Frameworks/AE.framework/Versions/A/AE
0x00000000166f9000 	/System/Library/Frameworks/CoreServices.framework/Versions/A/Frameworks/LaunchServices.framework/Versions/A/LaunchServices
0x00000000166f9000 	/System/Library/Frameworks/CoreServices.framework/Versions/A/Frameworks/DictionaryServices.framework/Versions/A/DictionaryServices
0x00000000166f9000 	/System/Library/Frameworks/CoreServices.framework/Versions/A/Frameworks/SharedFileList.framework/Versions/A/SharedFileList
0x00000000166f9000 	/System/Library/Frameworks/NetFS.framework/Versions/A/NetFS
0x00000000166f9000 	/System/Library/PrivateFrameworks/NetAuth.framework/Versions/A/NetAuth
0x00000000166f9000 	/System/Library/PrivateFrameworks/login.framework/Versions/A/Frameworks/loginsupport.framework/Versions/A/loginsupport
0x00000000166f9000 	/System/Library/PrivateFrameworks/TCC.framework/Versions/A/TCC
0x00000000166f9000 	/usr/lib/libmecabra.dylib
0x00000000166f9000 	/System/Library/Frameworks/ApplicationServices.framework/Versions/A/Frameworks/ATS.framework/Versions/A/ATS
0x00000000166f9000 	/System/Library/Frameworks/ApplicationServices.framework/Versions/A/Frameworks/ColorSync.framework/Versions/A/ColorSync
0x00000000166f9000 	/System/Library/Frameworks/ApplicationServices.framework/Versions/A/Frameworks/HIServices.framework/Versions/A/HIServices
0x00000000166f9000 	/System/Library/Frameworks/ApplicationServices.framework/Versions/A/Frameworks/LangAnalysis.framework/Versions/A/LangAnalysis
0x00000000166f9000 	/System/Library/Frameworks/ApplicationServices.framework/Versions/A/Frameworks/PrintCore.framework/Versions/A/PrintCore
0x00000000166f9000 	/System/Library/Frameworks/ApplicationServices.framework/Versions/A/Frameworks/QD.framework/Versions/A/QD
0x00000000166f9000 	/System/Library/Frameworks/ApplicationServices.framework/Versions/A/Frameworks/SpeechSynthesis.framework/Versions/A/SpeechSynthesis
0x00000000166f9000 	/System/Library/Frameworks/Accelerate.framework/Versions/A/Frameworks/vImage.framework/Versions/A/vImage
0x00000000166f9000 	/System/Library/Frameworks/Accelerate.framework/Versions/A/Frameworks/vecLib.framework/Versions/A/vecLib
0x00000000166f9000 	/System/Library/Frameworks/Accelerate.framework/Versions/A/Frameworks/vecLib.framework/Versions/A/libvDSP.dylib
0x00000000166f9000 	/System/Library/Frameworks/Accelerate.framework/Versions/A/Frameworks/vecLib.framework/Versions/A/libBNNS.dylib
0x00000000166f9000 	/System/Library/Frameworks/Accelerate.framework/Versions/A/Frameworks/vecLib.framework/Versions/A/libQuadrature.dylib
0x00000000166f9000 	/System/Library/Frameworks/Accelerate.framework/Versions/A/Frameworks/vecLib.framework/Versions/A/libvMisc.dylib
0x00000000166f9000 	/System/Library/Frameworks/Accelerate.framework/Versions/A/Frameworks/vecLib.framework/Versions/A/libLAPACK.dylib
0x00000000166f9000 	/System/Library/Frameworks/Accelerate.framework/Versions/A/Frameworks/vecLib.framework/Versions/A/libBLAS.dylib
0x00000000166f9000 	/System/Library/Frameworks/Accelerate.framework/Versions/A/Frameworks/vecLib.framework/Versions/A/libLinearAlgebra.dylib
0x00000000166f9000 	/System/Library/Frameworks/Accelerate.framework/Versions/A/Frameworks/vecLib.framework/Versions/A/libSparseBLAS.dylib
0x00000000166f9000 	/System/Library/Frameworks/ApplicationServices.framework/Versions/A/Frameworks/ATS.framework/Versions/A/Resources/libFontParser.dylib
0x00000000166f9000 	/System/Library/Frameworks/ApplicationServices.framework/Versions/A/Frameworks/ATS.framework/Versions/A/Resources/libFontRegistry.dylib
0x00000000166f9000 	/System/Library/Frameworks/ImageIO.framework/Versions/A/Resources/libJPEG.dylib
0x00000000166f9000 	/System/Library/Frameworks/ImageIO.framework/Versions/A/Resources/libTIFF.dylib
0x00000000166f9000 	/System/Library/Frameworks/ImageIO.framework/Versions/A/Resources/libPng.dylib
0x00000000166f9000 	/System/Library/Frameworks/ImageIO.framework/Versions/A/Resources/libGIF.dylib
0x00000000166f9000 	/System/Library/Frameworks/ImageIO.framework/Versions/A/Resources/libJP2.dylib
0x00000000166f9000 	/System/Library/Frameworks/ImageIO.framework/Versions/A/Resources/libRadiance.dylib
0x00000000166f9000 	/usr/lib/libcompression.dylib
0x00000000166f9000 	/System/Library/PrivateFrameworks/AppleJPEG.framework/Versions/A/AppleJPEG
0x00000000166f9000 	/usr/lib/libcups.2.dylib
0x00000000166f9000 	/System/Library/Frameworks/Kerberos.framework/Versions/A/Kerberos
0x00000000166f9000 	/System/Library/Frameworks/GSS.framework/Versions/A/GSS
0x00000000166f9000 	/usr/lib/libresolv.9.dylib
0x00000000166f9000 	/usr/lib/libiconv.2.dylib
0x00000000166f9000 	/System/Library/PrivateFrameworks/Heimdal.framework/Versions/A/Heimdal
0x00000000166f9000 	/usr/lib/libheimdal-asn1.dylib
0x00000000166f9000 	/System/Library/Frameworks/OpenDirectory.framework/Versions/A/OpenDirectory
0x00000000166f9000 	/System/Library/PrivateFrameworks/CommonAuth.framework/Versions/A/CommonAuth
0x00000000166f9000 	/System/Library/Frameworks/OpenDirectory.framework/Versions/A/Frameworks/CFOpenDirectory.framework/Versions/A/CFOpenDirectory
0x00000000166f9000 	/System/Library/Frameworks/SecurityFoundation.framework/Versions/A/SecurityFoundation
0x00000000166f9000 	/System/Library/PrivateFrameworks/LanguageModeling.framework/Versions/A/LanguageModeling
0x00000000166f9000 	/usr/lib/libmarisa.dylib
0x00000000166f9000 	/usr/lib/libChineseTokenizer.dylib
0x00000000166f9000 	/usr/lib/libcmph.dylib
0x00000000166f9000 	/System/Library/PrivateFrameworks/CoreEmoji.framework/Versions/A/CoreEmoji
0x00000000166f9000 	/System/Library/Frameworks/ServiceManagement.framework/Versions/A/ServiceManagement
0x00000000166f9000 	/usr/lib/libxslt.1.dylib
0x00000000166f9000 	/System/Library/Frameworks/Carbon.framework/Versions/A/Frameworks/Ink.framework/Versions/A/Ink
0x00000000166f9000 	/System/Library/PrivateFrameworks/TextureIO.framework/Versions/A/TextureIO
0x00000000166f9000 	/System/Library/Frameworks/Metal.framework/Versions/A/Metal
0x00000000166f9000 	/usr/lib/libate.dylib
0x00000000166f9000 	/System/Library/PrivateFrameworks/GPUCompiler.framework/libmetal_timestamp.dylib
0x00000000166f9000 	/System/Library/Frameworks/OpenGL.framework/Versions/A/Libraries/libCoreFSCache.dylib
0x00000000166f9000 	/System/Library/PrivateFrameworks/IOAccelerator.framework/Versions/A/IOAccelerator
0x00000000166f9000 	/System/Library/Frameworks/CoreVideo.framework/Versions/A/CoreVideo
0x00000000166f9000 	/usr/lib/libFosl_dynamic.dylib
0x00000000166f9000 	/System/Library/PrivateFrameworks/MetalPerformanceShaders.framework/Versions/A/MetalPerformanceShaders
0x00000000166f9000 	/System/Library/PrivateFrameworks/FaceCore.framework/Versions/A/FaceCore
0x00000000166f9000 	/System/Library/Frameworks/OpenCL.framework/Versions/A/OpenCL
0x00000000166f9000 	/System/Library/Frameworks/OpenGL.framework/Versions/A/Libraries/libGLU.dylib
0x00000000166f9000 	/System/Library/Frameworks/OpenGL.framework/Versions/A/Libraries/libGFXShared.dylib
0x00000000166f9000 	/System/Library/Frameworks/OpenGL.framework/Versions/A/Libraries/libGL.dylib
0x00000000166f9000 	/System/Library/Frameworks/OpenGL.framework/Versions/A/Libraries/libGLImage.dylib
0x00000000166f9000 	/System/Library/Frameworks/OpenGL.framework/Versions/A/Libraries/libCVMSPluginSupport.dylib
0x00000000166f9000 	/System/Library/Frameworks/OpenGL.framework/Versions/A/Libraries/libCoreVMClient.dylib
0x00000000166f9000 	/System/Library/PrivateFrameworks/CrashReporterSupport.framework/Versions/A/CrashReporterSupport
0x00000000166f9000 	/System/Library/PrivateFrameworks/Sharing.framework/Versions/A/Sharing
0x00000000166f9000 	/System/Library/PrivateFrameworks/IconServices.framework/Versions/A/IconServices
0x00000000166f9000 	/System/Library/PrivateFrameworks/ProtocolBuffer.framework/Versions/A/ProtocolBuffer
0x00000000166f9000 	/System/Library/PrivateFrameworks/Apple80211.framework/Versions/A/Apple80211
0x00000000166f9000 	/System/Library/Frameworks/CoreWLAN.framework/Versions/A/CoreWLAN
0x00000000166f9000 	/System/Library/PrivateFrameworks/CoreUtils.framework/Versions/A/CoreUtils
0x00000000166f9000 	/System/Library/Frameworks/IOBluetooth.framework/Versions/A/IOBluetooth
0x00000000166f9000 	/System/Library/PrivateFrameworks/CoreWiFi.framework/Versions/A/CoreWiFi
0x00000000166f9000 	/System/Library/Frameworks/CoreBluetooth.framework/Versions/A/CoreBluetooth
0x00000000166f9000 	/System/Library/Frameworks/CoreDisplay.framework/Versions/A/CoreDisplay
0x00000000166f9000 	/System/Library/PrivateFrameworks/IOPresentment.framework/Versions/A/IOPresentment
0x00000000166f9000 	/System/Library/PrivateFrameworks/DebugSymbols.framework/Versions/A/DebugSymbols
0x00000000166f9000 	/System/Library/PrivateFrameworks/CoreSymbolication.framework/Versions/A/CoreSymbolication
0x00000000166f9000 	/System/Library/PrivateFrameworks/Symbolication.framework/Versions/A/Symbolication
0x00000000166f9000 	/System/Library/PrivateFrameworks/AppleFSCompression.framework/Versions/A/AppleFSCompression
0x00000000166f9000 	/System/Library/PrivateFrameworks/SpeechRecognitionCore.framework/Versions/A/SpeechRecognitionCore
0x00000000166f9000 	/System/Library/PrivateFrameworks/ChunkingLibrary.framework/Versions/A/ChunkingLibrary
0x000000010a99a000 	/System/Library/CoreServices/Encodings/libSimplifiedChineseConverter.dylib
0x000000010b5fc000 	/Library/Java/JavaVirtualMachines/jdk1.8.0_101.jdk/Contents/Home/jre/lib/server/libjvm.dylib
0x00000000166f9000 	/usr/lib/libstdc++.6.dylib
0x000000010a9de000 	/Library/Java/JavaVirtualMachines/jdk1.8.0_101.jdk/Contents/Home/jre/lib/libverify.dylib
0x000000010b200000 	/Library/Java/JavaVirtualMachines/jdk1.8.0_101.jdk/Contents/Home/jre/lib/libjava.dylib
0x000000010a9f6000 	/Library/Java/JavaVirtualMachines/jdk1.8.0_101.jdk/Contents/Home/jre/lib/libzip.dylib
0x0000000121bc1000 	/System/Library/Frameworks/JavaVM.framework/Frameworks/JavaRuntimeSupport.framework/JavaRuntimeSupport
0x0000000121bdb000 	/System/Library/Frameworks/JavaVM.framework/Versions/A/Frameworks/JavaNativeFoundation.framework/Versions/A/JavaNativeFoundation
0x0000000121bf0000 	/System/Library/Frameworks/JavaVM.framework/Versions/A/JavaVM
0x00000000166f9000 	/System/Library/Frameworks/Carbon.framework/Versions/A/Carbon
0x0000000121bfd000 	/System/Library/PrivateFrameworks/JavaLaunching.framework/Versions/A/JavaLaunching
0x00000000166f9000 	/System/Library/Frameworks/Carbon.framework/Versions/A/Frameworks/CommonPanels.framework/Versions/A/CommonPanels
0x00000000166f9000 	/System/Library/Frameworks/Carbon.framework/Versions/A/Frameworks/Help.framework/Versions/A/Help
0x00000000166f9000 	/System/Library/Frameworks/Carbon.framework/Versions/A/Frameworks/ImageCapture.framework/Versions/A/ImageCapture
0x00000000166f9000 	/System/Library/Frameworks/Carbon.framework/Versions/A/Frameworks/OpenScripting.framework/Versions/A/OpenScripting
0x00000000166f9000 	/System/Library/Frameworks/Carbon.framework/Versions/A/Frameworks/Print.framework/Versions/A/Print
0x00000000166f9000 	/System/Library/Frameworks/Carbon.framework/Versions/A/Frameworks/SecurityHI.framework/Versions/A/SecurityHI
0x000000012355d000 	/Library/Java/JavaVirtualMachines/jdk1.8.0_101.jdk/Contents/Home/jre/lib/libawt.dylib
0x0000000123605000 	/Library/Java/JavaVirtualMachines/jdk1.8.0_101.jdk/Contents/Home/jre/lib/./libmlib_image.dylib
0x00000001236d1000 	/Library/Java/JavaVirtualMachines/jdk1.8.0_101.jdk/Contents/Home/jre/lib/libawt_lwawt.dylib
0x0000000123786000 	/Library/Java/JavaVirtualMachines/jdk1.8.0_101.jdk/Contents/Home/jre/lib/./libosxapp.dylib
0x00000000166f9000 	/System/Library/Frameworks/ExceptionHandling.framework/Versions/A/ExceptionHandling
0x00000000166f9000 	/System/Library/PrivateFrameworks/CoreServicesInternal.framework/Versions/A/CoreServicesInternal
0x00000000166f9000 	/System/Library/CoreServices/RawCamera.bundle/Contents/MacOS/RawCamera
0x00000000166f9000 	/System/Library/Frameworks/Accelerate.framework/Versions/A/Frameworks/vImage.framework/Versions/A/Libraries/libCGInterfaces.dylib
0x00000000166f9000 	/System/Library/Frameworks/ApplicationServices.framework/Versions/A/Frameworks/ATS.framework/Versions/A/Resources/libTrueTypeScaler.dylib
0x00000000166f9000 	/System/Library/Frameworks/OpenGL.framework/Versions/A/Resources/GLEngine.bundle/GLEngine
0x00000000166f9000 	/System/Library/Frameworks/OpenGL.framework/Versions/A/Libraries/libGLProgrammability.dylib
0x00000001250c4000 	/System/Library/Extensions/AppleIntelBDWGraphicsGLDriver.bundle/Contents/MacOS/AppleIntelBDWGraphicsGLDriver
0x00000000166f9000 	/System/Library/PrivateFrameworks/GPUSupport.framework/Versions/A/Libraries/libGPUSupportMercury.dylib
0x00000000166f9000 	/System/Library/Frameworks/OpenGL.framework/Versions/A/Resources/GLRendererFloat.bundle/GLRendererFloat
0x00000000166f9000 	/System/Library/Frameworks/OpenCL.framework/Versions/A/Libraries/libcldcpuengine.dylib
0x00000000166f9000 	/usr/lib/libcrypto.0.9.8.dylib
0x00000000166f9000 	/System/Library/PrivateFrameworks/TrustEvaluationAgent.framework/Versions/A/TrustEvaluationAgent
0x000000012583e000 	/System/Library/Extensions/AppleIntelBDWGraphicsMTLDriver.bundle/Contents/MacOS/AppleIntelBDWGraphicsMTLDriver
0x00000000166f9000 	/System/Library/PrivateFrameworks/FamilyControls.framework/Versions/A/FamilyControls
0x00000000166f9000 	/System/Library/PrivateFrameworks/CommerceKit.framework/Versions/A/Frameworks/CommerceCore.framework/Versions/A/CommerceCore
0x00000000166f9000 	/System/Library/PrivateFrameworks/SystemAdministration.framework/Versions/A/SystemAdministration
0x00000000166f9000 	/System/Library/PrivateFrameworks/AppContainer.framework/Versions/A/AppContainer
0x00000000166f9000 	/System/Library/PrivateFrameworks/SecCodeWrapper.framework/Versions/A/SecCodeWrapper
0x00000000166f9000 	/System/Library/Frameworks/DirectoryService.framework/Versions/A/DirectoryService
0x00000000166f9000 	/System/Library/PrivateFrameworks/DiskImages.framework/Versions/A/DiskImages
0x00000000166f9000 	/System/Library/PrivateFrameworks/LoginUIKit.framework/Versions/A/Frameworks/LoginUICore.framework/Versions/A/LoginUICore
0x00000000166f9000 	/usr/lib/libCoreStorage.dylib
0x00000000166f9000 	/usr/lib/libcsfde.dylib
0x00000000166f9000 	/usr/lib/libodfde.dylib
0x00000000166f9000 	/System/Library/Frameworks/DiscRecording.framework/Versions/A/DiscRecording
0x00000000166f9000 	/usr/lib/libcurl.4.dylib
0x00000000166f9000 	/System/Library/PrivateFrameworks/MediaKit.framework/Versions/A/MediaKit
0x00000000166f9000 	/System/Library/PrivateFrameworks/ProtectedCloudStorage.framework/Versions/A/ProtectedCloudStorage
0x00000000166f9000 	/System/Library/PrivateFrameworks/EFILogin.framework/Versions/A/EFILogin
0x00000000166f9000 	/usr/lib/libutil.dylib
0x00000000166f9000 	/System/Library/Frameworks/LDAP.framework/Versions/A/LDAP
0x00000000166f9000 	/usr/lib/libsasl2.2.dylib
0x00000000166f9000 	/System/Library/PrivateFrameworks/CoreDaemon.framework/Versions/B/CoreDaemon
0x00000000166f9000 	/System/Library/PrivateFrameworks/AppleSRP.framework/Versions/A/AppleSRP
0x00000000166f9000 	/System/Library/PrivateFrameworks/APFS.framework/Versions/A/APFS
0x0000000127444000 	/Library/Java/JavaVirtualMachines/jdk1.8.0_101.jdk/Contents/Home/jre/lib/libfontmanager.dylib
0x000000012db99000 	/Library/Java/JavaVirtualMachines/jdk1.8.0_101.jdk/Contents/Home/jre/lib/libosxui.dylib
0x00000000166f9000 	/System/Library/PrivateFrameworks/ViewBridge.framework/Versions/A/ViewBridge
0x00000000166f9000 	/System/Library/PrivateFrameworks/XPCService.framework/Versions/A/XPCService
0x00000000166f9000 	/System/Library/PrivateFrameworks/AppSandbox.framework/Versions/A/AppSandbox
0x00000000166f9000 	/usr/lib/libsandbox.1.dylib
0x00000000166f9000 	/usr/lib/libMatch.1.dylib
0x000000012e8ec000 	/Library/Java/JavaVirtualMachines/jdk1.8.0_101.jdk/Contents/Home/jre/lib/libnet.dylib
0x000000012e691000 	/Library/Java/JavaVirtualMachines/jdk1.8.0_101.jdk/Contents/Home/jre/lib/libnio.dylib
0x00000001284cd000 	/private/var/folders/q4/85d40lgj5sb4bdsw5z53b8cr0000gn/T/jogamp_0000/file_cache/jln3608096975735914085/jln7804508116246810579/libgluegen-rt.jnilib
0x00000001284d1000 	/private/var/folders/q4/85d40lgj5sb4bdsw5z53b8cr0000gn/T/jogamp_0000/file_cache/jln3608096975735914085/jln7804508116246810579/libnativewindow_awt.jnilib
0x000000012e66c000 	/Library/Java/JavaVirtualMachines/jdk1.8.0_101.jdk/Contents/Home/jre/lib/libjawt.dylib
0x000000015503c000 	/private/var/folders/q4/85d40lgj5sb4bdsw5z53b8cr0000gn/T/jogamp_0000/file_cache/jln3608096975735914085/jln7804508116246810579/libnativewindow_macosx.jnilib
0x000000015697e000 	/private/var/folders/q4/85d40lgj5sb4bdsw5z53b8cr0000gn/T/jogamp_0000/file_cache/jln3608096975735914085/jln7804508116246810579/libjogl_desktop.jnilib
0x00000001550f1000 	/Library/Java/JavaVirtualMachines/jdk1.8.0_101.jdk/Contents/Home/jre/lib/libt2k.dylib

VM Arguments:
jvm_args: -Djava.security.policy=java.policy.applet -Dfile.encoding=UTF-8 
java_command: sun.applet.AppletViewer Visualization.NYCMap1481770109680.html
java_class_path (initial): /Users/gbzlivint/Documents/workspace/VisualizionUnfoldingMap/bin:/Users/gbzlivint/Documents/workspace/VisualizionUnfoldingMap/lib/core.jar:/Users/gbzlivint/Documents/workspace/VisualizionUnfoldingMap/lib/gluegen-rt-natives-linux-amd64.jar:/Users/gbzlivint/Documents/workspace/VisualizionUnfoldingMap/lib/gluegen-rt-natives-linux-armv6hf.jar:/Users/gbzlivint/Documents/workspace/VisualizionUnfoldingMap/lib/gluegen-rt-natives-linux-i586.jar:/Users/gbzlivint/Documents/workspace/VisualizionUnfoldingMap/lib/gluegen-rt-natives-macosx-universal.jar:/Users/gbzlivint/Documents/workspace/VisualizionUnfoldingMap/lib/gluegen-rt-natives-windows-amd64.jar:/Users/gbzlivint/Documents/workspace/VisualizionUnfoldingMap/lib/gluegen-rt-natives-windows-i586.jar:/Users/gbzlivint/Documents/workspace/VisualizionUnfoldingMap/lib/gluegen-rt.jar:/Users/gbzlivint/Documents/workspace/VisualizionUnfoldingMap/lib/jogl-all-natives-linux-amd64.jar:/Users/gbzlivint/Documents/workspace/VisualizionUnfoldingMap/lib/jogl-all-natives-linux-armv6hf.jar:/Users/gbzlivint/Documents/workspace/VisualizionUnfoldingMap/lib/jogl-all-natives-linux-i586.jar:/Users/gbzlivint/Documents/workspace/VisualizionUnfoldingMap/lib/jogl-all-natives-macosx-universal.jar:/Users/gbzlivint/Documents/workspace/VisualizionUnfoldingMap/lib/jogl-all-natives-windows-amd64.jar:/Users/gbzlivint/Documents/workspace/VisualizionUnfoldingMap/lib/jogl-all-natives-windows-i586.jar:/Users/gbzlivint/Documents/workspace/VisualizionUnfoldingMap/lib/jogl-all.jar:/Users/gbzlivint/Documents/workspace/VisualizionUnfoldingMap/lib/json4processing.jar:/Users/gbzlivint/Documents/workspace/VisualizionUnfoldingMap/lib/libTUIO.jar:/Users/gbzlivint/Documents/workspace/VisualizionUnfoldingMap/lib/log4j-1.2.15.jar:/Users/gbzlivint/Documents/workspace/VisualizionUnfoldingMap/lib/sqlite-jdbc-3.7.2.jar:/Users/gbzlivint/Documents/workspace/VisualizionUnfoldingMap/lib/unfolding.0.9.7-uscd.jar
Launcher Type: SUN_STANDARD

Environment Variables:
PATH=/usr/bin:/bin:/usr/sbin:/sbin
SHELL=/bin/bash

Signal Handlers:
SIGSEGV: [libjvm.dylib+0x5af145], sa_mask[0]=11111111011111110111111111111111, sa_flags=SA_ONSTACK|SA_RESTART|SA_SIGINFO
SIGBUS: [libjvm.dylib+0x5af145], sa_mask[0]=11111111011111110111111111111111, sa_flags=SA_RESTART|SA_SIGINFO
SIGFPE: [libjvm.dylib+0x48694c], sa_mask[0]=11111111011111110111111111111111, sa_flags=SA_RESTART|SA_SIGINFO
SIGPIPE: [libjvm.dylib+0x48694c], sa_mask[0]=11111111011111110111111111111111, sa_flags=SA_RESTART|SA_SIGINFO
SIGXFSZ: [libjvm.dylib+0x48694c], sa_mask[0]=11111111011111110111111111111111, sa_flags=SA_RESTART|SA_SIGINFO
SIGILL: [libjvm.dylib+0x48694c], sa_mask[0]=11111111011111110111111111111111, sa_flags=SA_RESTART|SA_SIGINFO
SIGUSR1: SIG_DFL, sa_mask[0]=00000000000000000000000000000000, sa_flags=none
SIGUSR2: [libjvm.dylib+0x48646a], sa_mask[0]=00100000000000000000000000000000, sa_flags=SA_RESTART|SA_SIGINFO
SIGHUP: [libjvm.dylib+0x484a41], sa_mask[0]=11111111011111110111111111111111, sa_flags=SA_RESTART|SA_SIGINFO
SIGINT: [libjvm.dylib+0x484a41], sa_mask[0]=11111111011111110111111111111111, sa_flags=SA_RESTART|SA_SIGINFO
SIGTERM: [libjvm.dylib+0x484a41], sa_mask[0]=11111111011111110111111111111111, sa_flags=SA_RESTART|SA_SIGINFO
SIGQUIT: [libjvm.dylib+0x484a41], sa_mask[0]=11111111011111110111111111111111, sa_flags=SA_RESTART|SA_SIGINFO


---------------  S Y S T E M  ---------------

OS:Bsduname:Darwin 16.0.0 Darwin Kernel Version 16.0.0: Mon Aug 29 17:56:20 PDT 2016; root:xnu-3789.1.32~3/RELEASE_X86_64 x86_64
rlimit: STACK 8192k, CORE 0k, NPROC 709, NOFILE 10240, AS infinity
load average:4.16 3.95 3.88

CPU:total 4 (2 cores per cpu, 2 threads per core) family 6 model 61 stepping 4, cmov, cx8, fxsr, mmx, sse, sse2, sse3, ssse3, sse4.1, sse4.2, popcnt, avx, avx2, aes, clmul, erms, 3dnowpref, lzcnt, ht, tsc, tscinvbit, bmi1, bmi2, adx

Memory: 4k page, physical 8388608k(430416k free)

/proc/meminfo:


vm_info: Java HotSpot(TM) 64-Bit Server VM (25.101-b13) for bsd-amd64 JRE (1.8.0_101-b13), built on Jun 22 2016 02:42:15 by "java_re" with gcc 4.2.1 (Based on Apple Inc. build 5658) (LLVM build 2336.11.00)

time: Wed Dec 14 23:58:52 2016
elapsed time: 7821 seconds (0d 2h 10m 21s)

