#
# A fatal error has been detected by the Java Runtime Environment:
#
#  SIGSEGV (0xb) at pc=0x00007fffa004af6d, pid=7907, tid=0x000000000000080b
#
# JRE version: Java(TM) SE Runtime Environment (8.0_101-b13) (build 1.8.0_101-b13)
# Java VM: Java HotSpot(TM) 64-Bit Server VM (25.101-b13 mixed mode bsd-amd64 compressed oops)
# Problematic frame:
# C  [libobjc.A.dylib+0x7f6d]  _class_initialize+0x27
#
# Failed to write core dump. Core dumps have been disabled. To enable core dumping, try "ulimit -c unlimited" before starting Java again
#
# If you would like to submit a bug report, please visit:
#   http://bugreport.java.com/bugreport/crash.jsp
# The crash happened outside the Java Virtual Machine in native code.
# See problematic frame for where to report the bug.
#

---------------  T H R E A D  ---------------

Current thread (0x00007f84c48e2000):  JavaThread "AWT-AppKit" daemon [_thread_in_native, id=2059, stack(0x00007fff51ff7000,0x00007fff527f7000)]

siginfo: si_signo: 11 (SIGSEGV), si_code: 1 (SEGV_MAPERR), si_addr: 0x00000000000007e8

Registers:
RAX=0x00007fffa6050dc0, RBX=0x00007fffa6050dc0, RCX=0x0000000000000000, RDX=0x0000000000000000
RSP=0x00007fff527f1dc0, RBP=0x00007fff527f1e10, RSI=0x00007fffa94c12e8, RDI=0x00007fffa6050dc0
R8 =0x0000000000dfea00, R9 =0x0000000000000000, R10=0x00dfea0100dfea83, R11=0x0000000000dfea00
R12=0x00007ffffffffff8, R13=0x000000015939b4f0, R14=0x00000000000007c8, R15=0x00007fffa6050dc0
RIP=0x00007fffa004af6d, EFLAGS=0x0000000000010202, ERR=0x0000000000000004
  TRAPNO=0x000000000000000e

Top of Stack: (sp=0x00007fff527f1dc0)
0x00007fff527f1dc0:   00007fffa613ffe0 00007f84c8072620
0x00007fff527f1dd0:   00007fff527f1e10 00007fffa004af1a
0x00007fff527f1de0:   0000000000001400 00007fffa6050dc0
0x00007fff527f1df0:   00007fff8a0d81c3 000000015939b4f0
0x00007fff527f1e00:   0000000000000001 00007ffffffffff8
0x00007fff527f1e10:   00007fff527f1e70 00007fffa004ab4a
0x00007fff527f1e20:   0000000000000003 000000015939b4f0
0x00007fff527f1e30:   00000001265c4000 00007f84c8072620
0x00007fff527f1e40:   00000001527fffff 0000000157a7b450
0x00007fff527f1e50:   0000000000000000 000000015939b4f0
0x00007fff527f1e60:   0000000157a7b440 00007f84c48e2000
0x00007fff527f1e70:   00007fff527f1f40 00007fffa004a5d4
0x00007fff527f1e80:   00007f84c5200650 0000000000000018
0x00007fff527f1e90:   00007f84c5200630 0000000000000000
0x00007fff527f1ea0:   00007fff8a0d81c3 00007f84c8072620
0x00007fff527f1eb0:   00007f84c8259fb0 00007fff527f1f3f
0x00007fff527f1ec0:   0000000000000000 0000000000000000
0x00007fff527f1ed0:   ffffffffffffffff 00000000000000ff
0x00007fff527f1ee0:   0000000000000000 0000000000000000
0x00007fff527f1ef0:   6f63616d5f747761 534f63614d5f7873
0x00007fff527f1f00:   534f63614d5f7873 6e69575457414a58
0x00007fff527f1f10:   0000000043c80000 0000000000000000
0x00007fff527f1f20:   00000061439f8000 0000000000000000
0x00007fff527f1f30:   0000000044480000 0000000000000000
0x00007fff527f1f40:   00007fff527f2000 0000000157a79157
0x00007fff527f1f50:   00007fff527f1fa0 0000000000000003
0x00007fff527f1f60:   00007fff527f1f80 000000010dff28e6
0x00007fff527f1f70:   000000015939b4f0 000000015939b4f0
0x00007fff527f1f80:   00007f84c8259fb0 0000000157a7b6a0
0x00007fff527f1f90:   0000000157a7b710 00007fffa600f6d0
0x00007fff527f1fa0:   00007fffa6c73f90 0000000157a7b450
0x00007fff527f1fb0:   0000000157a7b690 00007f84c8259fb0 

Instructions: (pc=0x00007fffa004af6d)
0x00007fffa004af4d:   56 41 55 41 54 53 48 83 ec 28 49 89 ff 49 bc f8
0x00007fffa004af5d:   ff ff ff ff 7f 00 00 4d 8b 77 08 4d 85 f6 74 2e
0x00007fffa004af6d:   49 8b 46 20 48 89 c1 4c 21 e1 48 8b 49 08 f6 01
0x00007fffa004af7d:   01 75 0a 49 8b 06 4c 21 e0 48 8b 40 20 4c 21 e0 

Register to memory mapping:

RAX=0x00007fffa6050dc0: __block_literal_global.67+0x42a0 in /System/Library/Frameworks/CoreFoundation.framework/Versions/A/CoreFoundation at 0x00007fff8b86e000
RBX=0x00007fffa6050dc0: __block_literal_global.67+0x42a0 in /System/Library/Frameworks/CoreFoundation.framework/Versions/A/CoreFoundation at 0x00007fff8b86e000
RCX=0x0000000000000000 is an unknown value
RDX=0x0000000000000000 is an unknown value
RSP=0x00007fff527f1dc0 is pointing into the stack for thread: 0x00007f84c48e2000
RBP=0x00007fff527f1e10 is pointing into the stack for thread: 0x00007f84c48e2000
RSI=0x00007fffa94c12e8: runtimeLock+0x18 in /usr/lib/libobjc.A.dylib at 0x00007fffa0043000
RDI=0x00007fffa6050dc0: __block_literal_global.67+0x42a0 in /System/Library/Frameworks/CoreFoundation.framework/Versions/A/CoreFoundation at 0x00007fff8b86e000
R8 =0x0000000000dfea00 is an unknown value
R9 =0x0000000000000000 is an unknown value
R10=0x00dfea0100dfea83 is an unknown value
R11=0x0000000000dfea00 is an unknown value
R12=0x00007ffffffffff8 is an unknown value
R13={method} {0x000000015939b4f0} 'UnsetJAWTRootSurfaceLayer0' '(JJ)V' in 'jogamp/nativewindow/jawt/macosx/MacOSXJAWTWindow'
R14=0x00000000000007c8 is an unknown value
R15=0x00007fffa6050dc0: __block_literal_global.67+0x42a0 in /System/Library/Frameworks/CoreFoundation.framework/Versions/A/CoreFoundation at 0x00007fff8b86e000


Stack: [0x00007fff51ff7000,0x00007fff527f7000],  sp=0x00007fff527f1dc0,  free space=8171k
Native frames: (J=compiled Java code, j=interpreted, Vv=VM code, C=native code)
C  [libobjc.A.dylib+0x7f6d]  _class_initialize+0x27
C  [libobjc.A.dylib+0x7b4a]  lookUpImpOrForward+0xb3
C  [libobjc.A.dylib+0x75d4]  _objc_msgSend_uncached+0x44
C  [libnativewindow_macosx.jnilib+0x5157]  Java_jogamp_nativewindow_jawt_macosx_MacOSXJAWTWindow_UnsetJAWTRootSurfaceLayer0+0xe7
j  jogamp.nativewindow.jawt.macosx.MacOSXJAWTWindow.UnsetJAWTRootSurfaceLayer0(JJ)V+0
j  jogamp.nativewindow.jawt.macosx.MacOSXJAWTWindow.access$200(JJ)V+2
j  jogamp.nativewindow.jawt.macosx.MacOSXJAWTWindow$1.run()V+38
J 1898 C1 com.jogamp.common.util.RunnableTask.run()V (345 bytes) @ 0x000000010f4b3ca4 [0x000000010f4b3b00+0x1a4]
v  ~StubRoutines::call_stub
V  [libjvm.dylib+0x2ecf06]
V  [libjvm.dylib+0x324111]
V  [libjvm.dylib+0x3168df]
C  [libnativewindow_macosx.jnilib+0x5326]  Java_jogamp_nativewindow_jawt_macosx_MacOSXJAWTWindow_UnsetJAWTRootSurfaceLayer0+0x2b6
C  [Foundation+0x71f2a]  __NSThreadPerformPerform+0x146
C  [CoreFoundation+0xa7551]  __CFRUNLOOP_IS_CALLING_OUT_TO_A_SOURCE0_PERFORM_FUNCTION__+0x11
C  [CoreFoundation+0x88637]  __CFRunLoopDoSources0+0x1a7
C  [CoreFoundation+0x87bb6]  __CFRunLoopRun+0x3a6
C  [CoreFoundation+0x875b4]  CFRunLoopRunSpecific+0x1a4
C  [HIToolbox+0x30f6c]  RunCurrentEventLoopInMode+0xf0
C  [HIToolbox+0x30ca9]  ReceiveNextEventCommon+0xb8
C  [HIToolbox+0x30bd6]  _BlockUntilNextEventMatchingListInModeWithFilter+0x47
C  [AppKit+0x475f5]  _DPSNextEvent+0x445
C  [AppKit+0x7578eb]  -[NSApplication(NSEvent) _nextEventMatchingEventMask:untilDate:inMode:dequeue:]+0x665
C  [libosxapp.dylib+0x23aa]  -[NSApplicationAWT nextEventMatchingMask:untilDate:inMode:dequeue:]+0x7c
C  [AppKit+0x3bfbd]  -[NSApplication run]+0x39e
C  [libosxapp.dylib+0x214d]  +[NSApplicationAWT runAWTLoopWithApp:]+0x9c
C  [libawt_lwawt.dylib+0x444b3]  -[AWTStarter starter:]+0x389
C  [Foundation+0x71f2a]  __NSThreadPerformPerform+0x146
C  [CoreFoundation+0xa7551]  __CFRUNLOOP_IS_CALLING_OUT_TO_A_SOURCE0_PERFORM_FUNCTION__+0x11
C  [CoreFoundation+0x886bd]  __CFRunLoopDoSources0+0x22d
C  [CoreFoundation+0x87bb6]  __CFRunLoopRun+0x3a6
C  [CoreFoundation+0x875b4]  CFRunLoopRunSpecific+0x1a4
C  [java+0x6465]  CreateExecutionEnvironment+0x367
C  [java+0x218c]  JLI_Launch+0x7a0
C  [java+0x84c2]  main+0x65
C  [java+0x19e4]  start+0x34
C  0x0000000000000007

Java frames: (J=compiled Java code, j=interpreted, Vv=VM code)
j  jogamp.nativewindow.jawt.macosx.MacOSXJAWTWindow.UnsetJAWTRootSurfaceLayer0(JJ)V+0
j  jogamp.nativewindow.jawt.macosx.MacOSXJAWTWindow.access$200(JJ)V+2
j  jogamp.nativewindow.jawt.macosx.MacOSXJAWTWindow$1.run()V+38
J 1898 C1 com.jogamp.common.util.RunnableTask.run()V (345 bytes) @ 0x000000010f4b3ca4 [0x000000010f4b3b00+0x1a4]
v  ~StubRoutines::call_stub

---------------  P R O C E S S  ---------------

Java Threads: ( => current thread )
  0x00007f84c43b8800 JavaThread "Thread-38" [_thread_blocked, id=14987, stack(0x0000700002eed000,0x0000700002fed000)]
  0x00007f84c316c000 JavaThread "AWT-EventQueue-1" [_thread_in_native, id=63003, stack(0x000070000463b000,0x000070000473b000)]
  0x00007f84c4ab3000 JavaThread "DestroyJavaVM" [_thread_blocked, id=6915, stack(0x0000700002ff3000,0x00007000030f3000)]
  0x00007f84c49b0800 JavaThread "AWT-EventQueue-0" [_thread_blocked, id=59411, stack(0x0000700004435000,0x0000700004535000)]
  0x00007f84c4941800 JavaThread "Java2D Disposer" daemon [_thread_blocked, id=56079, stack(0x00007000041ac000,0x00007000042ac000)]
  0x00007f84c30b1000 JavaThread "Java2D Queue Flusher" daemon [_thread_blocked, id=46899, stack(0x00007000040a9000,0x00007000041a9000)]
  0x00007f84c3a48800 JavaThread "AWT-Shutdown" [_thread_blocked, id=29471, stack(0x0000700003ea0000,0x0000700003fa0000)]
=>0x00007f84c48e2000 JavaThread "AWT-AppKit" daemon [_thread_in_native, id=2059, stack(0x00007fff51ff7000,0x00007fff527f7000)]
  0x00007f84c405b800 JavaThread "Service Thread" daemon [_thread_blocked, id=18691, stack(0x0000700003c17000,0x0000700003d17000)]
  0x00007f84c4058800 JavaThread "C1 CompilerThread2" daemon [_thread_blocked, id=18179, stack(0x0000700003b14000,0x0000700003c14000)]
  0x00007f84c3842000 JavaThread "C2 CompilerThread1" daemon [_thread_blocked, id=17667, stack(0x0000700003a11000,0x0000700003b11000)]
  0x00007f84c3841800 JavaThread "C2 CompilerThread0" daemon [_thread_blocked, id=17155, stack(0x000070000390e000,0x0000700003a0e000)]
  0x00007f84c3835800 JavaThread "Signal Dispatcher" daemon [_thread_blocked, id=16643, stack(0x000070000380b000,0x000070000390b000)]
  0x00007f84c4040800 JavaThread "Finalizer" daemon [_thread_blocked, id=12547, stack(0x0000700003708000,0x0000700003808000)]
  0x00007f84c4004000 JavaThread "Reference Handler" daemon [_thread_blocked, id=12035, stack(0x0000700003605000,0x0000700003705000)]

Other Threads:
  0x00007f84c3828800 VMThread [stack: 0x0000700003502000,0x0000700003602000] [id=11523]
  0x00007f84c4041000 WatcherThread [stack: 0x0000700003d1a000,0x0000700003e1a000] [id=19203]

VM state:not at safepoint (normal execution)

VM Mutex/Monitor currently owned by a thread: None

Heap:
 PSYoungGen      total 137216K, used 65240K [0x0000000795580000, 0x00000007a7280000, 0x00000007c0000000)
  eden space 128000K, 43% used [0x0000000795580000,0x0000000798c78038,0x000000079d280000)
  from space 9216K, 97% used [0x00000007a6980000,0x00000007a723dff8,0x00000007a7280000)
  to   space 15872K, 0% used [0x00000007a5380000,0x00000007a5380000,0x00000007a6300000)
 ParOldGen       total 87552K, used 23161K [0x0000000740000000, 0x0000000745580000, 0x0000000795580000)
  object space 87552K, 26% used [0x0000000740000000,0x000000074169e4a0,0x0000000745580000)
 Metaspace       used 19737K, capacity 19943K, committed 20224K, reserved 1067008K
  class space    used 1920K, capacity 2014K, committed 2048K, reserved 1048576K

Card table byte_map: [0x000000011e46f000,0x000000011e870000] byte_map_base: 0x000000011aa6f000

Marking Bits: (ParMarkBitMap*) 0x000000010e6edd20
 Begin Bits: [0x000000011eb1b000, 0x0000000120b1b000)
 End Bits:   [0x0000000120b1b000, 0x0000000122b1b000)

Polling page: 0x000000010d4dd000

CodeCache: size=245760Kb used=8215Kb max_used=8215Kb free=237544Kb
 bounds [0x000000010f0af000, 0x000000010f8bf000, 0x000000011e0af000]
 total_blobs=3358 nmethods=2480 adapters=791
 compilation: enabled

Compilation events (10 events):
Event: 34.803 Thread 0x00007f84c4058800 2804   !   3       sun.lwawt.LWComponentPeer::isShowing (49 bytes)
Event: 34.805 Thread 0x00007f84c4058800 nmethod 2804 0x000000010f8b7e50 code [0x000000010f8b8000, 0x000000010f8b8908]
Event: 34.805 Thread 0x00007f84c4058800 2805       3       java.lang.Integer::equals (29 bytes)
Event: 34.805 Thread 0x00007f84c4058800 nmethod 2805 0x000000010f8bd4d0 code [0x000000010f8bd640, 0x000000010f8bdab0]
Event: 34.805 Thread 0x00007f84c4058800 2806       1       java.awt.Component::isEnabledImpl (5 bytes)
Event: 34.805 Thread 0x00007f84c4058800 nmethod 2806 0x000000010f8b7b90 code [0x000000010f8b7ce0, 0x000000010f8b7df0]
Event: 34.820 Thread 0x00007f84c4058800 2807       3       java.lang.Integer::valueOf (32 bytes)
Event: 34.820 Thread 0x00007f84c4058800 nmethod 2807 0x000000010f8bdb90 code [0x000000010f8bdd20, 0x000000010f8be070]
Event: 34.820 Thread 0x00007f84c4058800 2808       1       sun.java2d.SurfaceData::isValid (5 bytes)
Event: 34.820 Thread 0x00007f84c4058800 nmethod 2808 0x000000010f8b78d0 code [0x000000010f8b7a20, 0x000000010f8b7b30]

GC Heap History (10 events):
Event: 6.008 GC heap before
{Heap before GC invocations=4 (full 0):
 PSYoungGen      total 38400K, used 38374K [0x0000000795580000, 0x000000079a080000, 0x00000007c0000000)
  eden space 33280K, 100% used [0x0000000795580000,0x0000000797600000,0x0000000797600000)
  from space 5120K, 99% used [0x0000000797600000,0x0000000797af9b68,0x0000000797b00000)
  to   space 5120K, 0% used [0x0000000799b80000,0x0000000799b80000,0x000000079a080000)
 ParOldGen       total 87552K, used 7618K [0x0000000740000000, 0x0000000745580000, 0x0000000795580000)
  object space 87552K, 8% used [0x0000000740000000,0x0000000740770a50,0x0000000745580000)
 Metaspace       used 17526K, capacity 17719K, committed 18048K, reserved 1064960K
  class space    used 1775K, capacity 1852K, committed 1920K, reserved 1048576K
Event: 6.029 GC heap after
Heap after GC invocations=4 (full 0):
 PSYoungGen      total 71680K, used 5103K [0x0000000795580000, 0x000000079a080000, 0x00000007c0000000)
  eden space 66560K, 0% used [0x0000000795580000,0x0000000795580000,0x0000000799680000)
  from space 5120K, 99% used [0x0000000799b80000,0x000000079a07bd00,0x000000079a080000)
  to   space 5120K, 0% used [0x0000000799680000,0x0000000799680000,0x0000000799b80000)
 ParOldGen       total 87552K, used 9530K [0x0000000740000000, 0x0000000745580000, 0x0000000795580000)
  object space 87552K, 10% used [0x0000000740000000,0x000000074094ea50,0x0000000745580000)
 Metaspace       used 17526K, capacity 17719K, committed 18048K, reserved 1064960K
  class space    used 1775K, capacity 1852K, committed 1920K, reserved 1048576K
}
Event: 7.852 GC heap before
{Heap before GC invocations=5 (full 0):
 PSYoungGen      total 71680K, used 71663K [0x0000000795580000, 0x000000079a080000, 0x00000007c0000000)
  eden space 66560K, 100% used [0x0000000795580000,0x0000000799680000,0x0000000799680000)
  from space 5120K, 99% used [0x0000000799b80000,0x000000079a07bd00,0x000000079a080000)
  to   space 5120K, 0% used [0x0000000799680000,0x0000000799680000,0x0000000799b80000)
 ParOldGen       total 87552K, used 9530K [0x0000000740000000, 0x0000000745580000, 0x0000000795580000)
  object space 87552K, 10% used [0x0000000740000000,0x000000074094ea50,0x0000000745580000)
 Metaspace       used 18580K, capacity 18845K, committed 19200K, reserved 1067008K
  class space    used 1868K, capacity 1949K, committed 2048K, reserved 1048576K
Event: 7.872 GC heap after
Heap after GC invocations=5 (full 0):
 PSYoungGen      total 71680K, used 5111K [0x0000000795580000, 0x000000079f980000, 0x00000007c0000000)
  eden space 66560K, 0% used [0x0000000795580000,0x0000000795580000,0x0000000799680000)
  from space 5120K, 99% used [0x0000000799680000,0x0000000799b7dec8,0x0000000799b80000)
  to   space 17408K, 0% used [0x000000079e880000,0x000000079e880000,0x000000079f980000)
 ParOldGen       total 87552K, used 21101K [0x0000000740000000, 0x0000000745580000, 0x0000000795580000)
  object space 87552K, 24% used [0x0000000740000000,0x000000074149b750,0x0000000745580000)
 Metaspace       used 18580K, capacity 18845K, committed 19200K, reserved 1067008K
  class space    used 1868K, capacity 1949K, committed 2048K, reserved 1048576K
}
Event: 11.146 GC heap before
{Heap before GC invocations=6 (full 0):
 PSYoungGen      total 71680K, used 71671K [0x0000000795580000, 0x000000079f980000, 0x00000007c0000000)
  eden space 66560K, 100% used [0x0000000795580000,0x0000000799680000,0x0000000799680000)
  from space 5120K, 99% used [0x0000000799680000,0x0000000799b7dec8,0x0000000799b80000)
  to   space 17408K, 0% used [0x000000079e880000,0x000000079e880000,0x000000079f980000)
 ParOldGen       total 87552K, used 21101K [0x0000000740000000, 0x0000000745580000, 0x0000000795580000)
  object space 87552K, 24% used [0x0000000740000000,0x000000074149b750,0x0000000745580000)
 Metaspace       used 18788K, capacity 19037K, committed 19200K, reserved 1067008K
  class space    used 1872K, capacity 1949K, committed 2048K, reserved 1048576K
Event: 11.157 GC heap after
Heap after GC invocations=6 (full 0):
 PSYoungGen      total 150528K, used 11608K [0x0000000795580000, 0x000000079f980000, 0x00000007c0000000)
  eden space 133120K, 0% used [0x0000000795580000,0x0000000795580000,0x000000079d780000)
  from space 17408K, 66% used [0x000000079e880000,0x000000079f3d6178,0x000000079f980000)
  to   space 17408K, 0% used [0x000000079d780000,0x000000079d780000,0x000000079e880000)
 ParOldGen       total 87552K, used 21101K [0x0000000740000000, 0x0000000745580000, 0x0000000795580000)
  object space 87552K, 24% used [0x0000000740000000,0x000000074149b750,0x0000000745580000)
 Metaspace       used 18788K, capacity 19037K, committed 19200K, reserved 1067008K
  class space    used 1872K, capacity 1949K, committed 2048K, reserved 1048576K
}
Event: 22.202 GC heap before
{Heap before GC invocations=7 (full 0):
 PSYoungGen      total 150528K, used 144728K [0x0000000795580000, 0x000000079f980000, 0x00000007c0000000)
  eden space 133120K, 100% used [0x0000000795580000,0x000000079d780000,0x000000079d780000)
  from space 17408K, 66% used [0x000000079e880000,0x000000079f3d6178,0x000000079f980000)
  to   space 17408K, 0% used [0x000000079d780000,0x000000079d780000,0x000000079e880000)
 ParOldGen       total 87552K, used 21101K [0x0000000740000000, 0x0000000745580000, 0x0000000795580000)
  object space 87552K, 24% used [0x0000000740000000,0x000000074149b750,0x0000000745580000)
 Metaspace       used 19052K, capacity 19229K, committed 19456K, reserved 1067008K
  class space    used 1872K, capacity 1949K, committed 2048K, reserved 1048576K
Event: 22.217 GC heap after
Heap after GC invocations=7 (full 0):
 PSYoungGen      total 150528K, used 8535K [0x0000000795580000, 0x00000007a7980000, 0x00000007c0000000)
  eden space 133120K, 0% used [0x0000000795580000,0x0000000795580000,0x000000079d780000)
  from space 17408K, 49% used [0x000000079d780000,0x000000079dfd5ff8,0x000000079e880000)
  to   space 16384K, 0% used [0x00000007a6980000,0x00000007a6980000,0x00000007a7980000)
 ParOldGen       total 87552K, used 23097K [0x0000000740000000, 0x0000000745580000, 0x0000000795580000)
  object space 87552K, 26% used [0x0000000740000000,0x000000074168e4a0,0x0000000745580000)
 Metaspace       used 19052K, capacity 19229K, committed 19456K, reserved 1067008K
  class space    used 1872K, capacity 1949K, committed 2048K, reserved 1048576K
}
Event: 32.575 GC heap before
{Heap before GC invocations=8 (full 0):
 PSYoungGen      total 150528K, used 141655K [0x0000000795580000, 0x00000007a7980000, 0x00000007c0000000)
  eden space 133120K, 100% used [0x0000000795580000,0x000000079d780000,0x000000079d780000)
  from space 17408K, 49% used [0x000000079d780000,0x000000079dfd5ff8,0x000000079e880000)
  to   space 16384K, 0% used [0x00000007a6980000,0x00000007a6980000,0x00000007a7980000)
 ParOldGen       total 87552K, used 23097K [0x0000000740000000, 0x0000000745580000, 0x0000000795580000)
  object space 87552K, 26% used [0x0000000740000000,0x000000074168e4a0,0x0000000745580000)
 Metaspace       used 19638K, capacity 19879K, committed 19968K, reserved 1067008K
  class space    used 1912K, capacity 2014K, committed 2048K, reserved 1048576K
Event: 32.583 GC heap after
Heap after GC invocations=8 (full 0):
 PSYoungGen      total 137216K, used 8951K [0x0000000795580000, 0x00000007a7280000, 0x00000007c0000000)
  eden space 128000K, 0% used [0x0000000795580000,0x0000000795580000,0x000000079d280000)
  from space 9216K, 97% used [0x00000007a6980000,0x00000007a723dff8,0x00000007a7280000)
  to   space 15872K, 0% used [0x00000007a5380000,0x00000007a5380000,0x00000007a6300000)
 ParOldGen       total 87552K, used 23161K [0x0000000740000000, 0x0000000745580000, 0x0000000795580000)
  object space 87552K, 26% used [0x0000000740000000,0x000000074169e4a0,0x0000000745580000)
 Metaspace       used 19638K, capacity 19879K, committed 19968K, reserved 1067008K
  class space    used 1912K, capacity 2014K, committed 2048K, reserved 1048576K
}

Deoptimization events (10 events):
Event: 34.735 Thread 0x00007f84c316c000 Uncommon trap: reason=class_check action=maybe_recompile pc=0x000000010f520798 method=java.util.Arrays.copyOf([Ljava/lang/Object;ILjava/lang/Class;)[Ljava/lang/Object; @ 24
Event: 34.735 Thread 0x00007f84c316c000 Uncommon trap: reason=class_check action=maybe_recompile pc=0x000000010f520798 method=java.util.Arrays.copyOf([Ljava/lang/Object;ILjava/lang/Class;)[Ljava/lang/Object; @ 24
Event: 34.736 Thread 0x00007f84c316c000 Uncommon trap: reason=unstable_if action=reinterpret pc=0x000000010f696728 method=com.jogamp.common.util.VersionNumber.compareTo(Lcom/jogamp/common/util/VersionNumber;)I @ 21
Event: 34.739 Thread 0x00007f84c49b0800 Uncommon trap: reason=unstable_if action=reinterpret pc=0x000000010f8230c4 method=java.awt.font.FontRenderContext.equals(Ljava/awt/font/FontRenderContext;)Z @ 2
Event: 34.739 Thread 0x00007f84c49b0800 Uncommon trap: reason=unstable_if action=reinterpret pc=0x000000010f81c054 method=java.awt.Font.equals(Ljava/lang/Object;)Z @ 2
Event: 34.801 Thread 0x00007f84c4952800 Uncommon trap: reason=class_check action=maybe_recompile pc=0x000000010f60e158 method=java.util.HashMap.putVal(ILjava/lang/Object;Ljava/lang/Object;ZZ)Ljava/lang/Object; @ 91
Event: 34.801 Thread 0x00007f84c4952800 Uncommon trap: reason=class_check action=maybe_recompile pc=0x000000010f60e158 method=java.util.HashMap.putVal(ILjava/lang/Object;Ljava/lang/Object;ZZ)Ljava/lang/Object; @ 91
Event: 34.802 Thread 0x00007f84c4952800 Uncommon trap: reason=class_check action=maybe_recompile pc=0x000000010f60e158 method=java.util.HashMap.putVal(ILjava/lang/Object;Ljava/lang/Object;ZZ)Ljava/lang/Object; @ 91
Event: 34.802 Thread 0x00007f84c4952800 Uncommon trap: reason=class_check action=maybe_recompile pc=0x000000010f60e158 method=java.util.HashMap.putVal(ILjava/lang/Object;Ljava/lang/Object;ZZ)Ljava/lang/Object; @ 91
Event: 34.802 Thread 0x00007f84c4952800 Uncommon trap: reason=class_check action=maybe_recompile pc=0x000000010f529b58 method=java.util.HashMap.putVal(ILjava/lang/Object;Ljava/lang/Object;ZZ)Ljava/lang/Object; @ 91

Internal exceptions (10 events):
Event: 9.454 Thread 0x00007f84c4b6f000 Exception <a 'java/security/PrivilegedActionException'> (0x00000007975fca78) thrown at [/HUDSON3/workspace/8-2-build-macosx-x86_64/jdk8u101/7261/hotspot/src/share/vm/prims/jvm.cpp, line 1386]
Event: 9.612 Thread 0x00007f84c4b71000 Exception <a 'java/security/PrivilegedActionException'> (0x00000007977976a8) thrown at [/HUDSON3/workspace/8-2-build-macosx-x86_64/jdk8u101/7261/hotspot/src/share/vm/prims/jvm.cpp, line 1386]
Event: 9.620 Thread 0x00007f84c4cf6000 Exception <a 'java/security/PrivilegedActionException'> (0x0000000797974c10) thrown at [/HUDSON3/workspace/8-2-build-macosx-x86_64/jdk8u101/7261/hotspot/src/share/vm/prims/jvm.cpp, line 1386]
Event: 9.782 Thread 0x00007f84c4cf5800 Exception <a 'java/security/PrivilegedActionException'> (0x00000007979322d8) thrown at [/HUDSON3/workspace/8-2-build-macosx-x86_64/jdk8u101/7261/hotspot/src/share/vm/prims/jvm.cpp, line 1386]
Event: 9.871 Thread 0x00007f84c4b6f000 Exception <a 'java/security/PrivilegedActionException'> (0x0000000797e18080) thrown at [/HUDSON3/workspace/8-2-build-macosx-x86_64/jdk8u101/7261/hotspot/src/share/vm/prims/jvm.cpp, line 1386]
Event: 9.922 Thread 0x00007f84c4cf6000 Exception <a 'java/security/PrivilegedActionException'> (0x00000007980cd8c0) thrown at [/HUDSON3/workspace/8-2-build-macosx-x86_64/jdk8u101/7261/hotspot/src/share/vm/prims/jvm.cpp, line 1386]
Event: 10.009 Thread 0x00007f84c4146000 Exception <a 'java/security/PrivilegedActionException'> (0x000000079808af88) thrown at [/HUDSON3/workspace/8-2-build-macosx-x86_64/jdk8u101/7261/hotspot/src/share/vm/prims/jvm.cpp, line 1386]
Event: 10.359 Thread 0x00007f84c3c4e000 Exception <a 'java/security/PrivilegedActionException'> (0x00000007983c07e8) thrown at [/HUDSON3/workspace/8-2-build-macosx-x86_64/jdk8u101/7261/hotspot/src/share/vm/prims/jvm.cpp, line 1386]
Event: 10.359 Thread 0x00007f84c4cf6000 Exception <a 'java/security/PrivilegedActionException'> (0x00000007986f6048) thrown at [/HUDSON3/workspace/8-2-build-macosx-x86_64/jdk8u101/7261/hotspot/src/share/vm/prims/jvm.cpp, line 1386]
Event: 10.422 Thread 0x00007f84c4450800 Exception <a 'java/security/PrivilegedActionException'> (0x000000079855b418) thrown at [/HUDSON3/workspace/8-2-build-macosx-x86_64/jdk8u101/7261/hotspot/src/share/vm/prims/jvm.cpp, line 1386]

Events (10 events):
Event: 34.816 Executing VM operation: RevokeBias done
Event: 34.817 loading class java/awt/LightweightDispatcher$2
Event: 34.817 loading class java/awt/LightweightDispatcher$2 done
Event: 34.817 loading class java/awt/event/AWTEventListenerProxy
Event: 34.817 loading class java/awt/event/AWTEventListenerProxy done
Event: 34.817 loading class java/awt/Toolkit$ToolkitEventMulticaster
Event: 34.817 loading class java/awt/Toolkit$ToolkitEventMulticaster done
Event: 34.817 Thread 0x00007f84c4952800 Thread exited: 0x00007f84c4952800
Event: 34.818 loading class java/awt/Window$1DisposeAction
Event: 34.818 loading class java/awt/Window$1DisposeAction done


Dynamic libraries:
0x00000000166f9000 	/System/Library/Frameworks/Cocoa.framework/Versions/A/Cocoa
0x00000000166f9000 	/System/Library/Frameworks/Security.framework/Versions/A/Security
0x00000000166f9000 	/System/Library/Frameworks/ApplicationServices.framework/Versions/A/ApplicationServices
0x00000000166f9000 	/usr/lib/libz.1.dylib
0x00000000166f9000 	/usr/lib/libSystem.B.dylib
0x00000000166f9000 	/usr/lib/libobjc.A.dylib
0x00000000166f9000 	/System/Library/Frameworks/CoreFoundation.framework/Versions/A/CoreFoundation
0x00000000166f9000 	/System/Library/Frameworks/Foundation.framework/Versions/C/Foundation
0x00000000166f9000 	/System/Library/Frameworks/AppKit.framework/Versions/C/AppKit
0x00000000166f9000 	/System/Library/Frameworks/CoreData.framework/Versions/A/CoreData
0x00000000166f9000 	/System/Library/PrivateFrameworks/RemoteViewServices.framework/Versions/A/RemoteViewServices
0x00000000166f9000 	/System/Library/PrivateFrameworks/UIFoundation.framework/Versions/A/UIFoundation
0x00000000166f9000 	/usr/lib/libenergytrace.dylib
0x00000000166f9000 	/System/Library/PrivateFrameworks/SkyLight.framework/Versions/A/SkyLight
0x00000000166f9000 	/System/Library/Frameworks/CoreGraphics.framework/Versions/A/CoreGraphics
0x00000000166f9000 	/usr/lib/libScreenReader.dylib
0x00000000166f9000 	/System/Library/Frameworks/Accelerate.framework/Versions/A/Accelerate
0x00000000166f9000 	/System/Library/Frameworks/IOSurface.framework/Versions/A/IOSurface
0x00000000166f9000 	/System/Library/Frameworks/AudioToolbox.framework/Versions/A/AudioToolbox
0x00000000166f9000 	/System/Library/Frameworks/AudioUnit.framework/Versions/A/AudioUnit
0x00000000166f9000 	/System/Library/PrivateFrameworks/DataDetectorsCore.framework/Versions/A/DataDetectorsCore
0x00000000166f9000 	/System/Library/PrivateFrameworks/DesktopServicesPriv.framework/Versions/A/DesktopServicesPriv
0x00000000166f9000 	/System/Library/Frameworks/Carbon.framework/Versions/A/Frameworks/HIToolbox.framework/Versions/A/HIToolbox
0x00000000166f9000 	/usr/lib/libicucore.A.dylib
0x00000000166f9000 	/System/Library/Frameworks/QuartzCore.framework/Versions/A/QuartzCore
0x00000000166f9000 	/System/Library/Frameworks/Carbon.framework/Versions/A/Frameworks/SpeechRecognition.framework/Versions/A/SpeechRecognition
0x00000000166f9000 	/usr/lib/libauto.dylib
0x00000000166f9000 	/usr/lib/libxml2.2.dylib
0x00000000166f9000 	/System/Library/PrivateFrameworks/CoreUI.framework/Versions/A/CoreUI
0x00000000166f9000 	/System/Library/Frameworks/CoreAudio.framework/Versions/A/CoreAudio
0x00000000166f9000 	/System/Library/Frameworks/DiskArbitration.framework/Versions/A/DiskArbitration
0x00000000166f9000 	/usr/lib/liblangid.dylib
0x00000000166f9000 	/System/Library/PrivateFrameworks/MultitouchSupport.framework/Versions/A/MultitouchSupport
0x00000000166f9000 	/System/Library/Frameworks/IOKit.framework/Versions/A/IOKit
0x00000000166f9000 	/usr/lib/libDiagnosticMessagesClient.dylib
0x00000000166f9000 	/System/Library/Frameworks/CoreServices.framework/Versions/A/CoreServices
0x00000000166f9000 	/System/Library/PrivateFrameworks/PerformanceAnalysis.framework/Versions/A/PerformanceAnalysis
0x00000000166f9000 	/System/Library/PrivateFrameworks/GenerationalStorage.framework/Versions/A/GenerationalStorage
0x00000000166f9000 	/System/Library/Frameworks/OpenGL.framework/Versions/A/OpenGL
0x00000000166f9000 	/System/Library/Frameworks/CoreImage.framework/Versions/A/CoreImage
0x00000000166f9000 	/System/Library/Frameworks/CoreText.framework/Versions/A/CoreText
0x00000000166f9000 	/System/Library/Frameworks/ImageIO.framework/Versions/A/ImageIO
0x00000000166f9000 	/System/Library/PrivateFrameworks/Backup.framework/Versions/A/Backup
0x00000000166f9000 	/usr/lib/libarchive.2.dylib
0x00000000166f9000 	/System/Library/Frameworks/CFNetwork.framework/Versions/A/CFNetwork
0x00000000166f9000 	/System/Library/Frameworks/SystemConfiguration.framework/Versions/A/SystemConfiguration
0x00000000166f9000 	/usr/lib/libCRFSuite.dylib
0x00000000166f9000 	/usr/lib/libc++.1.dylib
0x00000000166f9000 	/usr/lib/libc++abi.dylib
0x00000000166f9000 	/usr/lib/system/libcache.dylib
0x00000000166f9000 	/usr/lib/system/libcommonCrypto.dylib
0x00000000166f9000 	/usr/lib/system/libcompiler_rt.dylib
0x00000000166f9000 	/usr/lib/system/libcopyfile.dylib
0x00000000166f9000 	/usr/lib/system/libcorecrypto.dylib
0x00000000166f9000 	/usr/lib/system/libdispatch.dylib
0x00000000166f9000 	/usr/lib/system/libdyld.dylib
0x00000000166f9000 	/usr/lib/system/libkeymgr.dylib
0x00000000166f9000 	/usr/lib/system/liblaunch.dylib
0x00000000166f9000 	/usr/lib/system/libmacho.dylib
0x00000000166f9000 	/usr/lib/system/libquarantine.dylib
0x00000000166f9000 	/usr/lib/system/libremovefile.dylib
0x00000000166f9000 	/usr/lib/system/libsystem_asl.dylib
0x00000000166f9000 	/usr/lib/system/libsystem_blocks.dylib
0x00000000166f9000 	/usr/lib/system/libsystem_c.dylib
0x00000000166f9000 	/usr/lib/system/libsystem_configuration.dylib
0x00000000166f9000 	/usr/lib/system/libsystem_coreservices.dylib
0x00000000166f9000 	/usr/lib/system/libsystem_coretls.dylib
0x00000000166f9000 	/usr/lib/system/libsystem_dnssd.dylib
0x00000000166f9000 	/usr/lib/system/libsystem_info.dylib
0x00000000166f9000 	/usr/lib/system/libsystem_kernel.dylib
0x00000000166f9000 	/usr/lib/system/libsystem_m.dylib
0x00000000166f9000 	/usr/lib/system/libsystem_malloc.dylib
0x00000000166f9000 	/usr/lib/system/libsystem_network.dylib
0x00000000166f9000 	/usr/lib/system/libsystem_networkextension.dylib
0x00000000166f9000 	/usr/lib/system/libsystem_notify.dylib
0x00000000166f9000 	/usr/lib/system/libsystem_platform.dylib
0x00000000166f9000 	/usr/lib/system/libsystem_pthread.dylib
0x00000000166f9000 	/usr/lib/system/libsystem_sandbox.dylib
0x00000000166f9000 	/usr/lib/system/libsystem_secinit.dylib
0x00000000166f9000 	/usr/lib/system/libsystem_symptoms.dylib
0x00000000166f9000 	/usr/lib/system/libsystem_trace.dylib
0x00000000166f9000 	/usr/lib/system/libunwind.dylib
0x00000000166f9000 	/usr/lib/system/libxpc.dylib
0x00000000166f9000 	/usr/lib/libbsm.0.dylib
0x00000000166f9000 	/usr/lib/system/libkxld.dylib
0x00000000166f9000 	/usr/lib/libcoretls.dylib
0x00000000166f9000 	/usr/lib/libcoretls_cfhelpers.dylib
0x00000000166f9000 	/usr/lib/libxar.1.dylib
0x00000000166f9000 	/usr/lib/libsqlite3.dylib
0x00000000166f9000 	/usr/lib/libpam.2.dylib
0x00000000166f9000 	/usr/lib/libOpenScriptingUtil.dylib
0x00000000166f9000 	/usr/lib/libbz2.1.0.dylib
0x00000000166f9000 	/usr/lib/liblzma.5.dylib
0x00000000166f9000 	/usr/lib/libnetwork.dylib
0x00000000166f9000 	/usr/lib/libpcap.A.dylib
0x00000000166f9000 	/System/Library/Frameworks/CoreServices.framework/Versions/A/Frameworks/FSEvents.framework/Versions/A/FSEvents
0x00000000166f9000 	/System/Library/Frameworks/CoreServices.framework/Versions/A/Frameworks/CarbonCore.framework/Versions/A/CarbonCore
0x00000000166f9000 	/System/Library/Frameworks/CoreServices.framework/Versions/A/Frameworks/Metadata.framework/Versions/A/Metadata
0x00000000166f9000 	/System/Library/Frameworks/CoreServices.framework/Versions/A/Frameworks/OSServices.framework/Versions/A/OSServices
0x00000000166f9000 	/System/Library/Frameworks/CoreServices.framework/Versions/A/Frameworks/SearchKit.framework/Versions/A/SearchKit
0x00000000166f9000 	/System/Library/Frameworks/CoreServices.framework/Versions/A/Frameworks/AE.framework/Versions/A/AE
0x00000000166f9000 	/System/Library/Frameworks/CoreServices.framework/Versions/A/Frameworks/LaunchServices.framework/Versions/A/LaunchServices
0x00000000166f9000 	/System/Library/Frameworks/CoreServices.framework/Versions/A/Frameworks/DictionaryServices.framework/Versions/A/DictionaryServices
0x00000000166f9000 	/System/Library/Frameworks/CoreServices.framework/Versions/A/Frameworks/SharedFileList.framework/Versions/A/SharedFileList
0x00000000166f9000 	/System/Library/Frameworks/NetFS.framework/Versions/A/NetFS
0x00000000166f9000 	/System/Library/PrivateFrameworks/NetAuth.framework/Versions/A/NetAuth
0x00000000166f9000 	/System/Library/PrivateFrameworks/login.framework/Versions/A/Frameworks/loginsupport.framework/Versions/A/loginsupport
0x00000000166f9000 	/System/Library/PrivateFrameworks/TCC.framework/Versions/A/TCC
0x00000000166f9000 	/usr/lib/libmecabra.dylib
0x00000000166f9000 	/System/Library/Frameworks/ApplicationServices.framework/Versions/A/Frameworks/ATS.framework/Versions/A/ATS
0x00000000166f9000 	/System/Library/Frameworks/ApplicationServices.framework/Versions/A/Frameworks/ColorSync.framework/Versions/A/ColorSync
0x00000000166f9000 	/System/Library/Frameworks/ApplicationServices.framework/Versions/A/Frameworks/HIServices.framework/Versions/A/HIServices
0x00000000166f9000 	/System/Library/Frameworks/ApplicationServices.framework/Versions/A/Frameworks/LangAnalysis.framework/Versions/A/LangAnalysis
0x00000000166f9000 	/System/Library/Frameworks/ApplicationServices.framework/Versions/A/Frameworks/PrintCore.framework/Versions/A/PrintCore
0x00000000166f9000 	/System/Library/Frameworks/ApplicationServices.framework/Versions/A/Frameworks/QD.framework/Versions/A/QD
0x00000000166f9000 	/System/Library/Frameworks/ApplicationServices.framework/Versions/A/Frameworks/SpeechSynthesis.framework/Versions/A/SpeechSynthesis
0x00000000166f9000 	/System/Library/Frameworks/Accelerate.framework/Versions/A/Frameworks/vImage.framework/Versions/A/vImage
0x00000000166f9000 	/System/Library/Frameworks/Accelerate.framework/Versions/A/Frameworks/vecLib.framework/Versions/A/vecLib
0x00000000166f9000 	/System/Library/Frameworks/Accelerate.framework/Versions/A/Frameworks/vecLib.framework/Versions/A/libvDSP.dylib
0x00000000166f9000 	/System/Library/Frameworks/Accelerate.framework/Versions/A/Frameworks/vecLib.framework/Versions/A/libBNNS.dylib
0x00000000166f9000 	/System/Library/Frameworks/Accelerate.framework/Versions/A/Frameworks/vecLib.framework/Versions/A/libQuadrature.dylib
0x00000000166f9000 	/System/Library/Frameworks/Accelerate.framework/Versions/A/Frameworks/vecLib.framework/Versions/A/libvMisc.dylib
0x00000000166f9000 	/System/Library/Frameworks/Accelerate.framework/Versions/A/Frameworks/vecLib.framework/Versions/A/libLAPACK.dylib
0x00000000166f9000 	/System/Library/Frameworks/Accelerate.framework/Versions/A/Frameworks/vecLib.framework/Versions/A/libBLAS.dylib
0x00000000166f9000 	/System/Library/Frameworks/Accelerate.framework/Versions/A/Frameworks/vecLib.framework/Versions/A/libLinearAlgebra.dylib
0x00000000166f9000 	/System/Library/Frameworks/Accelerate.framework/Versions/A/Frameworks/vecLib.framework/Versions/A/libSparseBLAS.dylib
0x00000000166f9000 	/System/Library/Frameworks/ApplicationServices.framework/Versions/A/Frameworks/ATS.framework/Versions/A/Resources/libFontParser.dylib
0x00000000166f9000 	/System/Library/Frameworks/ApplicationServices.framework/Versions/A/Frameworks/ATS.framework/Versions/A/Resources/libFontRegistry.dylib
0x00000000166f9000 	/System/Library/Frameworks/ImageIO.framework/Versions/A/Resources/libJPEG.dylib
0x00000000166f9000 	/System/Library/Frameworks/ImageIO.framework/Versions/A/Resources/libTIFF.dylib
0x00000000166f9000 	/System/Library/Frameworks/ImageIO.framework/Versions/A/Resources/libPng.dylib
0x00000000166f9000 	/System/Library/Frameworks/ImageIO.framework/Versions/A/Resources/libGIF.dylib
0x00000000166f9000 	/System/Library/Frameworks/ImageIO.framework/Versions/A/Resources/libJP2.dylib
0x00000000166f9000 	/System/Library/Frameworks/ImageIO.framework/Versions/A/Resources/libRadiance.dylib
0x00000000166f9000 	/usr/lib/libcompression.dylib
0x00000000166f9000 	/System/Library/PrivateFrameworks/AppleJPEG.framework/Versions/A/AppleJPEG
0x00000000166f9000 	/usr/lib/libcups.2.dylib
0x00000000166f9000 	/System/Library/Frameworks/Kerberos.framework/Versions/A/Kerberos
0x00000000166f9000 	/System/Library/Frameworks/GSS.framework/Versions/A/GSS
0x00000000166f9000 	/usr/lib/libresolv.9.dylib
0x00000000166f9000 	/usr/lib/libiconv.2.dylib
0x00000000166f9000 	/System/Library/PrivateFrameworks/Heimdal.framework/Versions/A/Heimdal
0x00000000166f9000 	/usr/lib/libheimdal-asn1.dylib
0x00000000166f9000 	/System/Library/Frameworks/OpenDirectory.framework/Versions/A/OpenDirectory
0x00000000166f9000 	/System/Library/PrivateFrameworks/CommonAuth.framework/Versions/A/CommonAuth
0x00000000166f9000 	/System/Library/Frameworks/OpenDirectory.framework/Versions/A/Frameworks/CFOpenDirectory.framework/Versions/A/CFOpenDirectory
0x00000000166f9000 	/System/Library/Frameworks/SecurityFoundation.framework/Versions/A/SecurityFoundation
0x00000000166f9000 	/System/Library/PrivateFrameworks/LanguageModeling.framework/Versions/A/LanguageModeling
0x00000000166f9000 	/usr/lib/libmarisa.dylib
0x00000000166f9000 	/usr/lib/libChineseTokenizer.dylib
0x00000000166f9000 	/usr/lib/libcmph.dylib
0x00000000166f9000 	/System/Library/PrivateFrameworks/CoreEmoji.framework/Versions/A/CoreEmoji
0x00000000166f9000 	/System/Library/Frameworks/ServiceManagement.framework/Versions/A/ServiceManagement
0x00000000166f9000 	/usr/lib/libxslt.1.dylib
0x00000000166f9000 	/System/Library/Frameworks/Carbon.framework/Versions/A/Frameworks/Ink.framework/Versions/A/Ink
0x00000000166f9000 	/System/Library/PrivateFrameworks/TextureIO.framework/Versions/A/TextureIO
0x00000000166f9000 	/System/Library/Frameworks/Metal.framework/Versions/A/Metal
0x00000000166f9000 	/usr/lib/libate.dylib
0x00000000166f9000 	/System/Library/PrivateFrameworks/GPUCompiler.framework/libmetal_timestamp.dylib
0x00000000166f9000 	/System/Library/Frameworks/OpenGL.framework/Versions/A/Libraries/libCoreFSCache.dylib
0x00000000166f9000 	/System/Library/PrivateFrameworks/IOAccelerator.framework/Versions/A/IOAccelerator
0x00000000166f9000 	/System/Library/Frameworks/CoreVideo.framework/Versions/A/CoreVideo
0x00000000166f9000 	/usr/lib/libFosl_dynamic.dylib
0x00000000166f9000 	/System/Library/PrivateFrameworks/MetalPerformanceShaders.framework/Versions/A/MetalPerformanceShaders
0x00000000166f9000 	/System/Library/PrivateFrameworks/FaceCore.framework/Versions/A/FaceCore
0x00000000166f9000 	/System/Library/Frameworks/OpenCL.framework/Versions/A/OpenCL
0x00000000166f9000 	/System/Library/Frameworks/OpenGL.framework/Versions/A/Libraries/libGLU.dylib
0x00000000166f9000 	/System/Library/Frameworks/OpenGL.framework/Versions/A/Libraries/libGFXShared.dylib
0x00000000166f9000 	/System/Library/Frameworks/OpenGL.framework/Versions/A/Libraries/libGL.dylib
0x00000000166f9000 	/System/Library/Frameworks/OpenGL.framework/Versions/A/Libraries/libGLImage.dylib
0x00000000166f9000 	/System/Library/Frameworks/OpenGL.framework/Versions/A/Libraries/libCVMSPluginSupport.dylib
0x00000000166f9000 	/System/Library/Frameworks/OpenGL.framework/Versions/A/Libraries/libCoreVMClient.dylib
0x00000000166f9000 	/System/Library/PrivateFrameworks/CrashReporterSupport.framework/Versions/A/CrashReporterSupport
0x00000000166f9000 	/System/Library/PrivateFrameworks/Sharing.framework/Versions/A/Sharing
0x00000000166f9000 	/System/Library/PrivateFrameworks/IconServices.framework/Versions/A/IconServices
0x00000000166f9000 	/System/Library/PrivateFrameworks/ProtocolBuffer.framework/Versions/A/ProtocolBuffer
0x00000000166f9000 	/System/Library/PrivateFrameworks/Apple80211.framework/Versions/A/Apple80211
0x00000000166f9000 	/System/Library/Frameworks/CoreWLAN.framework/Versions/A/CoreWLAN
0x00000000166f9000 	/System/Library/PrivateFrameworks/CoreUtils.framework/Versions/A/CoreUtils
0x00000000166f9000 	/System/Library/Frameworks/IOBluetooth.framework/Versions/A/IOBluetooth
0x00000000166f9000 	/System/Library/PrivateFrameworks/CoreWiFi.framework/Versions/A/CoreWiFi
0x00000000166f9000 	/System/Library/Frameworks/CoreBluetooth.framework/Versions/A/CoreBluetooth
0x00000000166f9000 	/System/Library/Frameworks/CoreDisplay.framework/Versions/A/CoreDisplay
0x00000000166f9000 	/System/Library/PrivateFrameworks/IOPresentment.framework/Versions/A/IOPresentment
0x00000000166f9000 	/System/Library/PrivateFrameworks/DebugSymbols.framework/Versions/A/DebugSymbols
0x00000000166f9000 	/System/Library/PrivateFrameworks/CoreSymbolication.framework/Versions/A/CoreSymbolication
0x00000000166f9000 	/System/Library/PrivateFrameworks/Symbolication.framework/Versions/A/Symbolication
0x00000000166f9000 	/System/Library/PrivateFrameworks/AppleFSCompression.framework/Versions/A/AppleFSCompression
0x00000000166f9000 	/System/Library/PrivateFrameworks/SpeechRecognitionCore.framework/Versions/A/SpeechRecognitionCore
0x00000000166f9000 	/System/Library/PrivateFrameworks/ChunkingLibrary.framework/Versions/A/ChunkingLibrary
0x000000010d456000 	/System/Library/CoreServices/Encodings/libSimplifiedChineseConverter.dylib
0x000000010de00000 	/Library/Java/JavaVirtualMachines/jdk1.8.0_101.jdk/Contents/Home/jre/lib/server/libjvm.dylib
0x00000000166f9000 	/usr/lib/libstdc++.6.dylib
0x000000010d49a000 	/Library/Java/JavaVirtualMachines/jdk1.8.0_101.jdk/Contents/Home/jre/lib/libverify.dylib
0x000000010d4a8000 	/Library/Java/JavaVirtualMachines/jdk1.8.0_101.jdk/Contents/Home/jre/lib/libjava.dylib
0x000000010d4e7000 	/Library/Java/JavaVirtualMachines/jdk1.8.0_101.jdk/Contents/Home/jre/lib/libzip.dylib
0x000000012469b000 	/System/Library/Frameworks/JavaVM.framework/Frameworks/JavaRuntimeSupport.framework/JavaRuntimeSupport
0x00000001246b5000 	/System/Library/Frameworks/JavaVM.framework/Versions/A/Frameworks/JavaNativeFoundation.framework/Versions/A/JavaNativeFoundation
0x000000010d5ed000 	/System/Library/Frameworks/JavaVM.framework/Versions/A/JavaVM
0x00000000166f9000 	/System/Library/Frameworks/Carbon.framework/Versions/A/Carbon
0x000000010f018000 	/System/Library/PrivateFrameworks/JavaLaunching.framework/Versions/A/JavaLaunching
0x00000000166f9000 	/System/Library/Frameworks/Carbon.framework/Versions/A/Frameworks/CommonPanels.framework/Versions/A/CommonPanels
0x00000000166f9000 	/System/Library/Frameworks/Carbon.framework/Versions/A/Frameworks/Help.framework/Versions/A/Help
0x00000000166f9000 	/System/Library/Frameworks/Carbon.framework/Versions/A/Frameworks/ImageCapture.framework/Versions/A/ImageCapture
0x00000000166f9000 	/System/Library/Frameworks/Carbon.framework/Versions/A/Frameworks/OpenScripting.framework/Versions/A/OpenScripting
0x00000000166f9000 	/System/Library/Frameworks/Carbon.framework/Versions/A/Frameworks/Print.framework/Versions/A/Print
0x00000000166f9000 	/System/Library/Frameworks/Carbon.framework/Versions/A/Frameworks/SecurityHI.framework/Versions/A/SecurityHI
0x0000000126019000 	/Library/Java/JavaVirtualMachines/jdk1.8.0_101.jdk/Contents/Home/jre/lib/libawt.dylib
0x00000001260c1000 	/Library/Java/JavaVirtualMachines/jdk1.8.0_101.jdk/Contents/Home/jre/lib/./libmlib_image.dylib
0x000000012618d000 	/Library/Java/JavaVirtualMachines/jdk1.8.0_101.jdk/Contents/Home/jre/lib/libawt_lwawt.dylib
0x0000000126242000 	/Library/Java/JavaVirtualMachines/jdk1.8.0_101.jdk/Contents/Home/jre/lib/./libosxapp.dylib
0x00000000166f9000 	/System/Library/Frameworks/ExceptionHandling.framework/Versions/A/ExceptionHandling
0x00000000166f9000 	/System/Library/PrivateFrameworks/CoreServicesInternal.framework/Versions/A/CoreServicesInternal
0x00000000166f9000 	/System/Library/CoreServices/RawCamera.bundle/Contents/MacOS/RawCamera
0x00000000166f9000 	/System/Library/Frameworks/Accelerate.framework/Versions/A/Frameworks/vImage.framework/Versions/A/Libraries/libCGInterfaces.dylib
0x00000000166f9000 	/System/Library/Frameworks/ApplicationServices.framework/Versions/A/Frameworks/ATS.framework/Versions/A/Resources/libTrueTypeScaler.dylib
0x00000000166f9000 	/System/Library/Frameworks/OpenGL.framework/Versions/A/Resources/GLEngine.bundle/GLEngine
0x00000000166f9000 	/System/Library/Frameworks/OpenGL.framework/Versions/A/Libraries/libGLProgrammability.dylib
0x0000000127b89000 	/System/Library/Extensions/AppleIntelBDWGraphicsGLDriver.bundle/Contents/MacOS/AppleIntelBDWGraphicsGLDriver
0x00000000166f9000 	/System/Library/PrivateFrameworks/GPUSupport.framework/Versions/A/Libraries/libGPUSupportMercury.dylib
0x00000000166f9000 	/System/Library/Frameworks/OpenGL.framework/Versions/A/Resources/GLRendererFloat.bundle/GLRendererFloat
0x00000000166f9000 	/System/Library/Frameworks/OpenCL.framework/Versions/A/Libraries/libcldcpuengine.dylib
0x00000000166f9000 	/usr/lib/libcrypto.0.9.8.dylib
0x00000000166f9000 	/System/Library/PrivateFrameworks/TrustEvaluationAgent.framework/Versions/A/TrustEvaluationAgent
0x0000000128303000 	/System/Library/Extensions/AppleIntelBDWGraphicsMTLDriver.bundle/Contents/MacOS/AppleIntelBDWGraphicsMTLDriver
0x00000000166f9000 	/System/Library/PrivateFrameworks/FamilyControls.framework/Versions/A/FamilyControls
0x00000000166f9000 	/System/Library/PrivateFrameworks/CommerceKit.framework/Versions/A/Frameworks/CommerceCore.framework/Versions/A/CommerceCore
0x00000000166f9000 	/System/Library/PrivateFrameworks/SystemAdministration.framework/Versions/A/SystemAdministration
0x00000000166f9000 	/System/Library/PrivateFrameworks/AppContainer.framework/Versions/A/AppContainer
0x00000000166f9000 	/System/Library/PrivateFrameworks/SecCodeWrapper.framework/Versions/A/SecCodeWrapper
0x00000000166f9000 	/System/Library/Frameworks/DirectoryService.framework/Versions/A/DirectoryService
0x00000000166f9000 	/System/Library/PrivateFrameworks/DiskImages.framework/Versions/A/DiskImages
0x00000000166f9000 	/System/Library/PrivateFrameworks/LoginUIKit.framework/Versions/A/Frameworks/LoginUICore.framework/Versions/A/LoginUICore
0x00000000166f9000 	/usr/lib/libCoreStorage.dylib
0x00000000166f9000 	/usr/lib/libcsfde.dylib
0x00000000166f9000 	/usr/lib/libodfde.dylib
0x00000000166f9000 	/System/Library/Frameworks/DiscRecording.framework/Versions/A/DiscRecording
0x00000000166f9000 	/usr/lib/libcurl.4.dylib
0x00000000166f9000 	/System/Library/PrivateFrameworks/MediaKit.framework/Versions/A/MediaKit
0x00000000166f9000 	/System/Library/PrivateFrameworks/ProtectedCloudStorage.framework/Versions/A/ProtectedCloudStorage
0x00000000166f9000 	/System/Library/PrivateFrameworks/EFILogin.framework/Versions/A/EFILogin
0x00000000166f9000 	/usr/lib/libutil.dylib
0x00000000166f9000 	/System/Library/Frameworks/LDAP.framework/Versions/A/LDAP
0x00000000166f9000 	/usr/lib/libsasl2.2.dylib
0x00000000166f9000 	/System/Library/PrivateFrameworks/CoreDaemon.framework/Versions/B/CoreDaemon
0x00000000166f9000 	/System/Library/PrivateFrameworks/AppleSRP.framework/Versions/A/AppleSRP
0x00000000166f9000 	/System/Library/PrivateFrameworks/APFS.framework/Versions/A/APFS
0x0000000129f05000 	/Library/Java/JavaVirtualMachines/jdk1.8.0_101.jdk/Contents/Home/jre/lib/libfontmanager.dylib
0x000000013065a000 	/Library/Java/JavaVirtualMachines/jdk1.8.0_101.jdk/Contents/Home/jre/lib/libosxui.dylib
0x00000001313ad000 	/Library/Java/JavaVirtualMachines/jdk1.8.0_101.jdk/Contents/Home/jre/lib/libnet.dylib
0x0000000131152000 	/Library/Java/JavaVirtualMachines/jdk1.8.0_101.jdk/Contents/Home/jre/lib/libnio.dylib
0x000000012af8e000 	/private/var/folders/q4/85d40lgj5sb4bdsw5z53b8cr0000gn/T/jogamp_0000/file_cache/jln7565302580533439104/jln8289976208594819126/libgluegen-rt.jnilib
0x000000012af56000 	/private/var/folders/q4/85d40lgj5sb4bdsw5z53b8cr0000gn/T/jogamp_0000/file_cache/jln7565302580533439104/jln8289976208594819126/libnativewindow_awt.jnilib
0x000000012af92000 	/Library/Java/JavaVirtualMachines/jdk1.8.0_101.jdk/Contents/Home/jre/lib/libjawt.dylib
0x0000000157a74000 	/private/var/folders/q4/85d40lgj5sb4bdsw5z53b8cr0000gn/T/jogamp_0000/file_cache/jln7565302580533439104/jln8289976208594819126/libnativewindow_macosx.jnilib
0x00000001594f2000 	/private/var/folders/q4/85d40lgj5sb4bdsw5z53b8cr0000gn/T/jogamp_0000/file_cache/jln7565302580533439104/jln8289976208594819126/libjogl_desktop.jnilib
0x00000000166f9000 	/System/Library/PrivateFrameworks/ViewBridge.framework/Versions/A/ViewBridge
0x00000000166f9000 	/System/Library/PrivateFrameworks/XPCService.framework/Versions/A/XPCService
0x00000000166f9000 	/System/Library/PrivateFrameworks/AppSandbox.framework/Versions/A/AppSandbox
0x00000000166f9000 	/usr/lib/libsandbox.1.dylib
0x00000000166f9000 	/usr/lib/libMatch.1.dylib
0x0000000157a7e000 	/Library/Java/JavaVirtualMachines/jdk1.8.0_101.jdk/Contents/Home/jre/lib/libt2k.dylib

VM Arguments:
jvm_args: -Djava.security.policy=java.policy.applet -Dfile.encoding=UTF-8 
java_command: sun.applet.AppletViewer Visualization.NYCMap1481773535410.html
java_class_path (initial): /Users/gbzlivint/Documents/workspace/VisualizionUnfoldingMap/bin:/Users/gbzlivint/Documents/workspace/VisualizionUnfoldingMap/lib/core.jar:/Users/gbzlivint/Documents/workspace/VisualizionUnfoldingMap/lib/gluegen-rt-natives-linux-amd64.jar:/Users/gbzlivint/Documents/workspace/VisualizionUnfoldingMap/lib/gluegen-rt-natives-linux-armv6hf.jar:/Users/gbzlivint/Documents/workspace/VisualizionUnfoldingMap/lib/gluegen-rt-natives-linux-i586.jar:/Users/gbzlivint/Documents/workspace/VisualizionUnfoldingMap/lib/gluegen-rt-natives-macosx-universal.jar:/Users/gbzlivint/Documents/workspace/VisualizionUnfoldingMap/lib/gluegen-rt-natives-windows-amd64.jar:/Users/gbzlivint/Documents/workspace/VisualizionUnfoldingMap/lib/gluegen-rt-natives-windows-i586.jar:/Users/gbzlivint/Documents/workspace/VisualizionUnfoldingMap/lib/gluegen-rt.jar:/Users/gbzlivint/Documents/workspace/VisualizionUnfoldingMap/lib/jogl-all-natives-linux-amd64.jar:/Users/gbzlivint/Documents/workspace/VisualizionUnfoldingMap/lib/jogl-all-natives-linux-armv6hf.jar:/Users/gbzlivint/Documents/workspace/VisualizionUnfoldingMap/lib/jogl-all-natives-linux-i586.jar:/Users/gbzlivint/Documents/workspace/VisualizionUnfoldingMap/lib/jogl-all-natives-macosx-universal.jar:/Users/gbzlivint/Documents/workspace/VisualizionUnfoldingMap/lib/jogl-all-natives-windows-amd64.jar:/Users/gbzlivint/Documents/workspace/VisualizionUnfoldingMap/lib/jogl-all-natives-windows-i586.jar:/Users/gbzlivint/Documents/workspace/VisualizionUnfoldingMap/lib/jogl-all.jar:/Users/gbzlivint/Documents/workspace/VisualizionUnfoldingMap/lib/json4processing.jar:/Users/gbzlivint/Documents/workspace/VisualizionUnfoldingMap/lib/libTUIO.jar:/Users/gbzlivint/Documents/workspace/VisualizionUnfoldingMap/lib/log4j-1.2.15.jar:/Users/gbzlivint/Documents/workspace/VisualizionUnfoldingMap/lib/sqlite-jdbc-3.7.2.jar:/Users/gbzlivint/Documents/workspace/VisualizionUnfoldingMap/lib/unfolding.0.9.7-uscd.jar
Launcher Type: SUN_STANDARD

Environment Variables:
PATH=/usr/bin:/bin:/usr/sbin:/sbin
SHELL=/bin/bash

Signal Handlers:
SIGSEGV: [libjvm.dylib+0x5af145], sa_mask[0]=11111111011111110111111111111111, sa_flags=SA_ONSTACK|SA_RESTART|SA_SIGINFO
SIGBUS: [libjvm.dylib+0x5af145], sa_mask[0]=11111111011111110111111111111111, sa_flags=SA_RESTART|SA_SIGINFO
SIGFPE: [libjvm.dylib+0x48694c], sa_mask[0]=11111111011111110111111111111111, sa_flags=SA_RESTART|SA_SIGINFO
SIGPIPE: [libjvm.dylib+0x48694c], sa_mask[0]=11111111011111110111111111111111, sa_flags=SA_RESTART|SA_SIGINFO
SIGXFSZ: [libjvm.dylib+0x48694c], sa_mask[0]=11111111011111110111111111111111, sa_flags=SA_RESTART|SA_SIGINFO
SIGILL: [libjvm.dylib+0x48694c], sa_mask[0]=11111111011111110111111111111111, sa_flags=SA_RESTART|SA_SIGINFO
SIGUSR1: SIG_DFL, sa_mask[0]=00000000000000000000000000000000, sa_flags=none
SIGUSR2: [libjvm.dylib+0x48646a], sa_mask[0]=00100000000000000000000000000000, sa_flags=SA_RESTART|SA_SIGINFO
SIGHUP: [libjvm.dylib+0x484a41], sa_mask[0]=11111111011111110111111111111111, sa_flags=SA_RESTART|SA_SIGINFO
SIGINT: [libjvm.dylib+0x484a41], sa_mask[0]=11111111011111110111111111111111, sa_flags=SA_RESTART|SA_SIGINFO
SIGTERM: [libjvm.dylib+0x484a41], sa_mask[0]=11111111011111110111111111111111, sa_flags=SA_RESTART|SA_SIGINFO
SIGQUIT: [libjvm.dylib+0x484a41], sa_mask[0]=11111111011111110111111111111111, sa_flags=SA_RESTART|SA_SIGINFO


---------------  S Y S T E M  ---------------

OS:Bsduname:Darwin 16.0.0 Darwin Kernel Version 16.0.0: Mon Aug 29 17:56:20 PDT 2016; root:xnu-3789.1.32~3/RELEASE_X86_64 x86_64
rlimit: STACK 8192k, CORE 0k, NPROC 709, NOFILE 10240, AS infinity
load average:3.33 3.34 3.18

CPU:total 4 (2 cores per cpu, 2 threads per core) family 6 model 61 stepping 4, cmov, cx8, fxsr, mmx, sse, sse2, sse3, ssse3, sse4.1, sse4.2, popcnt, avx, avx2, aes, clmul, erms, 3dnowpref, lzcnt, ht, tsc, tscinvbit, bmi1, bmi2, adx

Memory: 4k page, physical 8388608k(1140280k free)

/proc/meminfo:


vm_info: Java HotSpot(TM) 64-Bit Server VM (25.101-b13) for bsd-amd64 JRE (1.8.0_101-b13), built on Jun 22 2016 02:42:15 by "java_re" with gcc 4.2.1 (Based on Apple Inc. build 5658) (LLVM build 2336.11.00)

time: Wed Dec 14 22:46:10 2016
elapsed time: 34 seconds (0d 0h 0m 34s)

