#
# A fatal error has been detected by the Java Runtime Environment:
#
#  SIGSEGV (0xb) at pc=0x00007fffa0049b5d, pid=7972, tid=0x000000000000080b
#
# JRE version: Java(TM) SE Runtime Environment (8.0_101-b13) (build 1.8.0_101-b13)
# Java VM: Java HotSpot(TM) 64-Bit Server VM (25.101-b13 mixed mode bsd-amd64 compressed oops)
# Problematic frame:
# C  [libobjc.A.dylib+0x6b5d]  objc_msgSend+0x1d
#
# Failed to write core dump. Core dumps have been disabled. To enable core dumping, try "ulimit -c unlimited" before starting Java again
#
# If you would like to submit a bug report, please visit:
#   http://bugreport.java.com/bugreport/crash.jsp
# The crash happened outside the Java Virtual Machine in native code.
# See problematic frame for where to report the bug.
#

---------------  T H R E A D  ---------------

Current thread (0x00007fef0381f000):  JavaThread "AWT-AppKit" daemon [_thread_in_native, id=2059, stack(0x00007fff5dd89000,0x00007fff5e589000)]

siginfo: si_signo: 11 (SIGSEGV), si_code: 1 (SEGV_MAPERR), si_addr: 0x0000000000000018

Registers:
RAX=0x00007fef025c6740, RBX=0x000000014bdb2450, RCX=0x00007fef04a00870, RDX=0x0000000000000000
RSP=0x00007fff5e583f48, RBP=0x00007fff5e584000, RSI=0x00007fff8a0d81c3, RDI=0x00007fef07a6b2c0
R8 =0x0000000000000018, R9 =0x00007fef04a00890, R10=0x0000000000000000, R11=0x00007fff8a0d81c3
R12=0x0000000000000000, R13=0x000000014d616490, R14=0x000000014bdb2440, R15=0x00007fef0381f000
RIP=0x00007fffa0049b5d, EFLAGS=0x0000000000010246, ERR=0x0000000000000004
  TRAPNO=0x000000000000000e

Top of Stack: (sp=0x00007fff5e583f48)
0x00007fff5e583f48:   000000014bdb0157 00007fff5e583fa0
0x00007fff5e583f58:   0000000000000003 00007fff5e583f80
0x00007fff5e583f68:   00000001023f28e6 000000014d616490
0x00007fff5e583f78:   000000014d616490 00007fef025c6740
0x00007fff5e583f88:   000000014bdb26a0 000000014bdb2710
0x00007fff5e583f98:   00007fffa600f6d0 00007fffa6c73f90
0x00007fff5e583fa8:   000000014bdb2450 000000014bdb2690
0x00007fff5e583fb8:   00007fef025c6740 00007fef07a6b2c0
0x00007fff5e583fc8:   00007fef0256d500 00007fef025c6740
0x00007fff5e583fd8:   00007fef07a6b2c0 00007fff5e584088
0x00007fff5e583fe8:   00007fef0381f1f8 000000014d616490
0x00007fff5e583ff8:   00007fff5e5840b0 00007fff5e584078
0x00007fff5e584008:   00000001031b49d4 000000014d616490
0x00007fff5e584018:   00007fff5e5840b0 00007fff5e584078
0x00007fff5e584028:   00000001031b4767 00000001031b4722
0x00007fff5e584038:   00007fff5e584038 000000014d616490
0x00007fff5e584048:   00007fff5e5840b0 000000014d6190c8
0x00007fff5e584058:   0000000000000000 000000014d616490
0x00007fff5e584068:   0000000000000000 00007fff5e584098
0x00007fff5e584078:   00007fff5e5840f8 00000001031a52bd
0x00007fff5e584088:   000000074130cfa8 00000001031ae538
0x00007fff5e584098:   00007fef025c6740 00007fff5e5840f8
0x00007fff5e5840a8:   00007fef07a6b2c0 00000001031afe02
0x00007fff5e5840b8:   00007fff5e5840b8 000000014d61665a
0x00007fff5e5840c8:   00007fff5e584120 000000014d6190c8
0x00007fff5e5840d8:   0000000000000000 000000014d616668
0x00007fff5e5840e8:   00007fff5e584098 00007fff5e584108
0x00007fff5e5840f8:   00007fff5e584168 00000001031a52bd
0x00007fff5e584108:   00007fef025c6740 00000007413052b8
0x00007fff5e584118:   00007fef07a6b2c0 00000007413052b8
0x00007fff5e584128:   00007fff5e584128 0000000150b33c86
0x00007fff5e584138:   00007fff5e584178 0000000150b33d40 

Instructions: (pc=0x00007fffa0049b5d)
0x00007fffa0049b3d:   0f 1f 00 48 85 ff 2e 74 62 40 f6 c7 01 2e 75 66
0x00007fffa0049b4d:   49 ba f8 ff ff ff ff 7f 00 00 4c 23 17 49 89 f3
0x00007fffa0049b5d:   45 23 5a 18 49 c1 e3 04 4d 03 5a 10 49 3b 33 75
0x00007fffa0049b6d:   04 41 ff 63 08 49 83 3b 01 76 0d 49 83 c3 10 49 

Register to memory mapping:

RAX=0x00007fef025c6740 is an unknown value
RBX=0x000000014bdb2450: Java_jogamp_nativewindow_macosx_OSXUtil_GetScreenRefreshRate0+0x1cf0 in /private/var/folders/q4/85d40lgj5sb4bdsw5z53b8cr0000gn/T/jogamp_0000/file_cache/jln8139508796546262854/jln6746569608169013902/libnativewindow_macosx.jnilib at 0x000000014bdab000
RCX=0x00007fef04a00870 is an unknown value
RDX=0x0000000000000000 is an unknown value
RSP=0x00007fff5e583f48 is pointing into the stack for thread: 0x00007fef0381f000
RBP=0x00007fff5e584000 is pointing into the stack for thread: 0x00007fef0381f000
RSI=0x00007fff8a0d81c3: __NSStyleNameIndexTable+0x814d6 in /System/Library/Frameworks/AppKit.framework/Versions/C/AppKit at 0x00007fff89546000
RDI=0x00007fef07a6b2c0 is an unknown value
R8 =0x0000000000000018 is an unknown value
R9 =0x00007fef04a00890 is an unknown value
R10=0x0000000000000000 is an unknown value
R11=0x00007fff8a0d81c3: __NSStyleNameIndexTable+0x814d6 in /System/Library/Frameworks/AppKit.framework/Versions/C/AppKit at 0x00007fff89546000
R12=0x0000000000000000 is an unknown value
R13={method} {0x000000014d616490} 'UnsetJAWTRootSurfaceLayer0' '(JJ)V' in 'jogamp/nativewindow/jawt/macosx/MacOSXJAWTWindow'
R14=0x000000014bdb2440: Java_jogamp_nativewindow_macosx_OSXUtil_GetScreenRefreshRate0+0x1ce0 in /private/var/folders/q4/85d40lgj5sb4bdsw5z53b8cr0000gn/T/jogamp_0000/file_cache/jln8139508796546262854/jln6746569608169013902/libnativewindow_macosx.jnilib at 0x000000014bdab000
R15=0x00007fef0381f000 is a thread


Stack: [0x00007fff5dd89000,0x00007fff5e589000],  sp=0x00007fff5e583f48,  free space=8171k
Native frames: (J=compiled Java code, j=interpreted, Vv=VM code, C=native code)
C  [libobjc.A.dylib+0x6b5d]  objc_msgSend+0x1d
j  jogamp.nativewindow.jawt.macosx.MacOSXJAWTWindow.UnsetJAWTRootSurfaceLayer0(JJ)V+0
j  jogamp.nativewindow.jawt.macosx.MacOSXJAWTWindow.access$200(JJ)V+2
j  jogamp.nativewindow.jawt.macosx.MacOSXJAWTWindow$1.run()V+38
J 1743 C1 com.jogamp.common.util.RunnableTask.run()V (345 bytes) @ 0x00000001037ed864 [0x00000001037ed6c0+0x1a4]
v  ~StubRoutines::call_stub
V  [libjvm.dylib+0x2ecf06]  JavaCalls::call_helper(JavaValue*, methodHandle*, JavaCallArguments*, Thread*)+0x6ae
V  [libjvm.dylib+0x324111]  jni_invoke_nonstatic(JNIEnv_*, JavaValue*, _jobject*, JNICallType, _jmethodID*, JNI_ArgumentPusher*, Thread*)+0x2ec
V  [libjvm.dylib+0x3168df]  jni_CallVoidMethod+0x16b
C  [libnativewindow_macosx.jnilib+0x5326]  Java_jogamp_nativewindow_jawt_macosx_MacOSXJAWTWindow_UnsetJAWTRootSurfaceLayer0+0x2b6
C  [Foundation+0x71f2a]  __NSThreadPerformPerform+0x146
C  [CoreFoundation+0xa7551]  __CFRUNLOOP_IS_CALLING_OUT_TO_A_SOURCE0_PERFORM_FUNCTION__+0x11
C  [CoreFoundation+0x886bd]  __CFRunLoopDoSources0+0x22d
C  [CoreFoundation+0x87bb6]  __CFRunLoopRun+0x3a6
C  [CoreFoundation+0x875b4]  CFRunLoopRunSpecific+0x1a4
C  [HIToolbox+0x30f6c]  RunCurrentEventLoopInMode+0xf0
C  [HIToolbox+0x30ca9]  ReceiveNextEventCommon+0xb8
C  [HIToolbox+0x30bd6]  _BlockUntilNextEventMatchingListInModeWithFilter+0x47
C  [AppKit+0x475f5]  _DPSNextEvent+0x445
C  [AppKit+0x7578eb]  -[NSApplication(NSEvent) _nextEventMatchingEventMask:untilDate:inMode:dequeue:]+0x665
C  [libosxapp.dylib+0x23aa]  -[NSApplicationAWT nextEventMatchingMask:untilDate:inMode:dequeue:]+0x7c
C  [AppKit+0x3bfbd]  -[NSApplication run]+0x39e
C  [libosxapp.dylib+0x214d]  +[NSApplicationAWT runAWTLoopWithApp:]+0x9c
C  [libawt_lwawt.dylib+0x444b3]  -[AWTStarter starter:]+0x389
C  [Foundation+0x71f2a]  __NSThreadPerformPerform+0x146
C  [CoreFoundation+0xa7551]  __CFRUNLOOP_IS_CALLING_OUT_TO_A_SOURCE0_PERFORM_FUNCTION__+0x11
C  [CoreFoundation+0x886bd]  __CFRunLoopDoSources0+0x22d
C  [CoreFoundation+0x87bb6]  __CFRunLoopRun+0x3a6
C  [CoreFoundation+0x875b4]  CFRunLoopRunSpecific+0x1a4
C  [java+0x6465]  CreateExecutionEnvironment+0x367
C  [java+0x218c]  JLI_Launch+0x7a0
C  [java+0x84c2]  main+0x65
C  [java+0x19e4]  start+0x34
C  0x0000000000000007

Java frames: (J=compiled Java code, j=interpreted, Vv=VM code)
j  jogamp.nativewindow.jawt.macosx.MacOSXJAWTWindow.UnsetJAWTRootSurfaceLayer0(JJ)V+0
j  jogamp.nativewindow.jawt.macosx.MacOSXJAWTWindow.access$200(JJ)V+2
j  jogamp.nativewindow.jawt.macosx.MacOSXJAWTWindow$1.run()V+38
J 1743 C1 com.jogamp.common.util.RunnableTask.run()V (345 bytes) @ 0x00000001037ed864 [0x00000001037ed6c0+0x1a4]
v  ~StubRoutines::call_stub

---------------  P R O C E S S  ---------------

Java Threads: ( => current thread )
  0x00007fef0344d800 JavaThread "Thread-38" [_thread_blocked, id=13703, stack(0x00007000071b9000,0x00007000072b9000)]
  0x00007fef03a77800 JavaThread "AWT-EventQueue-1" [_thread_in_native, id=67611, stack(0x0000700007033000,0x0000700007133000)]
  0x00007fef03223800 JavaThread "DestroyJavaVM" [_thread_blocked, id=7171, stack(0x00007000059eb000,0x0000700005aeb000)]
  0x00007fef031da800 JavaThread "AWT-EventQueue-0" [_thread_blocked, id=64787, stack(0x0000700006e2d000,0x0000700006f2d000)]
  0x00007fef0391b000 JavaThread "Java2D Disposer" daemon [_thread_blocked, id=56079, stack(0x0000700006ba4000,0x0000700006ca4000)]
  0x00007fef02959000 JavaThread "Java2D Queue Flusher" daemon [_thread_blocked, id=46863, stack(0x0000700006aa1000,0x0000700006ba1000)]
  0x00007fef030e8000 JavaThread "AWT-Shutdown" [_thread_blocked, id=29471, stack(0x0000700006898000,0x0000700006998000)]
=>0x00007fef0381f000 JavaThread "AWT-AppKit" daemon [_thread_in_native, id=2059, stack(0x00007fff5dd89000,0x00007fff5e589000)]
  0x00007fef04015800 JavaThread "Service Thread" daemon [_thread_blocked, id=18691, stack(0x000070000660f000,0x000070000670f000)]
  0x00007fef0302c800 JavaThread "C1 CompilerThread2" daemon [_thread_blocked, id=18179, stack(0x000070000650c000,0x000070000660c000)]
  0x00007fef03825000 JavaThread "C2 CompilerThread1" daemon [_thread_blocked, id=17667, stack(0x0000700006409000,0x0000700006509000)]
  0x00007fef03823800 JavaThread "C2 CompilerThread0" daemon [_thread_blocked, id=17155, stack(0x0000700006306000,0x0000700006406000)]
  0x00007fef0302b000 JavaThread "Signal Dispatcher" daemon [_thread_blocked, id=16643, stack(0x0000700006203000,0x0000700006303000)]
  0x00007fef0401c800 JavaThread "Finalizer" daemon [_thread_blocked, id=12547, stack(0x0000700006100000,0x0000700006200000)]
  0x00007fef02833800 JavaThread "Reference Handler" daemon [_thread_blocked, id=12035, stack(0x0000700005ffd000,0x00007000060fd000)]

Other Threads:
  0x00007fef0282e800 VMThread [stack: 0x0000700005efa000,0x0000700005ffa000] [id=11523]
  0x00007fef03802800 WatcherThread [stack: 0x0000700006712000,0x0000700006812000] [id=19203]

VM state:not at safepoint (normal execution)

VM Mutex/Monitor currently owned by a thread: None

Heap:
 PSYoungGen      total 50688K, used 5350K [0x0000000795580000, 0x000000079a780000, 0x00000007c0000000)
  eden space 50176K, 10% used [0x0000000795580000,0x0000000795a998d8,0x0000000798680000)
  from space 512K, 25% used [0x0000000798800000,0x0000000798820000,0x0000000798880000)
  to   space 16896K, 0% used [0x0000000799700000,0x0000000799700000,0x000000079a780000)
 ParOldGen       total 87552K, used 32126K [0x0000000740000000, 0x0000000745580000, 0x0000000795580000)
  object space 87552K, 36% used [0x0000000740000000,0x0000000741f5f950,0x0000000745580000)
 Metaspace       used 19698K, capacity 19877K, committed 19968K, reserved 1067008K
  class space    used 1916K, capacity 2013K, committed 2048K, reserved 1048576K

Card table byte_map: [0x000000011255d000,0x000000011295e000] byte_map_base: 0x000000010eb5d000

Marking Bits: (ParMarkBitMap*) 0x0000000102aedd20
 Begin Bits: [0x0000000112c09000, 0x0000000114c09000)
 End Bits:   [0x0000000114c09000, 0x0000000116c09000)

Polling page: 0x000000010174b000

CodeCache: size=245760Kb used=8459Kb max_used=8472Kb free=237300Kb
 bounds [0x000000010319d000, 0x00000001039fd000, 0x000000011219d000]
 total_blobs=3353 nmethods=2477 adapters=789
 compilation: enabled

Compilation events (10 events):
Event: 49.985 Thread 0x00007fef0302c800 2836       3       sun.lwawt.LWToolkit::postEvent (12 bytes)
Event: 49.985 Thread 0x00007fef0302c800 nmethod 2836 0x00000001039e9250 code [0x00000001039e9400, 0x00000001039e9b08]
Event: 50.093 Thread 0x00007fef03823800 2837       4       java.nio.Bits::byteOrder (20 bytes)
Event: 50.094 Thread 0x00007fef03823800 nmethod 2837 0x000000010351c690 code [0x000000010351c7e0, 0x000000010351c838]
Event: 50.928 Thread 0x00007fef0302c800 2838   !   3       sun.lwawt.LWComponentPeer::isShowing (49 bytes)
Event: 50.929 Thread 0x00007fef0302c800 nmethod 2838 0x00000001039eae50 code [0x00000001039eb000, 0x00000001039eb908]
Event: 50.929 Thread 0x00007fef0302c800 2839       3       java.lang.Integer::equals (29 bytes)
Event: 50.929 Thread 0x00007fef0302c800 nmethod 2839 0x00000001039ea790 code [0x00000001039ea900, 0x00000001039ead70]
Event: 50.933 Thread 0x00007fef03823800 2840  s    4       sun.misc.URLClassPath::getNextLoader (88 bytes)
Event: 50.945 Thread 0x00007fef03823800 nmethod 2840 0x00000001039efdd0 code [0x00000001039eff40, 0x00000001039f06b8]

GC Heap History (10 events):
Event: 37.648 GC heap before
{Heap before GC invocations=13 (full 0):
 PSYoungGen      total 58368K, used 57952K [0x0000000795580000, 0x000000079c780000, 0x00000007c0000000)
  eden space 57856K, 100% used [0x0000000795580000,0x0000000798e00000,0x0000000798e00000)
  from space 512K, 18% used [0x000000079c700000,0x000000079c718000,0x000000079c780000)
  to   space 17920K, 0% used [0x000000079a480000,0x000000079a480000,0x000000079b600000)
 ParOldGen       total 87552K, used 32054K [0x0000000740000000, 0x0000000745580000, 0x0000000795580000)
  object space 87552K, 36% used [0x0000000740000000,0x0000000741f4d950,0x0000000745580000)
 Metaspace       used 19588K, capacity 19813K, committed 19968K, reserved 1067008K
  class space    used 1908K, capacity 2013K, committed 2048K, reserved 1048576K
Event: 37.650 GC heap after
Heap after GC invocations=13 (full 0):
 PSYoungGen      total 74240K, used 96K [0x0000000795580000, 0x000000079c780000, 0x00000007c0000000)
  eden space 56320K, 0% used [0x0000000795580000,0x0000000795580000,0x0000000798c80000)
  from space 17920K, 0% used [0x000000079a480000,0x000000079a498000,0x000000079b600000)
  to   space 17920K, 0% used [0x000000079b600000,0x000000079b600000,0x000000079c780000)
 ParOldGen       total 87552K, used 32078K [0x0000000740000000, 0x0000000745580000, 0x0000000795580000)
  object space 87552K, 36% used [0x0000000740000000,0x0000000741f53950,0x0000000745580000)
 Metaspace       used 19588K, capacity 19813K, committed 19968K, reserved 1067008K
  class space    used 1908K, capacity 2013K, committed 2048K, reserved 1048576K
}
Event: 40.989 GC heap before
{Heap before GC invocations=14 (full 0):
 PSYoungGen      total 74240K, used 56416K [0x0000000795580000, 0x000000079c780000, 0x00000007c0000000)
  eden space 56320K, 100% used [0x0000000795580000,0x0000000798c80000,0x0000000798c80000)
  from space 17920K, 0% used [0x000000079a480000,0x000000079a498000,0x000000079b600000)
  to   space 17920K, 0% used [0x000000079b600000,0x000000079b600000,0x000000079c780000)
 ParOldGen       total 87552K, used 32078K [0x0000000740000000, 0x0000000745580000, 0x0000000795580000)
  object space 87552K, 36% used [0x0000000740000000,0x0000000741f53950,0x0000000745580000)
 Metaspace       used 19649K, capacity 19877K, committed 19968K, reserved 1067008K
  class space    used 1908K, capacity 2013K, committed 2048K, reserved 1048576K
Event: 40.991 GC heap after
Heap after GC invocations=14 (full 0):
 PSYoungGen      total 55296K, used 128K [0x0000000795580000, 0x000000079b680000, 0x00000007c0000000)
  eden space 54784K, 0% used [0x0000000795580000,0x0000000795580000,0x0000000798b00000)
  from space 512K, 25% used [0x000000079b600000,0x000000079b620000,0x000000079b680000)
  to   space 17920K, 0% used [0x0000000799380000,0x0000000799380000,0x000000079a500000)
 ParOldGen       total 87552K, used 32086K [0x0000000740000000, 0x0000000745580000, 0x0000000795580000)
  object space 87552K, 36% used [0x0000000740000000,0x0000000741f55950,0x0000000745580000)
 Metaspace       used 19649K, capacity 19877K, committed 19968K, reserved 1067008K
  class space    used 1908K, capacity 2013K, committed 2048K, reserved 1048576K
}
Event: 44.250 GC heap before
{Heap before GC invocations=15 (full 0):
 PSYoungGen      total 55296K, used 54912K [0x0000000795580000, 0x000000079b680000, 0x00000007c0000000)
  eden space 54784K, 100% used [0x0000000795580000,0x0000000798b00000,0x0000000798b00000)
  from space 512K, 25% used [0x000000079b600000,0x000000079b620000,0x000000079b680000)
  to   space 17920K, 0% used [0x0000000799380000,0x0000000799380000,0x000000079a500000)
 ParOldGen       total 87552K, used 32086K [0x0000000740000000, 0x0000000745580000, 0x0000000795580000)
  object space 87552K, 36% used [0x0000000740000000,0x0000000741f55950,0x0000000745580000)
 Metaspace       used 19649K, capacity 19877K, committed 19968K, reserved 1067008K
  class space    used 1908K, capacity 2013K, committed 2048K, reserved 1048576K
Event: 44.254 GC heap after
Heap after GC invocations=15 (full 0):
 PSYoungGen      total 71168K, used 96K [0x0000000795580000, 0x000000079b680000, 0x00000007c0000000)
  eden space 53248K, 0% used [0x0000000795580000,0x0000000795580000,0x0000000798980000)
  from space 17920K, 0% used [0x0000000799380000,0x0000000799398000,0x000000079a500000)
  to   space 17408K, 0% used [0x000000079a580000,0x000000079a580000,0x000000079b680000)
 ParOldGen       total 87552K, used 32094K [0x0000000740000000, 0x0000000745580000, 0x0000000795580000)
  object space 87552K, 36% used [0x0000000740000000,0x0000000741f57950,0x0000000745580000)
 Metaspace       used 19649K, capacity 19877K, committed 19968K, reserved 1067008K
  class space    used 1908K, capacity 2013K, committed 2048K, reserved 1048576K
}
Event: 47.482 GC heap before
{Heap before GC invocations=16 (full 0):
 PSYoungGen      total 71168K, used 53344K [0x0000000795580000, 0x000000079b680000, 0x00000007c0000000)
  eden space 53248K, 100% used [0x0000000795580000,0x0000000798980000,0x0000000798980000)
  from space 17920K, 0% used [0x0000000799380000,0x0000000799398000,0x000000079a500000)
  to   space 17408K, 0% used [0x000000079a580000,0x000000079a580000,0x000000079b680000)
 ParOldGen       total 87552K, used 32094K [0x0000000740000000, 0x0000000745580000, 0x0000000795580000)
  object space 87552K, 36% used [0x0000000740000000,0x0000000741f57950,0x0000000745580000)
 Metaspace       used 19658K, capacity 19877K, committed 19968K, reserved 1067008K
  class space    used 1908K, capacity 2013K, committed 2048K, reserved 1048576K
Event: 47.486 GC heap after
Heap after GC invocations=16 (full 0):
 PSYoungGen      total 56320K, used 128K [0x0000000795580000, 0x000000079aa00000, 0x00000007c0000000)
  eden space 51712K, 0% used [0x0000000795580000,0x0000000795580000,0x0000000798800000)
  from space 4608K, 2% used [0x000000079a580000,0x000000079a5a0000,0x000000079aa00000)
  to   space 17408K, 0% used [0x0000000798800000,0x0000000798800000,0x0000000799900000)
 ParOldGen       total 87552K, used 32110K [0x0000000740000000, 0x0000000745580000, 0x0000000795580000)
  object space 87552K, 36% used [0x0000000740000000,0x0000000741f5b950,0x0000000745580000)
 Metaspace       used 19658K, capacity 19877K, committed 19968K, reserved 1067008K
  class space    used 1908K, capacity 2013K, committed 2048K, reserved 1048576K
}
Event: 50.589 GC heap before
{Heap before GC invocations=17 (full 0):
 PSYoungGen      total 56320K, used 51840K [0x0000000795580000, 0x000000079aa00000, 0x00000007c0000000)
  eden space 51712K, 100% used [0x0000000795580000,0x0000000798800000,0x0000000798800000)
  from space 4608K, 2% used [0x000000079a580000,0x000000079a5a0000,0x000000079aa00000)
  to   space 17408K, 0% used [0x0000000798800000,0x0000000798800000,0x0000000799900000)
 ParOldGen       total 87552K, used 32110K [0x0000000740000000, 0x0000000745580000, 0x0000000795580000)
  object space 87552K, 36% used [0x0000000740000000,0x0000000741f5b950,0x0000000745580000)
 Metaspace       used 19667K, capacity 19877K, committed 19968K, reserved 1067008K
  class space    used 1909K, capacity 2013K, committed 2048K, reserved 1048576K
Event: 50.591 GC heap after
Heap after GC invocations=17 (full 0):
 PSYoungGen      total 50688K, used 128K [0x0000000795580000, 0x000000079a780000, 0x00000007c0000000)
  eden space 50176K, 0% used [0x0000000795580000,0x0000000795580000,0x0000000798680000)
  from space 512K, 25% used [0x0000000798800000,0x0000000798820000,0x0000000798880000)
  to   space 16896K, 0% used [0x0000000799700000,0x0000000799700000,0x000000079a780000)
 ParOldGen       total 87552K, used 32126K [0x0000000740000000, 0x0000000745580000, 0x0000000795580000)
  object space 87552K, 36% used [0x0000000740000000,0x0000000741f5f950,0x0000000745580000)
 Metaspace       used 19667K, capacity 19877K, committed 19968K, reserved 1067008K
  class space    used 1909K, capacity 2013K, committed 2048K, reserved 1048576K
}

Deoptimization events (10 events):
Event: 8.974 Thread 0x00007fef03a77800 Uncommon trap: reason=unstable_if action=reinterpret pc=0x0000000103772b90 method=Visualization.AccidentMarker.draw(Lprocessing/core/PGraphics;FF)V @ 11
Event: 9.140 Thread 0x00007fef03a77800 Uncommon trap: reason=unstable_if action=reinterpret pc=0x00000001037636f4 method=Visualization.AccidentMarker.draw(Lprocessing/core/PGraphics;FF)V @ 11
Event: 50.861 Thread 0x00007fef03a77800 Uncommon trap: reason=unstable_if action=reinterpret pc=0x00000001038169a8 method=com.jogamp.common.util.VersionNumber.compareTo(Lcom/jogamp/common/util/VersionNumber;)I @ 21
Event: 50.864 Thread 0x00007fef031da800 Uncommon trap: reason=unstable_if action=reinterpret pc=0x000000010356d3b8 method=java.awt.font.FontRenderContext.equals(Ljava/awt/font/FontRenderContext;)Z @ 2
Event: 50.864 Thread 0x00007fef031da800 Uncommon trap: reason=unstable_if action=reinterpret pc=0x00000001035dc194 method=java.awt.Font.equals(Ljava/lang/Object;)Z @ 2
Event: 50.927 Thread 0x00007fef0295a000 Uncommon trap: reason=class_check action=maybe_recompile pc=0x0000000103778ee4 method=java.util.HashMap.putVal(ILjava/lang/Object;Ljava/lang/Object;ZZ)Ljava/lang/Object; @ 91
Event: 50.927 Thread 0x00007fef0295a000 Uncommon trap: reason=class_check action=maybe_recompile pc=0x0000000103778ee4 method=java.util.HashMap.putVal(ILjava/lang/Object;Ljava/lang/Object;ZZ)Ljava/lang/Object; @ 91
Event: 50.927 Thread 0x00007fef0295a000 Uncommon trap: reason=class_check action=maybe_recompile pc=0x0000000103778ee4 method=java.util.HashMap.putVal(ILjava/lang/Object;Ljava/lang/Object;ZZ)Ljava/lang/Object; @ 91
Event: 50.927 Thread 0x00007fef0295a000 Uncommon trap: reason=class_check action=maybe_recompile pc=0x0000000103778ee4 method=java.util.HashMap.putVal(ILjava/lang/Object;Ljava/lang/Object;ZZ)Ljava/lang/Object; @ 91
Event: 50.927 Thread 0x00007fef0295a000 Uncommon trap: reason=class_check action=maybe_recompile pc=0x0000000103614ed8 method=java.util.HashMap.putVal(ILjava/lang/Object;Ljava/lang/Object;ZZ)Ljava/lang/Object; @ 91

Internal exceptions (10 events):
Event: 11.121 Thread 0x00007fef02d64800 Exception <a 'java/security/PrivilegedActionException'> (0x000000079677b740) thrown at [/HUDSON3/workspace/8-2-build-macosx-x86_64/jdk8u101/7261/hotspot/src/share/vm/prims/jvm.cpp, line 1386]
Event: 11.123 Thread 0x00007fef044c5000 Exception <a 'java/security/PrivilegedActionException'> (0x000000079652cc30) thrown at [/HUDSON3/workspace/8-2-build-macosx-x86_64/jdk8u101/7261/hotspot/src/share/vm/prims/jvm.cpp, line 1386]
Event: 11.330 Thread 0x00007fef028a4000 Exception <a 'java/security/PrivilegedActionException'> (0x0000000796d13ea0) thrown at [/HUDSON3/workspace/8-2-build-macosx-x86_64/jdk8u101/7261/hotspot/src/share/vm/prims/jvm.cpp, line 1386]
Event: 11.456 Thread 0x00007fef044c7000 Exception <a 'java/security/PrivilegedActionException'> (0x0000000796d4b658) thrown at [/HUDSON3/workspace/8-2-build-macosx-x86_64/jdk8u101/7261/hotspot/src/share/vm/prims/jvm.cpp, line 1386]
Event: 11.466 Thread 0x00007fef03bd8800 Exception <a 'java/security/PrivilegedActionException'> (0x0000000796f2b218) thrown at [/HUDSON3/workspace/8-2-build-macosx-x86_64/jdk8u101/7261/hotspot/src/share/vm/prims/jvm.cpp, line 1386]
Event: 11.582 Thread 0x00007fef02d64800 Exception <a 'java/security/PrivilegedActionException'> (0x0000000796f629d0) thrown at [/HUDSON3/workspace/8-2-build-macosx-x86_64/jdk8u101/7261/hotspot/src/share/vm/prims/jvm.cpp, line 1386]
Event: 11.641 Thread 0x00007fef028a4000 Exception <a 'java/security/PrivilegedActionException'> (0x0000000797352cb8) thrown at [/HUDSON3/workspace/8-2-build-macosx-x86_64/jdk8u101/7261/hotspot/src/share/vm/prims/jvm.cpp, line 1386]
Event: 11.859 Thread 0x00007fef02d92000 Exception <a 'java/security/PrivilegedActionException'> (0x00000007976523c8) thrown at [/HUDSON3/workspace/8-2-build-macosx-x86_64/jdk8u101/7261/hotspot/src/share/vm/prims/jvm.cpp, line 1386]
Event: 11.918 Thread 0x00007fef02d91000 Exception <a 'java/security/PrivilegedActionException'> (0x000000079761ac10) thrown at [/HUDSON3/workspace/8-2-build-macosx-x86_64/jdk8u101/7261/hotspot/src/share/vm/prims/jvm.cpp, line 1386]
Event: 12.059 Thread 0x00007fef044c7000 Exception <a 'java/security/PrivilegedActionException'> (0x000000079795a358) thrown at [/HUDSON3/workspace/8-2-build-macosx-x86_64/jdk8u101/7261/hotspot/src/share/vm/prims/jvm.cpp, line 1386]

Events (10 events):
Event: 50.948 loading class jogamp/nativewindow/jawt/macosx/MacOSXJAWTWindow$1 done
Event: 50.949 Executing VM operation: RevokeBias
Event: 50.949 Executing VM operation: RevokeBias done
Event: 50.950 loading class java/awt/LightweightDispatcher$2
Event: 50.950 loading class java/awt/LightweightDispatcher$2 done
Event: 50.950 loading class java/awt/event/AWTEventListenerProxy
Event: 50.950 loading class java/awt/event/AWTEventListenerProxy done
Event: 50.950 loading class java/awt/Toolkit$ToolkitEventMulticaster
Event: 50.950 loading class java/awt/Toolkit$ToolkitEventMulticaster done
Event: 50.951 Thread 0x00007fef0295a000 Thread exited: 0x00007fef0295a000


Dynamic libraries:
0x00000000166f9000 	/System/Library/Frameworks/Cocoa.framework/Versions/A/Cocoa
0x00000000166f9000 	/System/Library/Frameworks/Security.framework/Versions/A/Security
0x00000000166f9000 	/System/Library/Frameworks/ApplicationServices.framework/Versions/A/ApplicationServices
0x00000000166f9000 	/usr/lib/libz.1.dylib
0x00000000166f9000 	/usr/lib/libSystem.B.dylib
0x00000000166f9000 	/usr/lib/libobjc.A.dylib
0x00000000166f9000 	/System/Library/Frameworks/CoreFoundation.framework/Versions/A/CoreFoundation
0x00000000166f9000 	/System/Library/Frameworks/Foundation.framework/Versions/C/Foundation
0x00000000166f9000 	/System/Library/Frameworks/AppKit.framework/Versions/C/AppKit
0x00000000166f9000 	/System/Library/Frameworks/CoreData.framework/Versions/A/CoreData
0x00000000166f9000 	/System/Library/PrivateFrameworks/RemoteViewServices.framework/Versions/A/RemoteViewServices
0x00000000166f9000 	/System/Library/PrivateFrameworks/UIFoundation.framework/Versions/A/UIFoundation
0x00000000166f9000 	/usr/lib/libenergytrace.dylib
0x00000000166f9000 	/System/Library/PrivateFrameworks/SkyLight.framework/Versions/A/SkyLight
0x00000000166f9000 	/System/Library/Frameworks/CoreGraphics.framework/Versions/A/CoreGraphics
0x00000000166f9000 	/usr/lib/libScreenReader.dylib
0x00000000166f9000 	/System/Library/Frameworks/Accelerate.framework/Versions/A/Accelerate
0x00000000166f9000 	/System/Library/Frameworks/IOSurface.framework/Versions/A/IOSurface
0x00000000166f9000 	/System/Library/Frameworks/AudioToolbox.framework/Versions/A/AudioToolbox
0x00000000166f9000 	/System/Library/Frameworks/AudioUnit.framework/Versions/A/AudioUnit
0x00000000166f9000 	/System/Library/PrivateFrameworks/DataDetectorsCore.framework/Versions/A/DataDetectorsCore
0x00000000166f9000 	/System/Library/PrivateFrameworks/DesktopServicesPriv.framework/Versions/A/DesktopServicesPriv
0x00000000166f9000 	/System/Library/Frameworks/Carbon.framework/Versions/A/Frameworks/HIToolbox.framework/Versions/A/HIToolbox
0x00000000166f9000 	/usr/lib/libicucore.A.dylib
0x00000000166f9000 	/System/Library/Frameworks/QuartzCore.framework/Versions/A/QuartzCore
0x00000000166f9000 	/System/Library/Frameworks/Carbon.framework/Versions/A/Frameworks/SpeechRecognition.framework/Versions/A/SpeechRecognition
0x00000000166f9000 	/usr/lib/libauto.dylib
0x00000000166f9000 	/usr/lib/libxml2.2.dylib
0x00000000166f9000 	/System/Library/PrivateFrameworks/CoreUI.framework/Versions/A/CoreUI
0x00000000166f9000 	/System/Library/Frameworks/CoreAudio.framework/Versions/A/CoreAudio
0x00000000166f9000 	/System/Library/Frameworks/DiskArbitration.framework/Versions/A/DiskArbitration
0x00000000166f9000 	/usr/lib/liblangid.dylib
0x00000000166f9000 	/System/Library/PrivateFrameworks/MultitouchSupport.framework/Versions/A/MultitouchSupport
0x00000000166f9000 	/System/Library/Frameworks/IOKit.framework/Versions/A/IOKit
0x00000000166f9000 	/usr/lib/libDiagnosticMessagesClient.dylib
0x00000000166f9000 	/System/Library/Frameworks/CoreServices.framework/Versions/A/CoreServices
0x00000000166f9000 	/System/Library/PrivateFrameworks/PerformanceAnalysis.framework/Versions/A/PerformanceAnalysis
0x00000000166f9000 	/System/Library/PrivateFrameworks/GenerationalStorage.framework/Versions/A/GenerationalStorage
0x00000000166f9000 	/System/Library/Frameworks/OpenGL.framework/Versions/A/OpenGL
0x00000000166f9000 	/System/Library/Frameworks/CoreImage.framework/Versions/A/CoreImage
0x00000000166f9000 	/System/Library/Frameworks/CoreText.framework/Versions/A/CoreText
0x00000000166f9000 	/System/Library/Frameworks/ImageIO.framework/Versions/A/ImageIO
0x00000000166f9000 	/System/Library/PrivateFrameworks/Backup.framework/Versions/A/Backup
0x00000000166f9000 	/usr/lib/libarchive.2.dylib
0x00000000166f9000 	/System/Library/Frameworks/CFNetwork.framework/Versions/A/CFNetwork
0x00000000166f9000 	/System/Library/Frameworks/SystemConfiguration.framework/Versions/A/SystemConfiguration
0x00000000166f9000 	/usr/lib/libCRFSuite.dylib
0x00000000166f9000 	/usr/lib/libc++.1.dylib
0x00000000166f9000 	/usr/lib/libc++abi.dylib
0x00000000166f9000 	/usr/lib/system/libcache.dylib
0x00000000166f9000 	/usr/lib/system/libcommonCrypto.dylib
0x00000000166f9000 	/usr/lib/system/libcompiler_rt.dylib
0x00000000166f9000 	/usr/lib/system/libcopyfile.dylib
0x00000000166f9000 	/usr/lib/system/libcorecrypto.dylib
0x00000000166f9000 	/usr/lib/system/libdispatch.dylib
0x00000000166f9000 	/usr/lib/system/libdyld.dylib
0x00000000166f9000 	/usr/lib/system/libkeymgr.dylib
0x00000000166f9000 	/usr/lib/system/liblaunch.dylib
0x00000000166f9000 	/usr/lib/system/libmacho.dylib
0x00000000166f9000 	/usr/lib/system/libquarantine.dylib
0x00000000166f9000 	/usr/lib/system/libremovefile.dylib
0x00000000166f9000 	/usr/lib/system/libsystem_asl.dylib
0x00000000166f9000 	/usr/lib/system/libsystem_blocks.dylib
0x00000000166f9000 	/usr/lib/system/libsystem_c.dylib
0x00000000166f9000 	/usr/lib/system/libsystem_configuration.dylib
0x00000000166f9000 	/usr/lib/system/libsystem_coreservices.dylib
0x00000000166f9000 	/usr/lib/system/libsystem_coretls.dylib
0x00000000166f9000 	/usr/lib/system/libsystem_dnssd.dylib
0x00000000166f9000 	/usr/lib/system/libsystem_info.dylib
0x00000000166f9000 	/usr/lib/system/libsystem_kernel.dylib
0x00000000166f9000 	/usr/lib/system/libsystem_m.dylib
0x00000000166f9000 	/usr/lib/system/libsystem_malloc.dylib
0x00000000166f9000 	/usr/lib/system/libsystem_network.dylib
0x00000000166f9000 	/usr/lib/system/libsystem_networkextension.dylib
0x00000000166f9000 	/usr/lib/system/libsystem_notify.dylib
0x00000000166f9000 	/usr/lib/system/libsystem_platform.dylib
0x00000000166f9000 	/usr/lib/system/libsystem_pthread.dylib
0x00000000166f9000 	/usr/lib/system/libsystem_sandbox.dylib
0x00000000166f9000 	/usr/lib/system/libsystem_secinit.dylib
0x00000000166f9000 	/usr/lib/system/libsystem_symptoms.dylib
0x00000000166f9000 	/usr/lib/system/libsystem_trace.dylib
0x00000000166f9000 	/usr/lib/system/libunwind.dylib
0x00000000166f9000 	/usr/lib/system/libxpc.dylib
0x00000000166f9000 	/usr/lib/libbsm.0.dylib
0x00000000166f9000 	/usr/lib/system/libkxld.dylib
0x00000000166f9000 	/usr/lib/libcoretls.dylib
0x00000000166f9000 	/usr/lib/libcoretls_cfhelpers.dylib
0x00000000166f9000 	/usr/lib/libxar.1.dylib
0x00000000166f9000 	/usr/lib/libsqlite3.dylib
0x00000000166f9000 	/usr/lib/libpam.2.dylib
0x00000000166f9000 	/usr/lib/libOpenScriptingUtil.dylib
0x00000000166f9000 	/usr/lib/libbz2.1.0.dylib
0x00000000166f9000 	/usr/lib/liblzma.5.dylib
0x00000000166f9000 	/usr/lib/libnetwork.dylib
0x00000000166f9000 	/usr/lib/libpcap.A.dylib
0x00000000166f9000 	/System/Library/Frameworks/CoreServices.framework/Versions/A/Frameworks/FSEvents.framework/Versions/A/FSEvents
0x00000000166f9000 	/System/Library/Frameworks/CoreServices.framework/Versions/A/Frameworks/CarbonCore.framework/Versions/A/CarbonCore
0x00000000166f9000 	/System/Library/Frameworks/CoreServices.framework/Versions/A/Frameworks/Metadata.framework/Versions/A/Metadata
0x00000000166f9000 	/System/Library/Frameworks/CoreServices.framework/Versions/A/Frameworks/OSServices.framework/Versions/A/OSServices
0x00000000166f9000 	/System/Library/Frameworks/CoreServices.framework/Versions/A/Frameworks/SearchKit.framework/Versions/A/SearchKit
0x00000000166f9000 	/System/Library/Frameworks/CoreServices.framework/Versions/A/Frameworks/AE.framework/Versions/A/AE
0x00000000166f9000 	/System/Library/Frameworks/CoreServices.framework/Versions/A/Frameworks/LaunchServices.framework/Versions/A/LaunchServices
0x00000000166f9000 	/System/Library/Frameworks/CoreServices.framework/Versions/A/Frameworks/DictionaryServices.framework/Versions/A/DictionaryServices
0x00000000166f9000 	/System/Library/Frameworks/CoreServices.framework/Versions/A/Frameworks/SharedFileList.framework/Versions/A/SharedFileList
0x00000000166f9000 	/System/Library/Frameworks/NetFS.framework/Versions/A/NetFS
0x00000000166f9000 	/System/Library/PrivateFrameworks/NetAuth.framework/Versions/A/NetAuth
0x00000000166f9000 	/System/Library/PrivateFrameworks/login.framework/Versions/A/Frameworks/loginsupport.framework/Versions/A/loginsupport
0x00000000166f9000 	/System/Library/PrivateFrameworks/TCC.framework/Versions/A/TCC
0x00000000166f9000 	/usr/lib/libmecabra.dylib
0x00000000166f9000 	/System/Library/Frameworks/ApplicationServices.framework/Versions/A/Frameworks/ATS.framework/Versions/A/ATS
0x00000000166f9000 	/System/Library/Frameworks/ApplicationServices.framework/Versions/A/Frameworks/ColorSync.framework/Versions/A/ColorSync
0x00000000166f9000 	/System/Library/Frameworks/ApplicationServices.framework/Versions/A/Frameworks/HIServices.framework/Versions/A/HIServices
0x00000000166f9000 	/System/Library/Frameworks/ApplicationServices.framework/Versions/A/Frameworks/LangAnalysis.framework/Versions/A/LangAnalysis
0x00000000166f9000 	/System/Library/Frameworks/ApplicationServices.framework/Versions/A/Frameworks/PrintCore.framework/Versions/A/PrintCore
0x00000000166f9000 	/System/Library/Frameworks/ApplicationServices.framework/Versions/A/Frameworks/QD.framework/Versions/A/QD
0x00000000166f9000 	/System/Library/Frameworks/ApplicationServices.framework/Versions/A/Frameworks/SpeechSynthesis.framework/Versions/A/SpeechSynthesis
0x00000000166f9000 	/System/Library/Frameworks/Accelerate.framework/Versions/A/Frameworks/vImage.framework/Versions/A/vImage
0x00000000166f9000 	/System/Library/Frameworks/Accelerate.framework/Versions/A/Frameworks/vecLib.framework/Versions/A/vecLib
0x00000000166f9000 	/System/Library/Frameworks/Accelerate.framework/Versions/A/Frameworks/vecLib.framework/Versions/A/libvDSP.dylib
0x00000000166f9000 	/System/Library/Frameworks/Accelerate.framework/Versions/A/Frameworks/vecLib.framework/Versions/A/libBNNS.dylib
0x00000000166f9000 	/System/Library/Frameworks/Accelerate.framework/Versions/A/Frameworks/vecLib.framework/Versions/A/libQuadrature.dylib
0x00000000166f9000 	/System/Library/Frameworks/Accelerate.framework/Versions/A/Frameworks/vecLib.framework/Versions/A/libvMisc.dylib
0x00000000166f9000 	/System/Library/Frameworks/Accelerate.framework/Versions/A/Frameworks/vecLib.framework/Versions/A/libLAPACK.dylib
0x00000000166f9000 	/System/Library/Frameworks/Accelerate.framework/Versions/A/Frameworks/vecLib.framework/Versions/A/libBLAS.dylib
0x00000000166f9000 	/System/Library/Frameworks/Accelerate.framework/Versions/A/Frameworks/vecLib.framework/Versions/A/libLinearAlgebra.dylib
0x00000000166f9000 	/System/Library/Frameworks/Accelerate.framework/Versions/A/Frameworks/vecLib.framework/Versions/A/libSparseBLAS.dylib
0x00000000166f9000 	/System/Library/Frameworks/ApplicationServices.framework/Versions/A/Frameworks/ATS.framework/Versions/A/Resources/libFontParser.dylib
0x00000000166f9000 	/System/Library/Frameworks/ApplicationServices.framework/Versions/A/Frameworks/ATS.framework/Versions/A/Resources/libFontRegistry.dylib
0x00000000166f9000 	/System/Library/Frameworks/ImageIO.framework/Versions/A/Resources/libJPEG.dylib
0x00000000166f9000 	/System/Library/Frameworks/ImageIO.framework/Versions/A/Resources/libTIFF.dylib
0x00000000166f9000 	/System/Library/Frameworks/ImageIO.framework/Versions/A/Resources/libPng.dylib
0x00000000166f9000 	/System/Library/Frameworks/ImageIO.framework/Versions/A/Resources/libGIF.dylib
0x00000000166f9000 	/System/Library/Frameworks/ImageIO.framework/Versions/A/Resources/libJP2.dylib
0x00000000166f9000 	/System/Library/Frameworks/ImageIO.framework/Versions/A/Resources/libRadiance.dylib
0x00000000166f9000 	/usr/lib/libcompression.dylib
0x00000000166f9000 	/System/Library/PrivateFrameworks/AppleJPEG.framework/Versions/A/AppleJPEG
0x00000000166f9000 	/usr/lib/libcups.2.dylib
0x00000000166f9000 	/System/Library/Frameworks/Kerberos.framework/Versions/A/Kerberos
0x00000000166f9000 	/System/Library/Frameworks/GSS.framework/Versions/A/GSS
0x00000000166f9000 	/usr/lib/libresolv.9.dylib
0x00000000166f9000 	/usr/lib/libiconv.2.dylib
0x00000000166f9000 	/System/Library/PrivateFrameworks/Heimdal.framework/Versions/A/Heimdal
0x00000000166f9000 	/usr/lib/libheimdal-asn1.dylib
0x00000000166f9000 	/System/Library/Frameworks/OpenDirectory.framework/Versions/A/OpenDirectory
0x00000000166f9000 	/System/Library/PrivateFrameworks/CommonAuth.framework/Versions/A/CommonAuth
0x00000000166f9000 	/System/Library/Frameworks/OpenDirectory.framework/Versions/A/Frameworks/CFOpenDirectory.framework/Versions/A/CFOpenDirectory
0x00000000166f9000 	/System/Library/Frameworks/SecurityFoundation.framework/Versions/A/SecurityFoundation
0x00000000166f9000 	/System/Library/PrivateFrameworks/LanguageModeling.framework/Versions/A/LanguageModeling
0x00000000166f9000 	/usr/lib/libmarisa.dylib
0x00000000166f9000 	/usr/lib/libChineseTokenizer.dylib
0x00000000166f9000 	/usr/lib/libcmph.dylib
0x00000000166f9000 	/System/Library/PrivateFrameworks/CoreEmoji.framework/Versions/A/CoreEmoji
0x00000000166f9000 	/System/Library/Frameworks/ServiceManagement.framework/Versions/A/ServiceManagement
0x00000000166f9000 	/usr/lib/libxslt.1.dylib
0x00000000166f9000 	/System/Library/Frameworks/Carbon.framework/Versions/A/Frameworks/Ink.framework/Versions/A/Ink
0x00000000166f9000 	/System/Library/PrivateFrameworks/TextureIO.framework/Versions/A/TextureIO
0x00000000166f9000 	/System/Library/Frameworks/Metal.framework/Versions/A/Metal
0x00000000166f9000 	/usr/lib/libate.dylib
0x00000000166f9000 	/System/Library/PrivateFrameworks/GPUCompiler.framework/libmetal_timestamp.dylib
0x00000000166f9000 	/System/Library/Frameworks/OpenGL.framework/Versions/A/Libraries/libCoreFSCache.dylib
0x00000000166f9000 	/System/Library/PrivateFrameworks/IOAccelerator.framework/Versions/A/IOAccelerator
0x00000000166f9000 	/System/Library/Frameworks/CoreVideo.framework/Versions/A/CoreVideo
0x00000000166f9000 	/usr/lib/libFosl_dynamic.dylib
0x00000000166f9000 	/System/Library/PrivateFrameworks/MetalPerformanceShaders.framework/Versions/A/MetalPerformanceShaders
0x00000000166f9000 	/System/Library/PrivateFrameworks/FaceCore.framework/Versions/A/FaceCore
0x00000000166f9000 	/System/Library/Frameworks/OpenCL.framework/Versions/A/OpenCL
0x00000000166f9000 	/System/Library/Frameworks/OpenGL.framework/Versions/A/Libraries/libGLU.dylib
0x00000000166f9000 	/System/Library/Frameworks/OpenGL.framework/Versions/A/Libraries/libGFXShared.dylib
0x00000000166f9000 	/System/Library/Frameworks/OpenGL.framework/Versions/A/Libraries/libGL.dylib
0x00000000166f9000 	/System/Library/Frameworks/OpenGL.framework/Versions/A/Libraries/libGLImage.dylib
0x00000000166f9000 	/System/Library/Frameworks/OpenGL.framework/Versions/A/Libraries/libCVMSPluginSupport.dylib
0x00000000166f9000 	/System/Library/Frameworks/OpenGL.framework/Versions/A/Libraries/libCoreVMClient.dylib
0x00000000166f9000 	/System/Library/PrivateFrameworks/CrashReporterSupport.framework/Versions/A/CrashReporterSupport
0x00000000166f9000 	/System/Library/PrivateFrameworks/Sharing.framework/Versions/A/Sharing
0x00000000166f9000 	/System/Library/PrivateFrameworks/IconServices.framework/Versions/A/IconServices
0x00000000166f9000 	/System/Library/PrivateFrameworks/ProtocolBuffer.framework/Versions/A/ProtocolBuffer
0x00000000166f9000 	/System/Library/PrivateFrameworks/Apple80211.framework/Versions/A/Apple80211
0x00000000166f9000 	/System/Library/Frameworks/CoreWLAN.framework/Versions/A/CoreWLAN
0x00000000166f9000 	/System/Library/PrivateFrameworks/CoreUtils.framework/Versions/A/CoreUtils
0x00000000166f9000 	/System/Library/Frameworks/IOBluetooth.framework/Versions/A/IOBluetooth
0x00000000166f9000 	/System/Library/PrivateFrameworks/CoreWiFi.framework/Versions/A/CoreWiFi
0x00000000166f9000 	/System/Library/Frameworks/CoreBluetooth.framework/Versions/A/CoreBluetooth
0x00000000166f9000 	/System/Library/Frameworks/CoreDisplay.framework/Versions/A/CoreDisplay
0x00000000166f9000 	/System/Library/PrivateFrameworks/IOPresentment.framework/Versions/A/IOPresentment
0x00000000166f9000 	/System/Library/PrivateFrameworks/DebugSymbols.framework/Versions/A/DebugSymbols
0x00000000166f9000 	/System/Library/PrivateFrameworks/CoreSymbolication.framework/Versions/A/CoreSymbolication
0x00000000166f9000 	/System/Library/PrivateFrameworks/Symbolication.framework/Versions/A/Symbolication
0x00000000166f9000 	/System/Library/PrivateFrameworks/AppleFSCompression.framework/Versions/A/AppleFSCompression
0x00000000166f9000 	/System/Library/PrivateFrameworks/SpeechRecognitionCore.framework/Versions/A/SpeechRecognitionCore
0x00000000166f9000 	/System/Library/PrivateFrameworks/ChunkingLibrary.framework/Versions/A/ChunkingLibrary
0x00000001016c4000 	/System/Library/CoreServices/Encodings/libSimplifiedChineseConverter.dylib
0x0000000102200000 	/Library/Java/JavaVirtualMachines/jdk1.8.0_101.jdk/Contents/Home/jre/lib/server/libjvm.dylib
0x00000000166f9000 	/usr/lib/libstdc++.6.dylib
0x0000000101708000 	/Library/Java/JavaVirtualMachines/jdk1.8.0_101.jdk/Contents/Home/jre/lib/libverify.dylib
0x0000000101716000 	/Library/Java/JavaVirtualMachines/jdk1.8.0_101.jdk/Contents/Home/jre/lib/libjava.dylib
0x0000000101755000 	/Library/Java/JavaVirtualMachines/jdk1.8.0_101.jdk/Contents/Home/jre/lib/libzip.dylib
0x000000011890e000 	/System/Library/Frameworks/JavaVM.framework/Frameworks/JavaRuntimeSupport.framework/JavaRuntimeSupport
0x00000001018a0000 	/System/Library/Frameworks/JavaVM.framework/Versions/A/Frameworks/JavaNativeFoundation.framework/Versions/A/JavaNativeFoundation
0x0000000118928000 	/System/Library/Frameworks/JavaVM.framework/Versions/A/JavaVM
0x00000000166f9000 	/System/Library/Frameworks/Carbon.framework/Versions/A/Carbon
0x0000000118935000 	/System/Library/PrivateFrameworks/JavaLaunching.framework/Versions/A/JavaLaunching
0x00000000166f9000 	/System/Library/Frameworks/Carbon.framework/Versions/A/Frameworks/CommonPanels.framework/Versions/A/CommonPanels
0x00000000166f9000 	/System/Library/Frameworks/Carbon.framework/Versions/A/Frameworks/Help.framework/Versions/A/Help
0x00000000166f9000 	/System/Library/Frameworks/Carbon.framework/Versions/A/Frameworks/ImageCapture.framework/Versions/A/ImageCapture
0x00000000166f9000 	/System/Library/Frameworks/Carbon.framework/Versions/A/Frameworks/OpenScripting.framework/Versions/A/OpenScripting
0x00000000166f9000 	/System/Library/Frameworks/Carbon.framework/Versions/A/Frameworks/Print.framework/Versions/A/Print
0x00000000166f9000 	/System/Library/Frameworks/Carbon.framework/Versions/A/Frameworks/SecurityHI.framework/Versions/A/SecurityHI
0x000000011a287000 	/Library/Java/JavaVirtualMachines/jdk1.8.0_101.jdk/Contents/Home/jre/lib/libawt.dylib
0x000000011a32f000 	/Library/Java/JavaVirtualMachines/jdk1.8.0_101.jdk/Contents/Home/jre/lib/./libmlib_image.dylib
0x000000011a3fb000 	/Library/Java/JavaVirtualMachines/jdk1.8.0_101.jdk/Contents/Home/jre/lib/libawt_lwawt.dylib
0x000000011a4b0000 	/Library/Java/JavaVirtualMachines/jdk1.8.0_101.jdk/Contents/Home/jre/lib/./libosxapp.dylib
0x00000000166f9000 	/System/Library/Frameworks/ExceptionHandling.framework/Versions/A/ExceptionHandling
0x00000000166f9000 	/System/Library/PrivateFrameworks/CoreServicesInternal.framework/Versions/A/CoreServicesInternal
0x00000000166f9000 	/System/Library/CoreServices/RawCamera.bundle/Contents/MacOS/RawCamera
0x00000000166f9000 	/System/Library/Frameworks/Accelerate.framework/Versions/A/Frameworks/vImage.framework/Versions/A/Libraries/libCGInterfaces.dylib
0x00000000166f9000 	/System/Library/Frameworks/ApplicationServices.framework/Versions/A/Frameworks/ATS.framework/Versions/A/Resources/libTrueTypeScaler.dylib
0x00000000166f9000 	/System/Library/Frameworks/OpenGL.framework/Versions/A/Resources/GLEngine.bundle/GLEngine
0x00000000166f9000 	/System/Library/Frameworks/OpenGL.framework/Versions/A/Libraries/libGLProgrammability.dylib
0x000000011bdf7000 	/System/Library/Extensions/AppleIntelBDWGraphicsGLDriver.bundle/Contents/MacOS/AppleIntelBDWGraphicsGLDriver
0x00000000166f9000 	/System/Library/PrivateFrameworks/GPUSupport.framework/Versions/A/Libraries/libGPUSupportMercury.dylib
0x00000000166f9000 	/System/Library/Frameworks/OpenGL.framework/Versions/A/Resources/GLRendererFloat.bundle/GLRendererFloat
0x00000000166f9000 	/System/Library/Frameworks/OpenCL.framework/Versions/A/Libraries/libcldcpuengine.dylib
0x00000000166f9000 	/usr/lib/libcrypto.0.9.8.dylib
0x00000000166f9000 	/System/Library/PrivateFrameworks/TrustEvaluationAgent.framework/Versions/A/TrustEvaluationAgent
0x000000011c571000 	/System/Library/Extensions/AppleIntelBDWGraphicsMTLDriver.bundle/Contents/MacOS/AppleIntelBDWGraphicsMTLDriver
0x00000000166f9000 	/System/Library/PrivateFrameworks/FamilyControls.framework/Versions/A/FamilyControls
0x00000000166f9000 	/System/Library/PrivateFrameworks/CommerceKit.framework/Versions/A/Frameworks/CommerceCore.framework/Versions/A/CommerceCore
0x00000000166f9000 	/System/Library/PrivateFrameworks/SystemAdministration.framework/Versions/A/SystemAdministration
0x00000000166f9000 	/System/Library/PrivateFrameworks/AppContainer.framework/Versions/A/AppContainer
0x00000000166f9000 	/System/Library/PrivateFrameworks/SecCodeWrapper.framework/Versions/A/SecCodeWrapper
0x00000000166f9000 	/System/Library/Frameworks/DirectoryService.framework/Versions/A/DirectoryService
0x00000000166f9000 	/System/Library/PrivateFrameworks/DiskImages.framework/Versions/A/DiskImages
0x00000000166f9000 	/System/Library/PrivateFrameworks/LoginUIKit.framework/Versions/A/Frameworks/LoginUICore.framework/Versions/A/LoginUICore
0x00000000166f9000 	/usr/lib/libCoreStorage.dylib
0x00000000166f9000 	/usr/lib/libcsfde.dylib
0x00000000166f9000 	/usr/lib/libodfde.dylib
0x00000000166f9000 	/System/Library/Frameworks/DiscRecording.framework/Versions/A/DiscRecording
0x00000000166f9000 	/usr/lib/libcurl.4.dylib
0x00000000166f9000 	/System/Library/PrivateFrameworks/MediaKit.framework/Versions/A/MediaKit
0x00000000166f9000 	/System/Library/PrivateFrameworks/ProtectedCloudStorage.framework/Versions/A/ProtectedCloudStorage
0x00000000166f9000 	/System/Library/PrivateFrameworks/EFILogin.framework/Versions/A/EFILogin
0x00000000166f9000 	/usr/lib/libutil.dylib
0x00000000166f9000 	/System/Library/Frameworks/LDAP.framework/Versions/A/LDAP
0x00000000166f9000 	/usr/lib/libsasl2.2.dylib
0x00000000166f9000 	/System/Library/PrivateFrameworks/CoreDaemon.framework/Versions/B/CoreDaemon
0x00000000166f9000 	/System/Library/PrivateFrameworks/AppleSRP.framework/Versions/A/AppleSRP
0x00000000166f9000 	/System/Library/PrivateFrameworks/APFS.framework/Versions/A/APFS
0x000000011e173000 	/Library/Java/JavaVirtualMachines/jdk1.8.0_101.jdk/Contents/Home/jre/lib/libfontmanager.dylib
0x00000000166f9000 	/System/Library/PrivateFrameworks/ViewBridge.framework/Versions/A/ViewBridge
0x00000000166f9000 	/System/Library/PrivateFrameworks/XPCService.framework/Versions/A/XPCService
0x00000000166f9000 	/System/Library/PrivateFrameworks/AppSandbox.framework/Versions/A/AppSandbox
0x00000000166f9000 	/usr/lib/libsandbox.1.dylib
0x00000000166f9000 	/usr/lib/libMatch.1.dylib
0x0000000124908000 	/Library/Java/JavaVirtualMachines/jdk1.8.0_101.jdk/Contents/Home/jre/lib/libosxui.dylib
0x000000012565b000 	/Library/Java/JavaVirtualMachines/jdk1.8.0_101.jdk/Contents/Home/jre/lib/libnet.dylib
0x0000000125400000 	/Library/Java/JavaVirtualMachines/jdk1.8.0_101.jdk/Contents/Home/jre/lib/libnio.dylib
0x000000011f1fc000 	/private/var/folders/q4/85d40lgj5sb4bdsw5z53b8cr0000gn/T/jogamp_0000/file_cache/jln8139508796546262854/jln6746569608169013902/libgluegen-rt.jnilib
0x000000011f200000 	/private/var/folders/q4/85d40lgj5sb4bdsw5z53b8cr0000gn/T/jogamp_0000/file_cache/jln8139508796546262854/jln6746569608169013902/libnativewindow_awt.jnilib
0x00000001253db000 	/Library/Java/JavaVirtualMachines/jdk1.8.0_101.jdk/Contents/Home/jre/lib/libjawt.dylib
0x000000014bdab000 	/private/var/folders/q4/85d40lgj5sb4bdsw5z53b8cr0000gn/T/jogamp_0000/file_cache/jln8139508796546262854/jln6746569608169013902/libnativewindow_macosx.jnilib
0x000000014d76d000 	/private/var/folders/q4/85d40lgj5sb4bdsw5z53b8cr0000gn/T/jogamp_0000/file_cache/jln8139508796546262854/jln6746569608169013902/libjogl_desktop.jnilib
0x0000000151cc5000 	/Library/Java/JavaVirtualMachines/jdk1.8.0_101.jdk/Contents/Home/jre/lib/libt2k.dylib

VM Arguments:
jvm_args: -Djava.security.policy=java.policy.applet -Dfile.encoding=UTF-8 
java_command: sun.applet.AppletViewer Visualization.NYCMap1481774056937.html
java_class_path (initial): /Users/gbzlivint/Documents/workspace/VisualizionUnfoldingMap/bin:/Users/gbzlivint/Documents/workspace/VisualizionUnfoldingMap/lib/core.jar:/Users/gbzlivint/Documents/workspace/VisualizionUnfoldingMap/lib/gluegen-rt-natives-linux-amd64.jar:/Users/gbzlivint/Documents/workspace/VisualizionUnfoldingMap/lib/gluegen-rt-natives-linux-armv6hf.jar:/Users/gbzlivint/Documents/workspace/VisualizionUnfoldingMap/lib/gluegen-rt-natives-linux-i586.jar:/Users/gbzlivint/Documents/workspace/VisualizionUnfoldingMap/lib/gluegen-rt-natives-macosx-universal.jar:/Users/gbzlivint/Documents/workspace/VisualizionUnfoldingMap/lib/gluegen-rt-natives-windows-amd64.jar:/Users/gbzlivint/Documents/workspace/VisualizionUnfoldingMap/lib/gluegen-rt-natives-windows-i586.jar:/Users/gbzlivint/Documents/workspace/VisualizionUnfoldingMap/lib/gluegen-rt.jar:/Users/gbzlivint/Documents/workspace/VisualizionUnfoldingMap/lib/jogl-all-natives-linux-amd64.jar:/Users/gbzlivint/Documents/workspace/VisualizionUnfoldingMap/lib/jogl-all-natives-linux-armv6hf.jar:/Users/gbzlivint/Documents/workspace/VisualizionUnfoldingMap/lib/jogl-all-natives-linux-i586.jar:/Users/gbzlivint/Documents/workspace/VisualizionUnfoldingMap/lib/jogl-all-natives-macosx-universal.jar:/Users/gbzlivint/Documents/workspace/VisualizionUnfoldingMap/lib/jogl-all-natives-windows-amd64.jar:/Users/gbzlivint/Documents/workspace/VisualizionUnfoldingMap/lib/jogl-all-natives-windows-i586.jar:/Users/gbzlivint/Documents/workspace/VisualizionUnfoldingMap/lib/jogl-all.jar:/Users/gbzlivint/Documents/workspace/VisualizionUnfoldingMap/lib/json4processing.jar:/Users/gbzlivint/Documents/workspace/VisualizionUnfoldingMap/lib/libTUIO.jar:/Users/gbzlivint/Documents/workspace/VisualizionUnfoldingMap/lib/log4j-1.2.15.jar:/Users/gbzlivint/Documents/workspace/VisualizionUnfoldingMap/lib/sqlite-jdbc-3.7.2.jar:/Users/gbzlivint/Documents/workspace/VisualizionUnfoldingMap/lib/unfolding.0.9.7-uscd.jar
Launcher Type: SUN_STANDARD

Environment Variables:
PATH=/usr/bin:/bin:/usr/sbin:/sbin
SHELL=/bin/bash

Signal Handlers:
SIGSEGV: [libjvm.dylib+0x5af145], sa_mask[0]=11111111011111110111111111111111, sa_flags=SA_ONSTACK|SA_RESTART|SA_SIGINFO
SIGBUS: [libjvm.dylib+0x5af145], sa_mask[0]=11111111011111110111111111111111, sa_flags=SA_RESTART|SA_SIGINFO
SIGFPE: [libjvm.dylib+0x48694c], sa_mask[0]=11111111011111110111111111111111, sa_flags=SA_RESTART|SA_SIGINFO
SIGPIPE: [libjvm.dylib+0x48694c], sa_mask[0]=11111111011111110111111111111111, sa_flags=SA_RESTART|SA_SIGINFO
SIGXFSZ: [libjvm.dylib+0x48694c], sa_mask[0]=11111111011111110111111111111111, sa_flags=SA_RESTART|SA_SIGINFO
SIGILL: [libjvm.dylib+0x48694c], sa_mask[0]=11111111011111110111111111111111, sa_flags=SA_RESTART|SA_SIGINFO
SIGUSR1: SIG_DFL, sa_mask[0]=00000000000000000000000000000000, sa_flags=none
SIGUSR2: [libjvm.dylib+0x48646a], sa_mask[0]=00100000000000000000000000000000, sa_flags=SA_RESTART|SA_SIGINFO
SIGHUP: [libjvm.dylib+0x484a41], sa_mask[0]=11111111011111110111111111111111, sa_flags=SA_RESTART|SA_SIGINFO
SIGINT: [libjvm.dylib+0x484a41], sa_mask[0]=11111111011111110111111111111111, sa_flags=SA_RESTART|SA_SIGINFO
SIGTERM: [libjvm.dylib+0x484a41], sa_mask[0]=11111111011111110111111111111111, sa_flags=SA_RESTART|SA_SIGINFO
SIGQUIT: [libjvm.dylib+0x484a41], sa_mask[0]=11111111011111110111111111111111, sa_flags=SA_RESTART|SA_SIGINFO


---------------  S Y S T E M  ---------------

OS:Bsduname:Darwin 16.0.0 Darwin Kernel Version 16.0.0: Mon Aug 29 17:56:20 PDT 2016; root:xnu-3789.1.32~3/RELEASE_X86_64 x86_64
rlimit: STACK 8192k, CORE 0k, NPROC 709, NOFILE 10240, AS infinity
load average:3.70 3.57 3.38

CPU:total 4 (2 cores per cpu, 2 threads per core) family 6 model 61 stepping 4, cmov, cx8, fxsr, mmx, sse, sse2, sse3, ssse3, sse4.1, sse4.2, popcnt, avx, avx2, aes, clmul, erms, 3dnowpref, lzcnt, ht, tsc, tscinvbit, bmi1, bmi2, adx

Memory: 4k page, physical 8388608k(311388k free)

/proc/meminfo:


vm_info: Java HotSpot(TM) 64-Bit Server VM (25.101-b13) for bsd-amd64 JRE (1.8.0_101-b13), built on Jun 22 2016 02:42:15 by "java_re" with gcc 4.2.1 (Based on Apple Inc. build 5658) (LLVM build 2336.11.00)

time: Wed Dec 14 22:55:07 2016
elapsed time: 50 seconds (0d 0h 0m 50s)

