#
# A fatal error has been detected by the Java Runtime Environment:
#
#  SIGSEGV (0xb) at pc=0x00007fffa0049b5d, pid=6492, tid=0x000000000000080b
#
# JRE version: Java(TM) SE Runtime Environment (8.0_101-b13) (build 1.8.0_101-b13)
# Java VM: Java HotSpot(TM) 64-Bit Server VM (25.101-b13 mixed mode bsd-amd64 compressed oops)
# Problematic frame:
# C  [libobjc.A.dylib+0x6b5d]  objc_msgSend+0x1d
#
# Failed to write core dump. Core dumps have been disabled. To enable core dumping, try "ulimit -c unlimited" before starting Java again
#
# If you would like to submit a bug report, please visit:
#   http://bugreport.java.com/bugreport/crash.jsp
# The crash happened outside the Java Virtual Machine in native code.
# See problematic frame for where to report the bug.
#

---------------  T H R E A D  ---------------

Current thread (0x00007fe57d992800):  JavaThread "AWT-AppKit" daemon [_thread_in_native, id=2059, stack(0x00007fff5efdf000,0x00007fff5f7df000)]

siginfo: si_signo: 11 (SIGSEGV), si_code: 1 (SEGV_MAPERR), si_addr: 0x000007fe581827c0

Registers:
RAX=0x00007fe581b96760, RBX=0x000000014aa88450, RCX=0x00007fe57e401d90, RDX=0x0000000000000000
RSP=0x00007fff5f7d9f48, RBP=0x00007fff5f7da000, RSI=0x00007fff8a0d81c3, RDI=0x00007fe581b95a60
R8 =0x0000000000000018, R9 =0x00007fe57e401ce0, R10=0x000007fe581827a8, R11=0x00007fff8a0d81c3
R12=0x0000000000000000, R13=0x000000014d631d18, R14=0x000000014aa88440, R15=0x00007fe57d992800
RIP=0x00007fffa0049b5d, EFLAGS=0x0000000000010202, ERR=0x0000000000000004
  TRAPNO=0x000000000000000e

Top of Stack: (sp=0x00007fff5f7d9f48)
0x00007fff5f7d9f48:   000000014aa86157 00007fff5f7d9fa0
0x00007fff5f7d9f58:   0000000000000003 00007fff5f7d9f80
0x00007fff5f7d9f68:   0000000100ff28e6 000000014d631d18
0x00007fff5f7d9f78:   000000014d631d18 00007fe581b96760
0x00007fff5f7d9f88:   000000014aa886a0 000000014aa88710
0x00007fff5f7d9f98:   00007fffa600f6d0 00007fffa6c73f90
0x00007fff5f7d9fa8:   000000014aa88450 000000014aa88690
0x00007fff5f7d9fb8:   00007fe581b96760 00007fe581b95a60
0x00007fff5f7d9fc8:   00007fe57bc58fd0 00007fe581b96760
0x00007fff5f7d9fd8:   00007fe581b95a60 00007fff5f7da088
0x00007fff5f7d9fe8:   00007fe57d9929f8 000000014d631d18
0x00007fff5f7d9ff8:   00007fff5f7da0b0 00007fff5f7da078
0x00007fff5f7da008:   00000001036e99d4 000000014d631d18
0x00007fff5f7da018:   00007fff5f7da0b0 00007fff5f7da078
0x00007fff5f7da028:   00000001036e9767 00000001036e9722
0x00007fff5f7da038:   00007fff5f7da038 000000014d631d18
0x00007fff5f7da048:   00007fff5f7da0b0 000000014d634950
0x00007fff5f7da058:   0000000000000000 000000014d631d18
0x00007fff5f7da068:   0000000000000000 00007fff5f7da098
0x00007fff5f7da078:   00007fff5f7da0f8 00000001036da2bd
0x00007fff5f7da088:   00000007416333c0 00000001036e3538
0x00007fff5f7da098:   00007fe581b96760 00007fff5f7da0f8
0x00007fff5f7da0a8:   00007fe581b95a60 00000001036e4e02
0x00007fff5f7da0b8:   00007fff5f7da0b8 000000014d631ee2
0x00007fff5f7da0c8:   00007fff5f7da120 000000014d634950
0x00007fff5f7da0d8:   0000000000000000 000000014d631ef0
0x00007fff5f7da0e8:   00007fff5f7da098 00007fff5f7da108
0x00007fff5f7da0f8:   00007fff5f7da168 00000001036da2bd
0x00007fff5f7da108:   00007fe581b96760 00000007415aeb28
0x00007fff5f7da118:   00007fe581b95a60 00000007415aeb28
0x00007fff5f7da128:   00007fff5f7da128 000000015dc13b66
0x00007fff5f7da138:   00007fff5f7da178 000000015dc13c20 

Instructions: (pc=0x00007fffa0049b5d)
0x00007fffa0049b3d:   0f 1f 00 48 85 ff 2e 74 62 40 f6 c7 01 2e 75 66
0x00007fffa0049b4d:   49 ba f8 ff ff ff ff 7f 00 00 4c 23 17 49 89 f3
0x00007fffa0049b5d:   45 23 5a 18 49 c1 e3 04 4d 03 5a 10 49 3b 33 75
0x00007fffa0049b6d:   04 41 ff 63 08 49 83 3b 01 76 0d 49 83 c3 10 49 

Register to memory mapping:

RAX=0x00007fe581b96760 is an unknown value
RBX=0x000000014aa88450: Java_jogamp_nativewindow_macosx_OSXUtil_GetScreenRefreshRate0+0x1cf0 in /private/var/folders/q4/85d40lgj5sb4bdsw5z53b8cr0000gn/T/jogamp_0000/file_cache/jln3233521990031069926/jln4671164539840409297/libnativewindow_macosx.jnilib at 0x000000014aa81000
RCX=0x00007fe57e401d90 is an unknown value
RDX=0x0000000000000000 is an unknown value
RSP=0x00007fff5f7d9f48 is pointing into the stack for thread: 0x00007fe57d992800
RBP=0x00007fff5f7da000 is pointing into the stack for thread: 0x00007fe57d992800
RSI=0x00007fff8a0d81c3: __NSStyleNameIndexTable+0x814d6 in /System/Library/Frameworks/AppKit.framework/Versions/C/AppKit at 0x00007fff89546000
RDI=0x00007fe581b95a60 is an unknown value
R8 =0x0000000000000018 is an unknown value
R9 =0x00007fe57e401ce0 is an unknown value
R10=0x000007fe581827a8 is an unknown value
R11=0x00007fff8a0d81c3: __NSStyleNameIndexTable+0x814d6 in /System/Library/Frameworks/AppKit.framework/Versions/C/AppKit at 0x00007fff89546000
R12=0x0000000000000000 is an unknown value
R13={method} {0x000000014d631d18} 'UnsetJAWTRootSurfaceLayer0' '(JJ)V' in 'jogamp/nativewindow/jawt/macosx/MacOSXJAWTWindow'
R14=0x000000014aa88440: Java_jogamp_nativewindow_macosx_OSXUtil_GetScreenRefreshRate0+0x1ce0 in /private/var/folders/q4/85d40lgj5sb4bdsw5z53b8cr0000gn/T/jogamp_0000/file_cache/jln3233521990031069926/jln4671164539840409297/libnativewindow_macosx.jnilib at 0x000000014aa81000
R15=0x00007fe57d992800 is a thread


Stack: [0x00007fff5efdf000,0x00007fff5f7df000],  sp=0x00007fff5f7d9f48,  free space=8171k
Native frames: (J=compiled Java code, j=interpreted, Vv=VM code, C=native code)
C  [libobjc.A.dylib+0x6b5d]  objc_msgSend+0x1d
j  jogamp.nativewindow.jawt.macosx.MacOSXJAWTWindow.UnsetJAWTRootSurfaceLayer0(JJ)V+0
j  jogamp.nativewindow.jawt.macosx.MacOSXJAWTWindow.access$200(JJ)V+2
j  jogamp.nativewindow.jawt.macosx.MacOSXJAWTWindow$1.run()V+38
J 3169 C1 com.jogamp.common.util.RunnableTask.run()V (345 bytes) @ 0x0000000104121194 [0x0000000104121000+0x194]
v  ~StubRoutines::call_stub
V  [libjvm.dylib+0x2ecf06]
V  [libjvm.dylib+0x324111]
V  [libjvm.dylib+0x3168df]
C  [libnativewindow_macosx.jnilib+0x5326]  Java_jogamp_nativewindow_jawt_macosx_MacOSXJAWTWindow_UnsetJAWTRootSurfaceLayer0+0x2b6
C  [Foundation+0x71f2a]  __NSThreadPerformPerform+0x146
C  [CoreFoundation+0xa7551]  __CFRUNLOOP_IS_CALLING_OUT_TO_A_SOURCE0_PERFORM_FUNCTION__+0x11
C  [CoreFoundation+0x88637]  __CFRunLoopDoSources0+0x1a7
C  [CoreFoundation+0x87bb6]  __CFRunLoopRun+0x3a6
C  [CoreFoundation+0x875b4]  CFRunLoopRunSpecific+0x1a4
C  [HIToolbox+0x30f6c]  RunCurrentEventLoopInMode+0xf0
C  [HIToolbox+0x30ca9]  ReceiveNextEventCommon+0xb8
C  [HIToolbox+0x30bd6]  _BlockUntilNextEventMatchingListInModeWithFilter+0x47
C  [AppKit+0x475f5]  _DPSNextEvent+0x445
C  [AppKit+0x7578eb]  -[NSApplication(NSEvent) _nextEventMatchingEventMask:untilDate:inMode:dequeue:]+0x665
C  [libosxapp.dylib+0x23aa]  -[NSApplicationAWT nextEventMatchingMask:untilDate:inMode:dequeue:]+0x7c
C  [AppKit+0x3bfbd]  -[NSApplication run]+0x39e
C  [libosxapp.dylib+0x214d]  +[NSApplicationAWT runAWTLoopWithApp:]+0x9c
C  [libawt_lwawt.dylib+0x444b3]  -[AWTStarter starter:]+0x389
C  [Foundation+0x71f2a]  __NSThreadPerformPerform+0x146
C  [CoreFoundation+0xa7551]  __CFRUNLOOP_IS_CALLING_OUT_TO_A_SOURCE0_PERFORM_FUNCTION__+0x11
C  [CoreFoundation+0x886bd]  __CFRunLoopDoSources0+0x22d
C  [CoreFoundation+0x87bb6]  __CFRunLoopRun+0x3a6
C  [CoreFoundation+0x875b4]  CFRunLoopRunSpecific+0x1a4
C  [java+0x6465]  CreateExecutionEnvironment+0x367
C  [java+0x218c]  JLI_Launch+0x7a0
C  [java+0x84c2]  main+0x65
C  [java+0x19e4]  start+0x34
C  0x0000000000000007

Java frames: (J=compiled Java code, j=interpreted, Vv=VM code)
j  jogamp.nativewindow.jawt.macosx.MacOSXJAWTWindow.UnsetJAWTRootSurfaceLayer0(JJ)V+0
j  jogamp.nativewindow.jawt.macosx.MacOSXJAWTWindow.access$200(JJ)V+2
j  jogamp.nativewindow.jawt.macosx.MacOSXJAWTWindow$1.run()V+38
J 3169 C1 com.jogamp.common.util.RunnableTask.run()V (345 bytes) @ 0x0000000104121194 [0x0000000104121000+0x194]
v  ~StubRoutines::call_stub

---------------  P R O C E S S  ---------------

Java Threads: ( => current thread )
  0x00007fe584c83800 JavaThread "Thread-306" [_thread_blocked, id=70651, stack(0x000070000c103000,0x000070000c203000)]
  0x00007fe57c516800 JavaThread "AWT-EventQueue-1" [_thread_in_native, id=63003, stack(0x000070000bf7d000,0x000070000c07d000)]
  0x00007fe57d000000 JavaThread "DestroyJavaVM" [_thread_blocked, id=7427, stack(0x000070000a9b8000,0x000070000aab8000)]
  0x00007fe57d9fc000 JavaThread "AWT-EventQueue-0" [_thread_blocked, id=59411, stack(0x000070000bd77000,0x000070000be77000)]
  0x00007fe57c961000 JavaThread "Java2D Disposer" daemon [_thread_blocked, id=56079, stack(0x000070000baee000,0x000070000bbee000)]
  0x00007fe57c187000 JavaThread "Java2D Queue Flusher" daemon [_thread_blocked, id=46899, stack(0x000070000b9eb000,0x000070000baeb000)]
  0x00007fe57d9c3800 JavaThread "AWT-Shutdown" [_thread_blocked, id=29727, stack(0x000070000b7e2000,0x000070000b8e2000)]
=>0x00007fe57d992800 JavaThread "AWT-AppKit" daemon [_thread_in_native, id=2059, stack(0x00007fff5efdf000,0x00007fff5f7df000)]
  0x00007fe57c809000 JavaThread "Service Thread" daemon [_thread_blocked, id=18947, stack(0x000070000b5dc000,0x000070000b6dc000)]
  0x00007fe57c04b000 JavaThread "C1 CompilerThread2" daemon [_thread_blocked, id=18435, stack(0x000070000b4d9000,0x000070000b5d9000)]
  0x00007fe57c043000 JavaThread "C2 CompilerThread1" daemon [_thread_blocked, id=17923, stack(0x000070000b3d6000,0x000070000b4d6000)]
  0x00007fe57c048000 JavaThread "C2 CompilerThread0" daemon [_thread_blocked, id=17411, stack(0x000070000b2d3000,0x000070000b3d3000)]
  0x00007fe57c008800 JavaThread "Signal Dispatcher" daemon [_thread_blocked, id=16899, stack(0x000070000b1d0000,0x000070000b2d0000)]
  0x00007fe57c03c800 JavaThread "Finalizer" daemon [_thread_blocked, id=12803, stack(0x000070000b0cd000,0x000070000b1cd000)]
  0x00007fe57c039800 JavaThread "Reference Handler" daemon [_thread_blocked, id=12291, stack(0x000070000afca000,0x000070000b0ca000)]

Other Threads:
  0x00007fe57d00e000 VMThread [stack: 0x000070000aec7000,0x000070000afc7000] [id=11779]
  0x00007fe57c815800 WatcherThread [stack: 0x000070000b6df000,0x000070000b7df000] [id=19459]

VM state:not at safepoint (normal execution)

VM Mutex/Monitor currently owned by a thread: None

Heap:
 PSYoungGen      total 518656K, used 483345K [0x0000000795580000, 0x00000007bb400000, 0x00000007c0000000)
  eden space 499200K, 92% used [0x0000000795580000,0x00000007b1aa4268,0x00000007b3d00000)
  from space 19456K, 99% used [0x00000007b8380000,0x00000007b9660490,0x00000007b9680000)
  to   space 30208K, 0% used [0x00000007b9680000,0x00000007b9680000,0x00000007bb400000)
 ParOldGen       total 134656K, used 81345K [0x0000000740000000, 0x0000000748380000, 0x0000000795580000)
  object space 134656K, 60% used [0x0000000740000000,0x0000000744f70498,0x0000000748380000)
 Metaspace       used 20241K, capacity 20467K, committed 20736K, reserved 1069056K
  class space    used 1928K, capacity 2016K, committed 2048K, reserved 1048576K

Card table byte_map: [0x000000010215d000,0x000000010255e000] byte_map_base: 0x00000000fe75d000

Marking Bits: (ParMarkBitMap*) 0x00000001016edd20
 Begin Bits: [0x00000001126d2000, 0x00000001146d2000)
 End Bits:   [0x00000001146d2000, 0x00000001166d2000)

Polling page: 0x00000001004f5000

CodeCache: size=245760Kb used=10534Kb max_used=10744Kb free=235225Kb
 bounds [0x00000001036d2000, 0x00000001041a2000, 0x00000001126d2000]
 total_blobs=3754 nmethods=2874 adapters=793
 compilation: enabled

Compilation events (10 events):
Event: 55.843 Thread 0x00007fe57c04b000 3577       3       sun.lwawt.LWComponentPeer::handleEvent (104 bytes)
Event: 55.845 Thread 0x00007fe57c04b000 nmethod 3577 0x0000000103ed2e90 code [0x0000000103ed30a0, 0x0000000103ed4148]
Event: 55.845 Thread 0x00007fe57c04b000 3578   !   3       sun.lwawt.LWComponentPeer::sendEventToDelegate (87 bytes)
Event: 55.846 Thread 0x00007fe57c04b000 nmethod 3578 0x000000010384c8d0 code [0x000000010384cb00, 0x000000010384dc88]
Event: 56.850 Thread 0x00007fe57c04b000 3579       3       java.lang.Integer::equals (29 bytes)
Event: 56.850 Thread 0x00007fe57c04b000 nmethod 3579 0x0000000103fc2b90 code [0x0000000103fc2d00, 0x0000000103fc3170]
Event: 56.961 Thread 0x00007fe57c048000 3580  s    4       sun.misc.URLClassPath::getNextLoader (88 bytes)
Event: 56.962 Thread 0x00007fe57c04b000 3581  s!   2       sun.misc.URLClassPath::getLoader (197 bytes)
Event: 56.966 Thread 0x00007fe57c04b000 nmethod 3581 0x0000000103afda10 code [0x0000000103afdd00, 0x0000000103aff428]
Event: 56.971 Thread 0x00007fe57c048000 nmethod 3580 0x0000000103fc1d90 code [0x0000000103fc1f00, 0x0000000103fc2678]

GC Heap History (10 events):
Event: 47.417 GC heap before
{Heap before GC invocations=32 (full 1):
 PSYoungGen      total 664064K, used 651137K [0x0000000795580000, 0x00000007c0000000, 0x00000007c0000000)
  eden space 631296K, 100% used [0x0000000795580000,0x00000007bbe00000,0x00000007bbe00000)
  from space 32768K, 60% used [0x00000007be000000,0x00000007bf3604a0,0x00000007c0000000)
  to   space 33792K, 0% used [0x00000007bbe00000,0x00000007bbe00000,0x00000007bdf00000)
 ParOldGen       total 134656K, used 80545K [0x0000000740000000, 0x0000000748380000, 0x0000000795580000)
  object space 134656K, 59% used [0x0000000740000000,0x0000000744ea8488,0x0000000748380000)
 Metaspace       used 20194K, capacity 20435K, committed 20736K, reserved 1069056K
  class space    used 1920K, capacity 1984K, committed 2048K, reserved 1048576K
Event: 47.422 GC heap after
Heap after GC invocations=32 (full 1):
 PSYoungGen      total 621568K, used 19201K [0x0000000795580000, 0x00000007be380000, 0x00000007c0000000)
  eden space 602112K, 0% used [0x0000000795580000,0x0000000795580000,0x00000007ba180000)
  from space 19456K, 98% used [0x00000007bbe00000,0x00000007bd0c04a0,0x00000007bd100000)
  to   space 18944K, 0% used [0x00000007bd100000,0x00000007bd100000,0x00000007be380000)
 ParOldGen       total 134656K, used 80553K [0x0000000740000000, 0x0000000748380000, 0x0000000795580000)
  object space 134656K, 59% used [0x0000000740000000,0x0000000744eaa488,0x0000000748380000)
 Metaspace       used 20194K, capacity 20435K, committed 20736K, reserved 1069056K
  class space    used 1920K, capacity 1984K, committed 2048K, reserved 1048576K
}
Event: 49.322 GC heap before
{Heap before GC invocations=33 (full 1):
 PSYoungGen      total 621568K, used 621313K [0x0000000795580000, 0x00000007be380000, 0x00000007c0000000)
  eden space 602112K, 100% used [0x0000000795580000,0x00000007ba180000,0x00000007ba180000)
  from space 19456K, 98% used [0x00000007bbe00000,0x00000007bd0c04a0,0x00000007bd100000)
  to   space 18944K, 0% used [0x00000007bd100000,0x00000007bd100000,0x00000007be380000)
 ParOldGen       total 134656K, used 80553K [0x0000000740000000, 0x0000000748380000, 0x0000000795580000)
  object space 134656K, 59% used [0x0000000740000000,0x0000000744eaa488,0x0000000748380000)
 Metaspace       used 20194K, capacity 20435K, committed 20736K, reserved 1069056K
  class space    used 1920K, capacity 1984K, committed 2048K, reserved 1048576K
Event: 49.327 GC heap after
Heap after GC invocations=33 (full 1):
 PSYoungGen      total 593408K, used 18913K [0x0000000795580000, 0x00000007be380000, 0x00000007c0000000)
  eden space 574464K, 0% used [0x0000000795580000,0x0000000795580000,0x00000007b8680000)
  from space 18944K, 99% used [0x00000007bd100000,0x00000007be378490,0x00000007be380000)
  to   space 34304K, 0% used [0x00000007ba080000,0x00000007ba080000,0x00000007bc200000)
 ParOldGen       total 134656K, used 81321K [0x0000000740000000, 0x0000000748380000, 0x0000000795580000)
  object space 134656K, 60% used [0x0000000740000000,0x0000000744f6a498,0x0000000748380000)
 Metaspace       used 20194K, capacity 20435K, committed 20736K, reserved 1069056K
  class space    used 1920K, capacity 1984K, committed 2048K, reserved 1048576K
}
Event: 51.210 GC heap before
{Heap before GC invocations=34 (full 1):
 PSYoungGen      total 593408K, used 593377K [0x0000000795580000, 0x00000007be380000, 0x00000007c0000000)
  eden space 574464K, 100% used [0x0000000795580000,0x00000007b8680000,0x00000007b8680000)
  from space 18944K, 99% used [0x00000007bd100000,0x00000007be378490,0x00000007be380000)
  to   space 34304K, 0% used [0x00000007ba080000,0x00000007ba080000,0x00000007bc200000)
 ParOldGen       total 134656K, used 81321K [0x0000000740000000, 0x0000000748380000, 0x0000000795580000)
  object space 134656K, 60% used [0x0000000740000000,0x0000000744f6a498,0x0000000748380000)
 Metaspace       used 20194K, capacity 20435K, committed 20736K, reserved 1069056K
  class space    used 1920K, capacity 1984K, committed 2048K, reserved 1048576K
Event: 51.219 GC heap after
Heap after GC invocations=34 (full 1):
 PSYoungGen      total 567296K, used 19393K [0x0000000795580000, 0x00000007bd180000, 0x00000007c0000000)
  eden space 547840K, 0% used [0x0000000795580000,0x0000000795580000,0x00000007b6c80000)
  from space 19456K, 99% used [0x00000007ba080000,0x00000007bb370490,0x00000007bb380000)
  to   space 30720K, 0% used [0x00000007bb380000,0x00000007bb380000,0x00000007bd180000)
 ParOldGen       total 134656K, used 81345K [0x0000000740000000, 0x0000000748380000, 0x0000000795580000)
  object space 134656K, 60% used [0x0000000740000000,0x0000000744f70498,0x0000000748380000)
 Metaspace       used 20194K, capacity 20435K, committed 20736K, reserved 1069056K
  class space    used 1920K, capacity 1984K, committed 2048K, reserved 1048576K
}
Event: 53.004 GC heap before
{Heap before GC invocations=35 (full 1):
 PSYoungGen      total 567296K, used 567233K [0x0000000795580000, 0x00000007bd180000, 0x00000007c0000000)
  eden space 547840K, 100% used [0x0000000795580000,0x00000007b6c80000,0x00000007b6c80000)
  from space 19456K, 99% used [0x00000007ba080000,0x00000007bb370490,0x00000007bb380000)
  to   space 30720K, 0% used [0x00000007bb380000,0x00000007bb380000,0x00000007bd180000)
 ParOldGen       total 134656K, used 81345K [0x0000000740000000, 0x0000000748380000, 0x0000000795580000)
  object space 134656K, 60% used [0x0000000740000000,0x0000000744f70498,0x0000000748380000)
 Metaspace       used 20194K, capacity 20435K, committed 20736K, reserved 1069056K
  class space    used 1920K, capacity 1984K, committed 2048K, reserved 1048576K
Event: 53.010 GC heap after
Heap after GC invocations=35 (full 1):
 PSYoungGen      total 542208K, used 19361K [0x0000000795580000, 0x00000007bc680000, 0x00000007c0000000)
  eden space 522752K, 0% used [0x0000000795580000,0x0000000795580000,0x00000007b5400000)
  from space 19456K, 99% used [0x00000007bb380000,0x00000007bc668490,0x00000007bc680000)
  to   space 34304K, 0% used [0x00000007b8380000,0x00000007b8380000,0x00000007ba500000)
 ParOldGen       total 134656K, used 81345K [0x0000000740000000, 0x0000000748380000, 0x0000000795580000)
  object space 134656K, 60% used [0x0000000740000000,0x0000000744f70498,0x0000000748380000)
 Metaspace       used 20194K, capacity 20435K, committed 20736K, reserved 1069056K
  class space    used 1920K, capacity 1984K, committed 2048K, reserved 1048576K
}
Event: 54.738 GC heap before
{Heap before GC invocations=36 (full 1):
 PSYoungGen      total 542208K, used 542113K [0x0000000795580000, 0x00000007bc680000, 0x00000007c0000000)
  eden space 522752K, 100% used [0x0000000795580000,0x00000007b5400000,0x00000007b5400000)
  from space 19456K, 99% used [0x00000007bb380000,0x00000007bc668490,0x00000007bc680000)
  to   space 34304K, 0% used [0x00000007b8380000,0x00000007b8380000,0x00000007ba500000)
 ParOldGen       total 134656K, used 81345K [0x0000000740000000, 0x0000000748380000, 0x0000000795580000)
  object space 134656K, 60% used [0x0000000740000000,0x0000000744f70498,0x0000000748380000)
 Metaspace       used 20194K, capacity 20435K, committed 20736K, reserved 1069056K
  class space    used 1920K, capacity 1984K, committed 2048K, reserved 1048576K
Event: 54.745 GC heap after
Heap after GC invocations=36 (full 1):
 PSYoungGen      total 518656K, used 19329K [0x0000000795580000, 0x00000007bb400000, 0x00000007c0000000)
  eden space 499200K, 0% used [0x0000000795580000,0x0000000795580000,0x00000007b3d00000)
  from space 19456K, 99% used [0x00000007b8380000,0x00000007b9660490,0x00000007b9680000)
  to   space 30208K, 0% used [0x00000007b9680000,0x00000007b9680000,0x00000007bb400000)
 ParOldGen       total 134656K, used 81345K [0x0000000740000000, 0x0000000748380000, 0x0000000795580000)
  object space 134656K, 60% used [0x0000000740000000,0x0000000744f70498,0x0000000748380000)
 Metaspace       used 20194K, capacity 20435K, committed 20736K, reserved 1069056K
  class space    used 1920K, capacity 1984K, committed 2048K, reserved 1048576K
}

Deoptimization events (10 events):
Event: 14.472 Thread 0x00007fe57c516800 Uncommon trap: reason=unstable_if action=reinterpret pc=0x0000000103f22518 method=com.jogamp.common.nio.Buffers.getDirectBufferByteOffset(Ljava/lang/Object;)I @ 1
Event: 16.261 Thread 0x00007fe57c516800 Uncommon trap: reason=unstable_if action=reinterpret pc=0x0000000103ddf598 method=java.lang.Math.min(DD)D @ 11
Event: 16.261 Thread 0x00007fe57c516800 Uncommon trap: reason=unstable_if action=reinterpret pc=0x0000000103d9c924 method=java.lang.Math.min(DD)D @ 11
Event: 16.261 Thread 0x00007fe57c516800 Uncommon trap: reason=unstable_if action=reinterpret pc=0x0000000103da4b24 method=java.lang.Math.max(DD)D @ 11
Event: 56.843 Thread 0x00007fe57c516800 Uncommon trap: reason=unstable_if action=reinterpret pc=0x00000001040072a8 method=com.jogamp.common.util.VersionNumber.compareTo(Lcom/jogamp/common/util/VersionNumber;)I @ 21
Event: 56.957 Thread 0x00007fe57d9f6800 Uncommon trap: reason=class_check action=maybe_recompile pc=0x0000000103a9e57c method=java.util.HashMap.putVal(ILjava/lang/Object;Ljava/lang/Object;ZZ)Ljava/lang/Object; @ 91
Event: 56.957 Thread 0x00007fe57d9f6800 Uncommon trap: reason=class_check action=maybe_recompile pc=0x0000000103a9e57c method=java.util.HashMap.putVal(ILjava/lang/Object;Ljava/lang/Object;ZZ)Ljava/lang/Object; @ 91
Event: 56.957 Thread 0x00007fe57d9f6800 Uncommon trap: reason=class_check action=maybe_recompile pc=0x0000000103a9e57c method=java.util.HashMap.putVal(ILjava/lang/Object;Ljava/lang/Object;ZZ)Ljava/lang/Object; @ 91
Event: 56.958 Thread 0x00007fe57d9f6800 Uncommon trap: reason=class_check action=maybe_recompile pc=0x0000000103a9e57c method=java.util.HashMap.putVal(ILjava/lang/Object;Ljava/lang/Object;ZZ)Ljava/lang/Object; @ 91
Event: 56.958 Thread 0x00007fe57d9f6800 Uncommon trap: reason=class_check action=maybe_recompile pc=0x0000000103fc8e84 method=java.util.HashMap.putVal(ILjava/lang/Object;Ljava/lang/Object;ZZ)Ljava/lang/Object; @ 91

Internal exceptions (10 events):
Event: 0.386 Thread 0x00007fe57d000000 Exception <a 'java/io/FileNotFoundException'> (0x0000000795848b50) thrown at [/HUDSON3/workspace/8-2-build-macosx-x86_64/jdk8u101/7261/hotspot/src/share/vm/prims/jni.cpp, line 709]
Event: 0.420 Thread 0x00007fe57d000000 Exception <a 'java/io/FileNotFoundException'> (0x000000079589ee80) thrown at [/HUDSON3/workspace/8-2-build-macosx-x86_64/jdk8u101/7261/hotspot/src/share/vm/prims/jni.cpp, line 709]
Event: 0.536 Thread 0x00007fe57d000000 Exception <a 'java/io/FileNotFoundException'> (0x0000000795a3df08) thrown at [/HUDSON3/workspace/8-2-build-macosx-x86_64/jdk8u101/7261/hotspot/src/share/vm/prims/jni.cpp, line 709]
Event: 2.639 Thread 0x00007fe57c52f800 Exception <a 'java/lang/UnsatisfiedLinkError': com.jogamp.common.util.JarUtil.fixNativeLibAttribs(Ljava/lang/String;)Z> (0x0000000796ba19d0) thrown at [/HUDSON3/workspace/8-2-build-macosx-x86_64/jdk8u101/7261/hotspot/src/share/vm/prims/nativeLookup.cpp, l
Event: 2.936 Thread 0x00007fe57c03c800 Exception <a 'java/lang/NullPointerException'> (0x00000007956a61d0) thrown at [/HUDSON3/workspace/8-2-build-macosx-x86_64/jdk8u101/7261/hotspot/src/share/vm/interpreter/linkResolver.cpp, line 1178]
Event: 3.775 Thread 0x00007fe57c516800 Exception <a 'java/io/FileNotFoundException'> (0x00000007960ef950) thrown at [/HUDSON3/workspace/8-2-build-macosx-x86_64/jdk8u101/7261/hotspot/src/share/vm/prims/jni.cpp, line 709]
Event: 3.776 Thread 0x00007fe57c516800 Exception <a 'java/io/FileNotFoundException'> (0x00000007960f70f8) thrown at [/HUDSON3/workspace/8-2-build-macosx-x86_64/jdk8u101/7261/hotspot/src/share/vm/prims/jni.cpp, line 709]
Event: 3.777 Thread 0x00007fe57c516800 Implicit null exception at 0x0000000103886b35 to 0x0000000103886ea5
Event: 14.472 Thread 0x00007fe57c516800 Implicit null exception at 0x0000000103f2762c to 0x0000000103f2769e
Event: 14.472 Thread 0x00007fe57c516800 Implicit null exception at 0x0000000103f2242f to 0x0000000103f22509

Events (10 events):
Event: 56.978 loading class jogamp/nativewindow/jawt/macosx/MacOSXJAWTWindow$1 done
Event: 56.981 loading class java/awt/LightweightDispatcher$2
Event: 56.981 loading class java/awt/LightweightDispatcher$2 done
Event: 56.981 loading class java/awt/event/AWTEventListenerProxy
Event: 56.981 loading class java/awt/event/AWTEventListenerProxy done
Event: 56.981 loading class java/awt/Toolkit$ToolkitEventMulticaster
Event: 56.981 loading class java/awt/Toolkit$ToolkitEventMulticaster done
Event: 56.983 Thread 0x00007fe57d9f6800 Thread exited: 0x00007fe57d9f6800
Event: 56.984 loading class java/awt/Window$1DisposeAction
Event: 56.984 loading class java/awt/Window$1DisposeAction done


Dynamic libraries:
0x00000000166f9000 	/System/Library/Frameworks/Cocoa.framework/Versions/A/Cocoa
0x00000000166f9000 	/System/Library/Frameworks/Security.framework/Versions/A/Security
0x00000000166f9000 	/System/Library/Frameworks/ApplicationServices.framework/Versions/A/ApplicationServices
0x00000000166f9000 	/usr/lib/libz.1.dylib
0x00000000166f9000 	/usr/lib/libSystem.B.dylib
0x00000000166f9000 	/usr/lib/libobjc.A.dylib
0x00000000166f9000 	/System/Library/Frameworks/CoreFoundation.framework/Versions/A/CoreFoundation
0x00000000166f9000 	/System/Library/Frameworks/Foundation.framework/Versions/C/Foundation
0x00000000166f9000 	/System/Library/Frameworks/AppKit.framework/Versions/C/AppKit
0x00000000166f9000 	/System/Library/Frameworks/CoreData.framework/Versions/A/CoreData
0x00000000166f9000 	/System/Library/PrivateFrameworks/RemoteViewServices.framework/Versions/A/RemoteViewServices
0x00000000166f9000 	/System/Library/PrivateFrameworks/UIFoundation.framework/Versions/A/UIFoundation
0x00000000166f9000 	/usr/lib/libenergytrace.dylib
0x00000000166f9000 	/System/Library/PrivateFrameworks/SkyLight.framework/Versions/A/SkyLight
0x00000000166f9000 	/System/Library/Frameworks/CoreGraphics.framework/Versions/A/CoreGraphics
0x00000000166f9000 	/usr/lib/libScreenReader.dylib
0x00000000166f9000 	/System/Library/Frameworks/Accelerate.framework/Versions/A/Accelerate
0x00000000166f9000 	/System/Library/Frameworks/IOSurface.framework/Versions/A/IOSurface
0x00000000166f9000 	/System/Library/Frameworks/AudioToolbox.framework/Versions/A/AudioToolbox
0x00000000166f9000 	/System/Library/Frameworks/AudioUnit.framework/Versions/A/AudioUnit
0x00000000166f9000 	/System/Library/PrivateFrameworks/DataDetectorsCore.framework/Versions/A/DataDetectorsCore
0x00000000166f9000 	/System/Library/PrivateFrameworks/DesktopServicesPriv.framework/Versions/A/DesktopServicesPriv
0x00000000166f9000 	/System/Library/Frameworks/Carbon.framework/Versions/A/Frameworks/HIToolbox.framework/Versions/A/HIToolbox
0x00000000166f9000 	/usr/lib/libicucore.A.dylib
0x00000000166f9000 	/System/Library/Frameworks/QuartzCore.framework/Versions/A/QuartzCore
0x00000000166f9000 	/System/Library/Frameworks/Carbon.framework/Versions/A/Frameworks/SpeechRecognition.framework/Versions/A/SpeechRecognition
0x00000000166f9000 	/usr/lib/libauto.dylib
0x00000000166f9000 	/usr/lib/libxml2.2.dylib
0x00000000166f9000 	/System/Library/PrivateFrameworks/CoreUI.framework/Versions/A/CoreUI
0x00000000166f9000 	/System/Library/Frameworks/CoreAudio.framework/Versions/A/CoreAudio
0x00000000166f9000 	/System/Library/Frameworks/DiskArbitration.framework/Versions/A/DiskArbitration
0x00000000166f9000 	/usr/lib/liblangid.dylib
0x00000000166f9000 	/System/Library/PrivateFrameworks/MultitouchSupport.framework/Versions/A/MultitouchSupport
0x00000000166f9000 	/System/Library/Frameworks/IOKit.framework/Versions/A/IOKit
0x00000000166f9000 	/usr/lib/libDiagnosticMessagesClient.dylib
0x00000000166f9000 	/System/Library/Frameworks/CoreServices.framework/Versions/A/CoreServices
0x00000000166f9000 	/System/Library/PrivateFrameworks/PerformanceAnalysis.framework/Versions/A/PerformanceAnalysis
0x00000000166f9000 	/System/Library/PrivateFrameworks/GenerationalStorage.framework/Versions/A/GenerationalStorage
0x00000000166f9000 	/System/Library/Frameworks/OpenGL.framework/Versions/A/OpenGL
0x00000000166f9000 	/System/Library/Frameworks/CoreImage.framework/Versions/A/CoreImage
0x00000000166f9000 	/System/Library/Frameworks/CoreText.framework/Versions/A/CoreText
0x00000000166f9000 	/System/Library/Frameworks/ImageIO.framework/Versions/A/ImageIO
0x00000000166f9000 	/System/Library/PrivateFrameworks/Backup.framework/Versions/A/Backup
0x00000000166f9000 	/usr/lib/libarchive.2.dylib
0x00000000166f9000 	/System/Library/Frameworks/CFNetwork.framework/Versions/A/CFNetwork
0x00000000166f9000 	/System/Library/Frameworks/SystemConfiguration.framework/Versions/A/SystemConfiguration
0x00000000166f9000 	/usr/lib/libCRFSuite.dylib
0x00000000166f9000 	/usr/lib/libc++.1.dylib
0x00000000166f9000 	/usr/lib/libc++abi.dylib
0x00000000166f9000 	/usr/lib/system/libcache.dylib
0x00000000166f9000 	/usr/lib/system/libcommonCrypto.dylib
0x00000000166f9000 	/usr/lib/system/libcompiler_rt.dylib
0x00000000166f9000 	/usr/lib/system/libcopyfile.dylib
0x00000000166f9000 	/usr/lib/system/libcorecrypto.dylib
0x00000000166f9000 	/usr/lib/system/libdispatch.dylib
0x00000000166f9000 	/usr/lib/system/libdyld.dylib
0x00000000166f9000 	/usr/lib/system/libkeymgr.dylib
0x00000000166f9000 	/usr/lib/system/liblaunch.dylib
0x00000000166f9000 	/usr/lib/system/libmacho.dylib
0x00000000166f9000 	/usr/lib/system/libquarantine.dylib
0x00000000166f9000 	/usr/lib/system/libremovefile.dylib
0x00000000166f9000 	/usr/lib/system/libsystem_asl.dylib
0x00000000166f9000 	/usr/lib/system/libsystem_blocks.dylib
0x00000000166f9000 	/usr/lib/system/libsystem_c.dylib
0x00000000166f9000 	/usr/lib/system/libsystem_configuration.dylib
0x00000000166f9000 	/usr/lib/system/libsystem_coreservices.dylib
0x00000000166f9000 	/usr/lib/system/libsystem_coretls.dylib
0x00000000166f9000 	/usr/lib/system/libsystem_dnssd.dylib
0x00000000166f9000 	/usr/lib/system/libsystem_info.dylib
0x00000000166f9000 	/usr/lib/system/libsystem_kernel.dylib
0x00000000166f9000 	/usr/lib/system/libsystem_m.dylib
0x00000000166f9000 	/usr/lib/system/libsystem_malloc.dylib
0x00000000166f9000 	/usr/lib/system/libsystem_network.dylib
0x00000000166f9000 	/usr/lib/system/libsystem_networkextension.dylib
0x00000000166f9000 	/usr/lib/system/libsystem_notify.dylib
0x00000000166f9000 	/usr/lib/system/libsystem_platform.dylib
0x00000000166f9000 	/usr/lib/system/libsystem_pthread.dylib
0x00000000166f9000 	/usr/lib/system/libsystem_sandbox.dylib
0x00000000166f9000 	/usr/lib/system/libsystem_secinit.dylib
0x00000000166f9000 	/usr/lib/system/libsystem_symptoms.dylib
0x00000000166f9000 	/usr/lib/system/libsystem_trace.dylib
0x00000000166f9000 	/usr/lib/system/libunwind.dylib
0x00000000166f9000 	/usr/lib/system/libxpc.dylib
0x00000000166f9000 	/usr/lib/libbsm.0.dylib
0x00000000166f9000 	/usr/lib/system/libkxld.dylib
0x00000000166f9000 	/usr/lib/libcoretls.dylib
0x00000000166f9000 	/usr/lib/libcoretls_cfhelpers.dylib
0x00000000166f9000 	/usr/lib/libxar.1.dylib
0x00000000166f9000 	/usr/lib/libsqlite3.dylib
0x00000000166f9000 	/usr/lib/libpam.2.dylib
0x00000000166f9000 	/usr/lib/libOpenScriptingUtil.dylib
0x00000000166f9000 	/usr/lib/libbz2.1.0.dylib
0x00000000166f9000 	/usr/lib/liblzma.5.dylib
0x00000000166f9000 	/usr/lib/libnetwork.dylib
0x00000000166f9000 	/usr/lib/libpcap.A.dylib
0x00000000166f9000 	/System/Library/Frameworks/CoreServices.framework/Versions/A/Frameworks/FSEvents.framework/Versions/A/FSEvents
0x00000000166f9000 	/System/Library/Frameworks/CoreServices.framework/Versions/A/Frameworks/CarbonCore.framework/Versions/A/CarbonCore
0x00000000166f9000 	/System/Library/Frameworks/CoreServices.framework/Versions/A/Frameworks/Metadata.framework/Versions/A/Metadata
0x00000000166f9000 	/System/Library/Frameworks/CoreServices.framework/Versions/A/Frameworks/OSServices.framework/Versions/A/OSServices
0x00000000166f9000 	/System/Library/Frameworks/CoreServices.framework/Versions/A/Frameworks/SearchKit.framework/Versions/A/SearchKit
0x00000000166f9000 	/System/Library/Frameworks/CoreServices.framework/Versions/A/Frameworks/AE.framework/Versions/A/AE
0x00000000166f9000 	/System/Library/Frameworks/CoreServices.framework/Versions/A/Frameworks/LaunchServices.framework/Versions/A/LaunchServices
0x00000000166f9000 	/System/Library/Frameworks/CoreServices.framework/Versions/A/Frameworks/DictionaryServices.framework/Versions/A/DictionaryServices
0x00000000166f9000 	/System/Library/Frameworks/CoreServices.framework/Versions/A/Frameworks/SharedFileList.framework/Versions/A/SharedFileList
0x00000000166f9000 	/System/Library/Frameworks/NetFS.framework/Versions/A/NetFS
0x00000000166f9000 	/System/Library/PrivateFrameworks/NetAuth.framework/Versions/A/NetAuth
0x00000000166f9000 	/System/Library/PrivateFrameworks/login.framework/Versions/A/Frameworks/loginsupport.framework/Versions/A/loginsupport
0x00000000166f9000 	/System/Library/PrivateFrameworks/TCC.framework/Versions/A/TCC
0x00000000166f9000 	/usr/lib/libmecabra.dylib
0x00000000166f9000 	/System/Library/Frameworks/ApplicationServices.framework/Versions/A/Frameworks/ATS.framework/Versions/A/ATS
0x00000000166f9000 	/System/Library/Frameworks/ApplicationServices.framework/Versions/A/Frameworks/ColorSync.framework/Versions/A/ColorSync
0x00000000166f9000 	/System/Library/Frameworks/ApplicationServices.framework/Versions/A/Frameworks/HIServices.framework/Versions/A/HIServices
0x00000000166f9000 	/System/Library/Frameworks/ApplicationServices.framework/Versions/A/Frameworks/LangAnalysis.framework/Versions/A/LangAnalysis
0x00000000166f9000 	/System/Library/Frameworks/ApplicationServices.framework/Versions/A/Frameworks/PrintCore.framework/Versions/A/PrintCore
0x00000000166f9000 	/System/Library/Frameworks/ApplicationServices.framework/Versions/A/Frameworks/QD.framework/Versions/A/QD
0x00000000166f9000 	/System/Library/Frameworks/ApplicationServices.framework/Versions/A/Frameworks/SpeechSynthesis.framework/Versions/A/SpeechSynthesis
0x00000000166f9000 	/System/Library/Frameworks/Accelerate.framework/Versions/A/Frameworks/vImage.framework/Versions/A/vImage
0x00000000166f9000 	/System/Library/Frameworks/Accelerate.framework/Versions/A/Frameworks/vecLib.framework/Versions/A/vecLib
0x00000000166f9000 	/System/Library/Frameworks/Accelerate.framework/Versions/A/Frameworks/vecLib.framework/Versions/A/libvDSP.dylib
0x00000000166f9000 	/System/Library/Frameworks/Accelerate.framework/Versions/A/Frameworks/vecLib.framework/Versions/A/libBNNS.dylib
0x00000000166f9000 	/System/Library/Frameworks/Accelerate.framework/Versions/A/Frameworks/vecLib.framework/Versions/A/libQuadrature.dylib
0x00000000166f9000 	/System/Library/Frameworks/Accelerate.framework/Versions/A/Frameworks/vecLib.framework/Versions/A/libvMisc.dylib
0x00000000166f9000 	/System/Library/Frameworks/Accelerate.framework/Versions/A/Frameworks/vecLib.framework/Versions/A/libLAPACK.dylib
0x00000000166f9000 	/System/Library/Frameworks/Accelerate.framework/Versions/A/Frameworks/vecLib.framework/Versions/A/libBLAS.dylib
0x00000000166f9000 	/System/Library/Frameworks/Accelerate.framework/Versions/A/Frameworks/vecLib.framework/Versions/A/libLinearAlgebra.dylib
0x00000000166f9000 	/System/Library/Frameworks/Accelerate.framework/Versions/A/Frameworks/vecLib.framework/Versions/A/libSparseBLAS.dylib
0x00000000166f9000 	/System/Library/Frameworks/ApplicationServices.framework/Versions/A/Frameworks/ATS.framework/Versions/A/Resources/libFontParser.dylib
0x00000000166f9000 	/System/Library/Frameworks/ApplicationServices.framework/Versions/A/Frameworks/ATS.framework/Versions/A/Resources/libFontRegistry.dylib
0x00000000166f9000 	/System/Library/Frameworks/ImageIO.framework/Versions/A/Resources/libJPEG.dylib
0x00000000166f9000 	/System/Library/Frameworks/ImageIO.framework/Versions/A/Resources/libTIFF.dylib
0x00000000166f9000 	/System/Library/Frameworks/ImageIO.framework/Versions/A/Resources/libPng.dylib
0x00000000166f9000 	/System/Library/Frameworks/ImageIO.framework/Versions/A/Resources/libGIF.dylib
0x00000000166f9000 	/System/Library/Frameworks/ImageIO.framework/Versions/A/Resources/libJP2.dylib
0x00000000166f9000 	/System/Library/Frameworks/ImageIO.framework/Versions/A/Resources/libRadiance.dylib
0x00000000166f9000 	/usr/lib/libcompression.dylib
0x00000000166f9000 	/System/Library/PrivateFrameworks/AppleJPEG.framework/Versions/A/AppleJPEG
0x00000000166f9000 	/usr/lib/libcups.2.dylib
0x00000000166f9000 	/System/Library/Frameworks/Kerberos.framework/Versions/A/Kerberos
0x00000000166f9000 	/System/Library/Frameworks/GSS.framework/Versions/A/GSS
0x00000000166f9000 	/usr/lib/libresolv.9.dylib
0x00000000166f9000 	/usr/lib/libiconv.2.dylib
0x00000000166f9000 	/System/Library/PrivateFrameworks/Heimdal.framework/Versions/A/Heimdal
0x00000000166f9000 	/usr/lib/libheimdal-asn1.dylib
0x00000000166f9000 	/System/Library/Frameworks/OpenDirectory.framework/Versions/A/OpenDirectory
0x00000000166f9000 	/System/Library/PrivateFrameworks/CommonAuth.framework/Versions/A/CommonAuth
0x00000000166f9000 	/System/Library/Frameworks/OpenDirectory.framework/Versions/A/Frameworks/CFOpenDirectory.framework/Versions/A/CFOpenDirectory
0x00000000166f9000 	/System/Library/Frameworks/SecurityFoundation.framework/Versions/A/SecurityFoundation
0x00000000166f9000 	/System/Library/PrivateFrameworks/LanguageModeling.framework/Versions/A/LanguageModeling
0x00000000166f9000 	/usr/lib/libmarisa.dylib
0x00000000166f9000 	/usr/lib/libChineseTokenizer.dylib
0x00000000166f9000 	/usr/lib/libcmph.dylib
0x00000000166f9000 	/System/Library/PrivateFrameworks/CoreEmoji.framework/Versions/A/CoreEmoji
0x00000000166f9000 	/System/Library/Frameworks/ServiceManagement.framework/Versions/A/ServiceManagement
0x00000000166f9000 	/usr/lib/libxslt.1.dylib
0x00000000166f9000 	/System/Library/Frameworks/Carbon.framework/Versions/A/Frameworks/Ink.framework/Versions/A/Ink
0x00000000166f9000 	/System/Library/PrivateFrameworks/TextureIO.framework/Versions/A/TextureIO
0x00000000166f9000 	/System/Library/Frameworks/Metal.framework/Versions/A/Metal
0x00000000166f9000 	/usr/lib/libate.dylib
0x00000000166f9000 	/System/Library/PrivateFrameworks/GPUCompiler.framework/libmetal_timestamp.dylib
0x00000000166f9000 	/System/Library/Frameworks/OpenGL.framework/Versions/A/Libraries/libCoreFSCache.dylib
0x00000000166f9000 	/System/Library/PrivateFrameworks/IOAccelerator.framework/Versions/A/IOAccelerator
0x00000000166f9000 	/System/Library/Frameworks/CoreVideo.framework/Versions/A/CoreVideo
0x00000000166f9000 	/usr/lib/libFosl_dynamic.dylib
0x00000000166f9000 	/System/Library/PrivateFrameworks/MetalPerformanceShaders.framework/Versions/A/MetalPerformanceShaders
0x00000000166f9000 	/System/Library/PrivateFrameworks/FaceCore.framework/Versions/A/FaceCore
0x00000000166f9000 	/System/Library/Frameworks/OpenCL.framework/Versions/A/OpenCL
0x00000000166f9000 	/System/Library/Frameworks/OpenGL.framework/Versions/A/Libraries/libGLU.dylib
0x00000000166f9000 	/System/Library/Frameworks/OpenGL.framework/Versions/A/Libraries/libGFXShared.dylib
0x00000000166f9000 	/System/Library/Frameworks/OpenGL.framework/Versions/A/Libraries/libGL.dylib
0x00000000166f9000 	/System/Library/Frameworks/OpenGL.framework/Versions/A/Libraries/libGLImage.dylib
0x00000000166f9000 	/System/Library/Frameworks/OpenGL.framework/Versions/A/Libraries/libCVMSPluginSupport.dylib
0x00000000166f9000 	/System/Library/Frameworks/OpenGL.framework/Versions/A/Libraries/libCoreVMClient.dylib
0x00000000166f9000 	/System/Library/PrivateFrameworks/CrashReporterSupport.framework/Versions/A/CrashReporterSupport
0x00000000166f9000 	/System/Library/PrivateFrameworks/Sharing.framework/Versions/A/Sharing
0x00000000166f9000 	/System/Library/PrivateFrameworks/IconServices.framework/Versions/A/IconServices
0x00000000166f9000 	/System/Library/PrivateFrameworks/ProtocolBuffer.framework/Versions/A/ProtocolBuffer
0x00000000166f9000 	/System/Library/PrivateFrameworks/Apple80211.framework/Versions/A/Apple80211
0x00000000166f9000 	/System/Library/Frameworks/CoreWLAN.framework/Versions/A/CoreWLAN
0x00000000166f9000 	/System/Library/PrivateFrameworks/CoreUtils.framework/Versions/A/CoreUtils
0x00000000166f9000 	/System/Library/Frameworks/IOBluetooth.framework/Versions/A/IOBluetooth
0x00000000166f9000 	/System/Library/PrivateFrameworks/CoreWiFi.framework/Versions/A/CoreWiFi
0x00000000166f9000 	/System/Library/Frameworks/CoreBluetooth.framework/Versions/A/CoreBluetooth
0x00000000166f9000 	/System/Library/Frameworks/CoreDisplay.framework/Versions/A/CoreDisplay
0x00000000166f9000 	/System/Library/PrivateFrameworks/IOPresentment.framework/Versions/A/IOPresentment
0x00000000166f9000 	/System/Library/PrivateFrameworks/DebugSymbols.framework/Versions/A/DebugSymbols
0x00000000166f9000 	/System/Library/PrivateFrameworks/CoreSymbolication.framework/Versions/A/CoreSymbolication
0x00000000166f9000 	/System/Library/PrivateFrameworks/Symbolication.framework/Versions/A/Symbolication
0x00000000166f9000 	/System/Library/PrivateFrameworks/AppleFSCompression.framework/Versions/A/AppleFSCompression
0x00000000166f9000 	/System/Library/PrivateFrameworks/SpeechRecognitionCore.framework/Versions/A/SpeechRecognitionCore
0x00000000166f9000 	/System/Library/PrivateFrameworks/ChunkingLibrary.framework/Versions/A/ChunkingLibrary
0x000000010046e000 	/System/Library/CoreServices/Encodings/libSimplifiedChineseConverter.dylib
0x0000000100e00000 	/Library/Java/JavaVirtualMachines/jdk1.8.0_101.jdk/Contents/Home/jre/lib/server/libjvm.dylib
0x00000000166f9000 	/usr/lib/libstdc++.6.dylib
0x00000001004b2000 	/Library/Java/JavaVirtualMachines/jdk1.8.0_101.jdk/Contents/Home/jre/lib/libverify.dylib
0x00000001004c0000 	/Library/Java/JavaVirtualMachines/jdk1.8.0_101.jdk/Contents/Home/jre/lib/libjava.dylib
0x00000001004ff000 	/Library/Java/JavaVirtualMachines/jdk1.8.0_101.jdk/Contents/Home/jre/lib/libzip.dylib
0x00000001176b7000 	/System/Library/Frameworks/JavaVM.framework/Frameworks/JavaRuntimeSupport.framework/JavaRuntimeSupport
0x0000000103630000 	/System/Library/Frameworks/JavaVM.framework/Versions/A/Frameworks/JavaNativeFoundation.framework/Versions/A/JavaNativeFoundation
0x00000001176d1000 	/System/Library/Frameworks/JavaVM.framework/Versions/A/JavaVM
0x00000000166f9000 	/System/Library/Frameworks/Carbon.framework/Versions/A/Carbon
0x00000001005f4000 	/System/Library/PrivateFrameworks/JavaLaunching.framework/Versions/A/JavaLaunching
0x00000000166f9000 	/System/Library/Frameworks/Carbon.framework/Versions/A/Frameworks/CommonPanels.framework/Versions/A/CommonPanels
0x00000000166f9000 	/System/Library/Frameworks/Carbon.framework/Versions/A/Frameworks/Help.framework/Versions/A/Help
0x00000000166f9000 	/System/Library/Frameworks/Carbon.framework/Versions/A/Frameworks/ImageCapture.framework/Versions/A/ImageCapture
0x00000000166f9000 	/System/Library/Frameworks/Carbon.framework/Versions/A/Frameworks/OpenScripting.framework/Versions/A/OpenScripting
0x00000000166f9000 	/System/Library/Frameworks/Carbon.framework/Versions/A/Frameworks/Print.framework/Versions/A/Print
0x00000000166f9000 	/System/Library/Frameworks/Carbon.framework/Versions/A/Frameworks/SecurityHI.framework/Versions/A/SecurityHI
0x0000000119031000 	/Library/Java/JavaVirtualMachines/jdk1.8.0_101.jdk/Contents/Home/jre/lib/libawt.dylib
0x00000001190d9000 	/Library/Java/JavaVirtualMachines/jdk1.8.0_101.jdk/Contents/Home/jre/lib/./libmlib_image.dylib
0x00000001191a5000 	/Library/Java/JavaVirtualMachines/jdk1.8.0_101.jdk/Contents/Home/jre/lib/libawt_lwawt.dylib
0x000000011925a000 	/Library/Java/JavaVirtualMachines/jdk1.8.0_101.jdk/Contents/Home/jre/lib/./libosxapp.dylib
0x00000000166f9000 	/System/Library/Frameworks/ExceptionHandling.framework/Versions/A/ExceptionHandling
0x00000000166f9000 	/System/Library/PrivateFrameworks/CoreServicesInternal.framework/Versions/A/CoreServicesInternal
0x00000000166f9000 	/System/Library/CoreServices/RawCamera.bundle/Contents/MacOS/RawCamera
0x00000000166f9000 	/System/Library/Frameworks/Accelerate.framework/Versions/A/Frameworks/vImage.framework/Versions/A/Libraries/libCGInterfaces.dylib
0x00000000166f9000 	/System/Library/Frameworks/ApplicationServices.framework/Versions/A/Frameworks/ATS.framework/Versions/A/Resources/libTrueTypeScaler.dylib
0x00000000166f9000 	/System/Library/Frameworks/OpenGL.framework/Versions/A/Resources/GLEngine.bundle/GLEngine
0x00000000166f9000 	/System/Library/Frameworks/OpenGL.framework/Versions/A/Libraries/libGLProgrammability.dylib
0x000000011ab85000 	/System/Library/Extensions/AppleIntelBDWGraphicsGLDriver.bundle/Contents/MacOS/AppleIntelBDWGraphicsGLDriver
0x00000000166f9000 	/System/Library/PrivateFrameworks/GPUSupport.framework/Versions/A/Libraries/libGPUSupportMercury.dylib
0x00000000166f9000 	/System/Library/Frameworks/OpenGL.framework/Versions/A/Resources/GLRendererFloat.bundle/GLRendererFloat
0x00000000166f9000 	/System/Library/Frameworks/OpenCL.framework/Versions/A/Libraries/libcldcpuengine.dylib
0x00000000166f9000 	/usr/lib/libcrypto.0.9.8.dylib
0x00000000166f9000 	/System/Library/PrivateFrameworks/TrustEvaluationAgent.framework/Versions/A/TrustEvaluationAgent
0x000000011b2ff000 	/System/Library/Extensions/AppleIntelBDWGraphicsMTLDriver.bundle/Contents/MacOS/AppleIntelBDWGraphicsMTLDriver
0x00000000166f9000 	/System/Library/PrivateFrameworks/FamilyControls.framework/Versions/A/FamilyControls
0x00000000166f9000 	/System/Library/PrivateFrameworks/CommerceKit.framework/Versions/A/Frameworks/CommerceCore.framework/Versions/A/CommerceCore
0x00000000166f9000 	/System/Library/PrivateFrameworks/SystemAdministration.framework/Versions/A/SystemAdministration
0x00000000166f9000 	/System/Library/PrivateFrameworks/AppContainer.framework/Versions/A/AppContainer
0x00000000166f9000 	/System/Library/PrivateFrameworks/SecCodeWrapper.framework/Versions/A/SecCodeWrapper
0x00000000166f9000 	/System/Library/Frameworks/DirectoryService.framework/Versions/A/DirectoryService
0x00000000166f9000 	/System/Library/PrivateFrameworks/DiskImages.framework/Versions/A/DiskImages
0x00000000166f9000 	/System/Library/PrivateFrameworks/LoginUIKit.framework/Versions/A/Frameworks/LoginUICore.framework/Versions/A/LoginUICore
0x00000000166f9000 	/usr/lib/libCoreStorage.dylib
0x00000000166f9000 	/usr/lib/libcsfde.dylib
0x00000000166f9000 	/usr/lib/libodfde.dylib
0x00000000166f9000 	/System/Library/Frameworks/DiscRecording.framework/Versions/A/DiscRecording
0x00000000166f9000 	/usr/lib/libcurl.4.dylib
0x00000000166f9000 	/System/Library/PrivateFrameworks/MediaKit.framework/Versions/A/MediaKit
0x00000000166f9000 	/System/Library/PrivateFrameworks/ProtectedCloudStorage.framework/Versions/A/ProtectedCloudStorage
0x00000000166f9000 	/System/Library/PrivateFrameworks/EFILogin.framework/Versions/A/EFILogin
0x00000000166f9000 	/usr/lib/libutil.dylib
0x00000000166f9000 	/System/Library/Frameworks/LDAP.framework/Versions/A/LDAP
0x00000000166f9000 	/usr/lib/libsasl2.2.dylib
0x00000000166f9000 	/System/Library/PrivateFrameworks/CoreDaemon.framework/Versions/B/CoreDaemon
0x00000000166f9000 	/System/Library/PrivateFrameworks/AppleSRP.framework/Versions/A/AppleSRP
0x00000000166f9000 	/System/Library/PrivateFrameworks/APFS.framework/Versions/A/APFS
0x000000011cf17000 	/Library/Java/JavaVirtualMachines/jdk1.8.0_101.jdk/Contents/Home/jre/lib/libfontmanager.dylib
0x000000012366c000 	/Library/Java/JavaVirtualMachines/jdk1.8.0_101.jdk/Contents/Home/jre/lib/libosxui.dylib
0x00000001243b9000 	/Library/Java/JavaVirtualMachines/jdk1.8.0_101.jdk/Contents/Home/jre/lib/libnet.dylib
0x0000000124162000 	/Library/Java/JavaVirtualMachines/jdk1.8.0_101.jdk/Contents/Home/jre/lib/libnio.dylib
0x000000011dfa0000 	/private/var/folders/q4/85d40lgj5sb4bdsw5z53b8cr0000gn/T/jogamp_0000/file_cache/jln3233521990031069926/jln4671164539840409297/libgluegen-rt.jnilib
0x000000011dfa4000 	/private/var/folders/q4/85d40lgj5sb4bdsw5z53b8cr0000gn/T/jogamp_0000/file_cache/jln3233521990031069926/jln4671164539840409297/libnativewindow_awt.jnilib
0x000000014aa7e000 	/Library/Java/JavaVirtualMachines/jdk1.8.0_101.jdk/Contents/Home/jre/lib/libjawt.dylib
0x000000014aa81000 	/private/var/folders/q4/85d40lgj5sb4bdsw5z53b8cr0000gn/T/jogamp_0000/file_cache/jln3233521990031069926/jln4671164539840409297/libnativewindow_macosx.jnilib
0x000000014d4d3000 	/private/var/folders/q4/85d40lgj5sb4bdsw5z53b8cr0000gn/T/jogamp_0000/file_cache/jln3233521990031069926/jln4671164539840409297/libjogl_desktop.jnilib
0x00000000166f9000 	/System/Library/PrivateFrameworks/ViewBridge.framework/Versions/A/ViewBridge
0x00000000166f9000 	/System/Library/PrivateFrameworks/XPCService.framework/Versions/A/XPCService
0x00000000166f9000 	/System/Library/PrivateFrameworks/AppSandbox.framework/Versions/A/AppSandbox
0x00000000166f9000 	/usr/lib/libsandbox.1.dylib
0x00000000166f9000 	/usr/lib/libMatch.1.dylib

VM Arguments:
jvm_args: -Djava.security.policy=java.policy.applet -Dfile.encoding=UTF-8 
java_command: sun.applet.AppletViewer Visualization.FreqByArea1481752444937.html
java_class_path (initial): /Users/gbzlivint/Documents/workspace/VisualizionUnfoldingMap/bin:/Users/gbzlivint/Documents/workspace/VisualizionUnfoldingMap/lib/core.jar:/Users/gbzlivint/Documents/workspace/VisualizionUnfoldingMap/lib/gluegen-rt-natives-linux-amd64.jar:/Users/gbzlivint/Documents/workspace/VisualizionUnfoldingMap/lib/gluegen-rt-natives-linux-armv6hf.jar:/Users/gbzlivint/Documents/workspace/VisualizionUnfoldingMap/lib/gluegen-rt-natives-linux-i586.jar:/Users/gbzlivint/Documents/workspace/VisualizionUnfoldingMap/lib/gluegen-rt-natives-macosx-universal.jar:/Users/gbzlivint/Documents/workspace/VisualizionUnfoldingMap/lib/gluegen-rt-natives-windows-amd64.jar:/Users/gbzlivint/Documents/workspace/VisualizionUnfoldingMap/lib/gluegen-rt-natives-windows-i586.jar:/Users/gbzlivint/Documents/workspace/VisualizionUnfoldingMap/lib/gluegen-rt.jar:/Users/gbzlivint/Documents/workspace/VisualizionUnfoldingMap/lib/jogl-all-natives-linux-amd64.jar:/Users/gbzlivint/Documents/workspace/VisualizionUnfoldingMap/lib/jogl-all-natives-linux-armv6hf.jar:/Users/gbzlivint/Documents/workspace/VisualizionUnfoldingMap/lib/jogl-all-natives-linux-i586.jar:/Users/gbzlivint/Documents/workspace/VisualizionUnfoldingMap/lib/jogl-all-natives-macosx-universal.jar:/Users/gbzlivint/Documents/workspace/VisualizionUnfoldingMap/lib/jogl-all-natives-windows-amd64.jar:/Users/gbzlivint/Documents/workspace/VisualizionUnfoldingMap/lib/jogl-all-natives-windows-i586.jar:/Users/gbzlivint/Documents/workspace/VisualizionUnfoldingMap/lib/jogl-all.jar:/Users/gbzlivint/Documents/workspace/VisualizionUnfoldingMap/lib/json4processing.jar:/Users/gbzlivint/Documents/workspace/VisualizionUnfoldingMap/lib/libTUIO.jar:/Users/gbzlivint/Documents/workspace/VisualizionUnfoldingMap/lib/log4j-1.2.15.jar:/Users/gbzlivint/Documents/workspace/VisualizionUnfoldingMap/lib/sqlite-jdbc-3.7.2.jar:/Users/gbzlivint/Documents/workspace/VisualizionUnfoldingMap/lib/unfolding.0.9.7-uscd.jar
Launcher Type: SUN_STANDARD

Environment Variables:
PATH=/usr/bin:/bin:/usr/sbin:/sbin
SHELL=/bin/bash

Signal Handlers:
SIGSEGV: [libjvm.dylib+0x5af145], sa_mask[0]=11111111011111110111111111111111, sa_flags=SA_ONSTACK|SA_RESTART|SA_SIGINFO
SIGBUS: [libjvm.dylib+0x5af145], sa_mask[0]=11111111011111110111111111111111, sa_flags=SA_RESTART|SA_SIGINFO
SIGFPE: [libjvm.dylib+0x48694c], sa_mask[0]=11111111011111110111111111111111, sa_flags=SA_RESTART|SA_SIGINFO
SIGPIPE: [libjvm.dylib+0x48694c], sa_mask[0]=11111111011111110111111111111111, sa_flags=SA_RESTART|SA_SIGINFO
SIGXFSZ: [libjvm.dylib+0x48694c], sa_mask[0]=11111111011111110111111111111111, sa_flags=SA_RESTART|SA_SIGINFO
SIGILL: [libjvm.dylib+0x48694c], sa_mask[0]=11111111011111110111111111111111, sa_flags=SA_RESTART|SA_SIGINFO
SIGUSR1: SIG_DFL, sa_mask[0]=00000000000000000000000000000000, sa_flags=none
SIGUSR2: [libjvm.dylib+0x48646a], sa_mask[0]=00100000000000000000000000000000, sa_flags=SA_RESTART|SA_SIGINFO
SIGHUP: [libjvm.dylib+0x484a41], sa_mask[0]=11111111011111110111111111111111, sa_flags=SA_RESTART|SA_SIGINFO
SIGINT: [libjvm.dylib+0x484a41], sa_mask[0]=11111111011111110111111111111111, sa_flags=SA_RESTART|SA_SIGINFO
SIGTERM: [libjvm.dylib+0x484a41], sa_mask[0]=11111111011111110111111111111111, sa_flags=SA_RESTART|SA_SIGINFO
SIGQUIT: [libjvm.dylib+0x484a41], sa_mask[0]=11111111011111110111111111111111, sa_flags=SA_RESTART|SA_SIGINFO


---------------  S Y S T E M  ---------------

OS:Bsduname:Darwin 16.0.0 Darwin Kernel Version 16.0.0: Mon Aug 29 17:56:20 PDT 2016; root:xnu-3789.1.32~3/RELEASE_X86_64 x86_64
rlimit: STACK 8192k, CORE 0k, NPROC 709, NOFILE 10240, AS infinity
load average:3.25 2.62 2.54

CPU:total 4 (2 cores per cpu, 2 threads per core) family 6 model 61 stepping 4, cmov, cx8, fxsr, mmx, sse, sse2, sse3, ssse3, sse4.1, sse4.2, popcnt, avx, avx2, aes, clmul, erms, 3dnowpref, lzcnt, ht, tsc, tscinvbit, bmi1, bmi2, adx

Memory: 4k page, physical 8388608k(231732k free)

/proc/meminfo:


vm_info: Java HotSpot(TM) 64-Bit Server VM (25.101-b13) for bsd-amd64 JRE (1.8.0_101-b13), built on Jun 22 2016 02:42:15 by "java_re" with gcc 4.2.1 (Based on Apple Inc. build 5658) (LLVM build 2336.11.00)

time: Wed Dec 14 16:55:01 2016
elapsed time: 57 seconds (0d 0h 0m 57s)

