#
# A fatal error has been detected by the Java Runtime Environment:
#
#  SIGSEGV (0xb) at pc=0x00007fffa0049b5d, pid=7208, tid=0x000000000000080b
#
# JRE version: Java(TM) SE Runtime Environment (8.0_101-b13) (build 1.8.0_101-b13)
# Java VM: Java HotSpot(TM) 64-Bit Server VM (25.101-b13 mixed mode bsd-amd64 compressed oops)
# Problematic frame:
# C  [libobjc.A.dylib+0x6b5d]  objc_msgSend+0x1d
#
# Failed to write core dump. Core dumps have been disabled. To enable core dumping, try "ulimit -c unlimited" before starting Java again
#
# If you would like to submit a bug report, please visit:
#   http://bugreport.java.com/bugreport/crash.jsp
# The crash happened outside the Java Virtual Machine in native code.
# See problematic frame for where to report the bug.
#

---------------  T H R E A D  ---------------

Current thread (0x00007fbd600fb000):  JavaThread "AWT-AppKit" daemon [_thread_in_native, id=2059, stack(0x00007fff584a0000,0x00007fff58ca0000)]

siginfo: si_signo: 11 (SIGSEGV), si_code: 1 (SEGV_MAPERR), si_addr: 0x0000000000000018

Registers:
RAX=0x00007fbd5ffca0c0, RBX=0x000000015157f450, RCX=0x00007fbd62400630, RDX=0x0000000000000000
RSP=0x00007fff58c9b038, RBP=0x00007fff58c9b0f0, RSI=0x00007fff8a0d81c3, RDI=0x00007fbd65432dd0
R8 =0x0000000000000018, R9 =0x00007fbd62400000, R10=0x0000000000000000, R11=0x00007fff8a0d81c3
R12=0x0000000000000000, R13=0x000000015305f4f0, R14=0x000000015157f440, R15=0x00007fbd600fb000
RIP=0x00007fffa0049b5d, EFLAGS=0x0000000000010246, ERR=0x0000000000000004
  TRAPNO=0x000000000000000e

Top of Stack: (sp=0x00007fff58c9b038)
0x00007fff58c9b038:   000000015157d157 00007fff58c9b090
0x00007fff58c9b048:   0000000000000003 00007fff58c9b070
0x00007fff58c9b058:   00000001079f28e6 000000015305f4f0
0x00007fff58c9b068:   000000015305f4f0 00007fbd5ffca0c0
0x00007fff58c9b078:   000000015157f6a0 000000015157f710
0x00007fff58c9b088:   00007fffa600f6d0 00007fffa6c73f90
0x00007fff58c9b098:   000000015157f450 000000015157f690
0x00007fff58c9b0a8:   00007fbd5ffca0c0 00007fbd65432dd0
0x00007fff58c9b0b8:   00007fbd65069460 00007fbd5ffca0c0
0x00007fff58c9b0c8:   00007fbd65432dd0 00007fff58c9b178
0x00007fff58c9b0d8:   00007fbd600fb1f8 000000015305f4f0
0x00007fff58c9b0e8:   00007fff58c9b1a0 00007fff58c9b168
0x00007fff58c9b0f8:   0000000110ac39d4 000000015305f4f0
0x00007fff58c9b108:   00007fff58c9b1a0 00007fff58c9b168
0x00007fff58c9b118:   0000000110ac3767 0000000110ac3722
0x00007fff58c9b128:   00007fff58c9b128 000000015305f4f0
0x00007fff58c9b138:   00007fff58c9b1a0 0000000153062128
0x00007fff58c9b148:   0000000000000000 000000015305f4f0
0x00007fff58c9b158:   0000000000000000 00007fff58c9b188
0x00007fff58c9b168:   00007fff58c9b1e8 0000000110ab42bd
0x00007fff58c9b178:   00000007412f8b68 0000000110abd538
0x00007fff58c9b188:   00007fbd5ffca0c0 00007fff58c9b1e8
0x00007fff58c9b198:   00007fbd65432dd0 0000000110abee02
0x00007fff58c9b1a8:   00007fff58c9b1a8 000000015305f6ba
0x00007fff58c9b1b8:   00007fff58c9b210 0000000153062128
0x00007fff58c9b1c8:   0000000000000000 000000015305f6c8
0x00007fff58c9b1d8:   00007fff58c9b188 00007fff58c9b1f8
0x00007fff58c9b1e8:   00007fff58c9b258 0000000110ab42bd
0x00007fff58c9b1f8:   00007fbd5ffca0c0 0000000741264488
0x00007fff58c9b208:   00007fbd65432dd0 0000000741264488
0x00007fff58c9b218:   00007fff58c9b218 0000000156653aa6
0x00007fff58c9b228:   00007fff58c9b268 0000000156653b60 

Instructions: (pc=0x00007fffa0049b5d)
0x00007fffa0049b3d:   0f 1f 00 48 85 ff 2e 74 62 40 f6 c7 01 2e 75 66
0x00007fffa0049b4d:   49 ba f8 ff ff ff ff 7f 00 00 4c 23 17 49 89 f3
0x00007fffa0049b5d:   45 23 5a 18 49 c1 e3 04 4d 03 5a 10 49 3b 33 75
0x00007fffa0049b6d:   04 41 ff 63 08 49 83 3b 01 76 0d 49 83 c3 10 49 

Register to memory mapping:

RAX=0x00007fbd5ffca0c0 is an unknown value
RBX=0x000000015157f450: Java_jogamp_nativewindow_macosx_OSXUtil_GetScreenRefreshRate0+0x1cf0 in /private/var/folders/q4/85d40lgj5sb4bdsw5z53b8cr0000gn/T/jogamp_0000/file_cache/jln816232775977492439/jln6383818832750835821/libnativewindow_macosx.jnilib at 0x0000000151578000
RCX=0x00007fbd62400630 is an unknown value
RDX=0x0000000000000000 is an unknown value
RSP=0x00007fff58c9b038 is pointing into the stack for thread: 0x00007fbd600fb000
RBP=0x00007fff58c9b0f0 is pointing into the stack for thread: 0x00007fbd600fb000
RSI=0x00007fff8a0d81c3: __NSStyleNameIndexTable+0x814d6 in /System/Library/Frameworks/AppKit.framework/Versions/C/AppKit at 0x00007fff89546000
RDI=0x00007fbd65432dd0 is an unknown value
R8 =0x0000000000000018 is an unknown value
R9 =0x00007fbd62400000 is an unknown value
R10=0x0000000000000000 is an unknown value
R11=0x00007fff8a0d81c3: __NSStyleNameIndexTable+0x814d6 in /System/Library/Frameworks/AppKit.framework/Versions/C/AppKit at 0x00007fff89546000
R12=0x0000000000000000 is an unknown value
R13={method} {0x000000015305f4f0} 'UnsetJAWTRootSurfaceLayer0' '(JJ)V' in 'jogamp/nativewindow/jawt/macosx/MacOSXJAWTWindow'
R14=0x000000015157f440: Java_jogamp_nativewindow_macosx_OSXUtil_GetScreenRefreshRate0+0x1ce0 in /private/var/folders/q4/85d40lgj5sb4bdsw5z53b8cr0000gn/T/jogamp_0000/file_cache/jln816232775977492439/jln6383818832750835821/libnativewindow_macosx.jnilib at 0x0000000151578000
R15=0x00007fbd600fb000 is a thread


Stack: [0x00007fff584a0000,0x00007fff58ca0000],  sp=0x00007fff58c9b038,  free space=8172k
Native frames: (J=compiled Java code, j=interpreted, Vv=VM code, C=native code)
C  [libobjc.A.dylib+0x6b5d]  objc_msgSend+0x1d
j  jogamp.nativewindow.jawt.macosx.MacOSXJAWTWindow.UnsetJAWTRootSurfaceLayer0(JJ)V+0
j  jogamp.nativewindow.jawt.macosx.MacOSXJAWTWindow.access$200(JJ)V+2
j  jogamp.nativewindow.jawt.macosx.MacOSXJAWTWindow$1.run()V+38
j  com.jogamp.common.util.RunnableTask.run()V+24
v  ~StubRoutines::call_stub
V  [libjvm.dylib+0x2ecf06]  JavaCalls::call_helper(JavaValue*, methodHandle*, JavaCallArguments*, Thread*)+0x6ae
V  [libjvm.dylib+0x324111]  jni_invoke_nonstatic(JNIEnv_*, JavaValue*, _jobject*, JNICallType, _jmethodID*, JNI_ArgumentPusher*, Thread*)+0x2ec
V  [libjvm.dylib+0x3168df]  jni_CallVoidMethod+0x16b
C  [libnativewindow_macosx.jnilib+0x5326]  Java_jogamp_nativewindow_jawt_macosx_MacOSXJAWTWindow_UnsetJAWTRootSurfaceLayer0+0x2b6
C  [Foundation+0x71f2a]  __NSThreadPerformPerform+0x146
C  [CoreFoundation+0xa7551]  __CFRUNLOOP_IS_CALLING_OUT_TO_A_SOURCE0_PERFORM_FUNCTION__+0x11
C  [CoreFoundation+0x88637]  __CFRunLoopDoSources0+0x1a7
C  [CoreFoundation+0x87bb6]  __CFRunLoopRun+0x3a6
C  [CoreFoundation+0x875b4]  CFRunLoopRunSpecific+0x1a4
C  [HIToolbox+0x30f6c]  RunCurrentEventLoopInMode+0xf0
C  [HIToolbox+0x30ca9]  ReceiveNextEventCommon+0xb8
C  [HIToolbox+0x30bd6]  _BlockUntilNextEventMatchingListInModeWithFilter+0x47
C  [AppKit+0x475f5]  _DPSNextEvent+0x445
C  [AppKit+0x7578eb]  -[NSApplication(NSEvent) _nextEventMatchingEventMask:untilDate:inMode:dequeue:]+0x665
C  [libosxapp.dylib+0x23aa]  -[NSApplicationAWT nextEventMatchingMask:untilDate:inMode:dequeue:]+0x7c
C  [AppKit+0x3bfbd]  -[NSApplication run]+0x39e
C  [libosxapp.dylib+0x214d]  +[NSApplicationAWT runAWTLoopWithApp:]+0x9c
C  [libawt_lwawt.dylib+0x444b3]  -[AWTStarter starter:]+0x389
C  [Foundation+0x71f2a]  __NSThreadPerformPerform+0x146
C  [CoreFoundation+0xa7551]  __CFRUNLOOP_IS_CALLING_OUT_TO_A_SOURCE0_PERFORM_FUNCTION__+0x11
C  [CoreFoundation+0x886bd]  __CFRunLoopDoSources0+0x22d
C  [CoreFoundation+0x87bb6]  __CFRunLoopRun+0x3a6
C  [CoreFoundation+0x875b4]  CFRunLoopRunSpecific+0x1a4
C  [java+0x6465]  CreateExecutionEnvironment+0x367
C  [java+0x218c]  JLI_Launch+0x7a0
C  [java+0x84c2]  main+0x65
C  [java+0x19e4]  start+0x34
C  0x0000000000000007

Java frames: (J=compiled Java code, j=interpreted, Vv=VM code)
j  jogamp.nativewindow.jawt.macosx.MacOSXJAWTWindow.UnsetJAWTRootSurfaceLayer0(JJ)V+0
j  jogamp.nativewindow.jawt.macosx.MacOSXJAWTWindow.access$200(JJ)V+2
j  jogamp.nativewindow.jawt.macosx.MacOSXJAWTWindow$1.run()V+38
j  com.jogamp.common.util.RunnableTask.run()V+24
v  ~StubRoutines::call_stub

---------------  P R O C E S S  ---------------

Java Threads: ( => current thread )
  0x00007fbd6155d800 JavaThread "Thread-194" [_thread_blocked, id=71835, stack(0x000070000ee2b000,0x000070000ef2b000)]
  0x00007fbd6191c000 JavaThread "AWT-EventQueue-1" [_thread_in_native, id=67879, stack(0x000070000ed28000,0x000070000ee28000)]
  0x00007fbd60803000 JavaThread "DestroyJavaVM" [_thread_blocked, id=7171, stack(0x000070000d6e0000,0x000070000d7e0000)]
  0x00007fbd6014e800 JavaThread "AWT-EventQueue-0" [_thread_blocked, id=59443, stack(0x000070000eb22000,0x000070000ec22000)]
  0x00007fbd60179800 JavaThread "Java2D Disposer" daemon [_thread_blocked, id=56079, stack(0x000070000e899000,0x000070000e999000)]
  0x00007fbd60168000 JavaThread "Java2D Queue Flusher" daemon [_thread_blocked, id=46643, stack(0x000070000e796000,0x000070000e896000)]
  0x00007fbd609c2800 JavaThread "AWT-Shutdown" [_thread_blocked, id=29471, stack(0x000070000e58d000,0x000070000e68d000)]
=>0x00007fbd600fb000 JavaThread "AWT-AppKit" daemon [_thread_in_native, id=2059, stack(0x00007fff584a0000,0x00007fff58ca0000)]
  0x00007fbd60012000 JavaThread "Service Thread" daemon [_thread_blocked, id=18947, stack(0x000070000e387000,0x000070000e487000)]
  0x00007fbd61010800 JavaThread "C1 CompilerThread2" daemon [_thread_blocked, id=18435, stack(0x000070000e284000,0x000070000e384000)]
  0x00007fbd6002a000 JavaThread "C2 CompilerThread1" daemon [_thread_blocked, id=17923, stack(0x000070000e181000,0x000070000e281000)]
  0x00007fbd60826800 JavaThread "C2 CompilerThread0" daemon [_thread_blocked, id=17411, stack(0x000070000e07e000,0x000070000e17e000)]
  0x00007fbd61010000 JavaThread "Signal Dispatcher" daemon [_thread_blocked, id=16899, stack(0x000070000df7b000,0x000070000e07b000)]
  0x00007fbd6080e000 JavaThread "Finalizer" daemon [_thread_blocked, id=12547, stack(0x000070000ddf5000,0x000070000def5000)]
  0x00007fbd6080d000 JavaThread "Reference Handler" daemon [_thread_blocked, id=12035, stack(0x000070000dcf2000,0x000070000ddf2000)]

Other Threads:
  0x00007fbd6182b800 VMThread [stack: 0x000070000dbef000,0x000070000dcef000] [id=11523]
  0x00007fbd60004000 WatcherThread [stack: 0x000070000e48a000,0x000070000e58a000] [id=19459]

VM state:not at safepoint (normal execution)

VM Mutex/Monitor currently owned by a thread: None

Heap:
 PSYoungGen      total 24064K, used 13482K [0x0000000795580000, 0x0000000796e00000, 0x00000007c0000000)
  eden space 23040K, 57% used [0x0000000795580000,0x000000079628aa20,0x0000000796c00000)
  from space 1024K, 12% used [0x0000000796d00000,0x0000000796d20000,0x0000000796e00000)
  to   space 1024K, 0% used [0x0000000796c00000,0x0000000796c00000,0x0000000796d00000)
 ParOldGen       total 87552K, used 75506K [0x0000000740000000, 0x0000000745580000, 0x0000000795580000)
  object space 87552K, 86% used [0x0000000740000000,0x00000007449bcb18,0x0000000745580000)
 Metaspace       used 20329K, capacity 20529K, committed 20736K, reserved 1069056K
  class space    used 1941K, capacity 2015K, committed 2048K, reserved 1048576K

Card table byte_map: [0x0000000108ba4000,0x0000000108fa5000] byte_map_base: 0x00000001051a4000

Marking Bits: (ParMarkBitMap*) 0x00000001080edd20
 Begin Bits: [0x0000000109250000, 0x000000010b250000)
 End Bits:   [0x000000010b250000, 0x000000010d250000)

Polling page: 0x0000000106fff000

CodeCache: size=245760Kb used=9465Kb max_used=9516Kb free=236294Kb
 bounds [0x0000000110aac000, 0x000000011148c000, 0x000000011faac000]
 total_blobs=3638 nmethods=2751 adapters=800
 compilation: enabled

Compilation events (10 events):
Event: 3914.687 Thread 0x00007fbd61010800 3618  s!   3       sun.applet.AppletSecurity::checkAccess (54 bytes)
Event: 3914.689 Thread 0x00007fbd61010800 nmethod 3618 0x0000000110e9e110 code [0x0000000110e9e320, 0x0000000110e9ee88]
Event: 3914.772 Thread 0x00007fbd6002a000 3619       4       sun.java2d.SurfaceData::pixelFor (13 bytes)
Event: 3914.774 Thread 0x00007fbd61010800 3620       1       sun.java2d.SurfaceData::isValid (5 bytes)
Event: 3914.774 Thread 0x00007fbd61010800 nmethod 3620 0x00000001110123d0 code [0x0000000111012520, 0x0000000111012630]
Event: 3914.775 Thread 0x00007fbd6002a000 nmethod 3619 0x0000000110f202d0 code [0x0000000110f20420, 0x0000000110f20518]
Event: 3914.889 Thread 0x00007fbd60826800 3621       4       java.util.HashMap::put (13 bytes)
Event: 3914.894 Thread 0x00007fbd6002a000 3622       4       java.beans.WeakIdentityMap$Entry::isMatched (22 bytes)
Event: 3914.895 Thread 0x00007fbd6002a000 nmethod 3622 0x0000000110f20690 code [0x0000000110f207e0, 0x0000000110f20898]
Event: 3914.917 Thread 0x00007fbd60826800 nmethod 3621 0x000000011124fd90 code [0x000000011124ff60, 0x00000001112505a8]

GC Heap History (10 events):
Event: 3903.335 GC heap before
{Heap before GC invocations=1822 (full 0):
 PSYoungGen      total 24064K, used 23136K [0x0000000795580000, 0x0000000796e00000, 0x00000007c0000000)
  eden space 23040K, 100% used [0x0000000795580000,0x0000000796c00000,0x0000000796c00000)
  from space 1024K, 9% used [0x0000000796c00000,0x0000000796c18000,0x0000000796d00000)
  to   space 1024K, 0% used [0x0000000796d00000,0x0000000796d00000,0x0000000796e00000)
 ParOldGen       total 87552K, used 75466K [0x0000000740000000, 0x0000000745580000, 0x0000000795580000)
  object space 87552K, 86% used [0x0000000740000000,0x00000007449b2b18,0x0000000745580000)
 Metaspace       used 20300K, capacity 20529K, committed 20736K, reserved 1069056K
  class space    used 1935K, capacity 2015K, committed 2048K, reserved 1048576K
Event: 3903.337 GC heap after
Heap after GC invocations=1822 (full 0):
 PSYoungGen      total 24064K, used 96K [0x0000000795580000, 0x0000000796e00000, 0x00000007c0000000)
  eden space 23040K, 0% used [0x0000000795580000,0x0000000795580000,0x0000000796c00000)
  from space 1024K, 9% used [0x0000000796d00000,0x0000000796d18000,0x0000000796e00000)
  to   space 1024K, 0% used [0x0000000796c00000,0x0000000796c00000,0x0000000796d00000)
 ParOldGen       total 87552K, used 75466K [0x0000000740000000, 0x0000000745580000, 0x0000000795580000)
  object space 87552K, 86% used [0x0000000740000000,0x00000007449b2b18,0x0000000745580000)
 Metaspace       used 20300K, capacity 20529K, committed 20736K, reserved 1069056K
  class space    used 1935K, capacity 2015K, committed 2048K, reserved 1048576K
}
Event: 3906.206 GC heap before
{Heap before GC invocations=1823 (full 0):
 PSYoungGen      total 24064K, used 23136K [0x0000000795580000, 0x0000000796e00000, 0x00000007c0000000)
  eden space 23040K, 100% used [0x0000000795580000,0x0000000796c00000,0x0000000796c00000)
  from space 1024K, 9% used [0x0000000796d00000,0x0000000796d18000,0x0000000796e00000)
  to   space 1024K, 0% used [0x0000000796c00000,0x0000000796c00000,0x0000000796d00000)
 ParOldGen       total 87552K, used 75466K [0x0000000740000000, 0x0000000745580000, 0x0000000795580000)
  object space 87552K, 86% used [0x0000000740000000,0x00000007449b2b18,0x0000000745580000)
 Metaspace       used 20300K, capacity 20529K, committed 20736K, reserved 1069056K
  class space    used 1935K, capacity 2015K, committed 2048K, reserved 1048576K
Event: 3906.210 GC heap after
Heap after GC invocations=1823 (full 0):
 PSYoungGen      total 24064K, used 32K [0x0000000795580000, 0x0000000796e00000, 0x00000007c0000000)
  eden space 23040K, 0% used [0x0000000795580000,0x0000000795580000,0x0000000796c00000)
  from space 1024K, 3% used [0x0000000796c00000,0x0000000796c08000,0x0000000796d00000)
  to   space 1024K, 0% used [0x0000000796d00000,0x0000000796d00000,0x0000000796e00000)
 ParOldGen       total 87552K, used 75466K [0x0000000740000000, 0x0000000745580000, 0x0000000795580000)
  object space 87552K, 86% used [0x0000000740000000,0x00000007449b2b18,0x0000000745580000)
 Metaspace       used 20300K, capacity 20529K, committed 20736K, reserved 1069056K
  class space    used 1935K, capacity 2015K, committed 2048K, reserved 1048576K
}
Event: 3909.041 GC heap before
{Heap before GC invocations=1824 (full 0):
 PSYoungGen      total 24064K, used 23072K [0x0000000795580000, 0x0000000796e00000, 0x00000007c0000000)
  eden space 23040K, 100% used [0x0000000795580000,0x0000000796c00000,0x0000000796c00000)
  from space 1024K, 3% used [0x0000000796c00000,0x0000000796c08000,0x0000000796d00000)
  to   space 1024K, 0% used [0x0000000796d00000,0x0000000796d00000,0x0000000796e00000)
 ParOldGen       total 87552K, used 75466K [0x0000000740000000, 0x0000000745580000, 0x0000000795580000)
  object space 87552K, 86% used [0x0000000740000000,0x00000007449b2b18,0x0000000745580000)
 Metaspace       used 20300K, capacity 20529K, committed 20736K, reserved 1069056K
  class space    used 1935K, capacity 2015K, committed 2048K, reserved 1048576K
Event: 3909.044 GC heap after
Heap after GC invocations=1824 (full 0):
 PSYoungGen      total 24064K, used 128K [0x0000000795580000, 0x0000000796e00000, 0x00000007c0000000)
  eden space 23040K, 0% used [0x0000000795580000,0x0000000795580000,0x0000000796c00000)
  from space 1024K, 12% used [0x0000000796d00000,0x0000000796d20000,0x0000000796e00000)
  to   space 1024K, 0% used [0x0000000796c00000,0x0000000796c00000,0x0000000796d00000)
 ParOldGen       total 87552K, used 75474K [0x0000000740000000, 0x0000000745580000, 0x0000000795580000)
  object space 87552K, 86% used [0x0000000740000000,0x00000007449b4b18,0x0000000745580000)
 Metaspace       used 20300K, capacity 20529K, committed 20736K, reserved 1069056K
  class space    used 1935K, capacity 2015K, committed 2048K, reserved 1048576K
}
Event: 3911.050 GC heap before
{Heap before GC invocations=1825 (full 0):
 PSYoungGen      total 24064K, used 23168K [0x0000000795580000, 0x0000000796e00000, 0x00000007c0000000)
  eden space 23040K, 100% used [0x0000000795580000,0x0000000796c00000,0x0000000796c00000)
  from space 1024K, 12% used [0x0000000796d00000,0x0000000796d20000,0x0000000796e00000)
  to   space 1024K, 0% used [0x0000000796c00000,0x0000000796c00000,0x0000000796d00000)
 ParOldGen       total 87552K, used 75474K [0x0000000740000000, 0x0000000745580000, 0x0000000795580000)
  object space 87552K, 86% used [0x0000000740000000,0x00000007449b4b18,0x0000000745580000)
 Metaspace       used 20300K, capacity 20529K, committed 20736K, reserved 1069056K
  class space    used 1935K, capacity 2015K, committed 2048K, reserved 1048576K
Event: 3911.054 GC heap after
Heap after GC invocations=1825 (full 0):
 PSYoungGen      total 24064K, used 96K [0x0000000795580000, 0x0000000796e00000, 0x00000007c0000000)
  eden space 23040K, 0% used [0x0000000795580000,0x0000000795580000,0x0000000796c00000)
  from space 1024K, 9% used [0x0000000796c00000,0x0000000796c18000,0x0000000796d00000)
  to   space 1024K, 0% used [0x0000000796d00000,0x0000000796d00000,0x0000000796e00000)
 ParOldGen       total 87552K, used 75490K [0x0000000740000000, 0x0000000745580000, 0x0000000795580000)
  object space 87552K, 86% used [0x0000000740000000,0x00000007449b8b18,0x0000000745580000)
 Metaspace       used 20300K, capacity 20529K, committed 20736K, reserved 1069056K
  class space    used 1935K, capacity 2015K, committed 2048K, reserved 1048576K
}
Event: 3913.263 GC heap before
{Heap before GC invocations=1826 (full 0):
 PSYoungGen      total 24064K, used 23136K [0x0000000795580000, 0x0000000796e00000, 0x00000007c0000000)
  eden space 23040K, 100% used [0x0000000795580000,0x0000000796c00000,0x0000000796c00000)
  from space 1024K, 9% used [0x0000000796c00000,0x0000000796c18000,0x0000000796d00000)
  to   space 1024K, 0% used [0x0000000796d00000,0x0000000796d00000,0x0000000796e00000)
 ParOldGen       total 87552K, used 75490K [0x0000000740000000, 0x0000000745580000, 0x0000000795580000)
  object space 87552K, 86% used [0x0000000740000000,0x00000007449b8b18,0x0000000745580000)
 Metaspace       used 20300K, capacity 20529K, committed 20736K, reserved 1069056K
  class space    used 1935K, capacity 2015K, committed 2048K, reserved 1048576K
Event: 3913.265 GC heap after
Heap after GC invocations=1826 (full 0):
 PSYoungGen      total 24064K, used 128K [0x0000000795580000, 0x0000000796e00000, 0x00000007c0000000)
  eden space 23040K, 0% used [0x0000000795580000,0x0000000795580000,0x0000000796c00000)
  from space 1024K, 12% used [0x0000000796d00000,0x0000000796d20000,0x0000000796e00000)
  to   space 1024K, 0% used [0x0000000796c00000,0x0000000796c00000,0x0000000796d00000)
 ParOldGen       total 87552K, used 75506K [0x0000000740000000, 0x0000000745580000, 0x0000000795580000)
  object space 87552K, 86% used [0x0000000740000000,0x00000007449bcb18,0x0000000745580000)
 Metaspace       used 20300K, capacity 20529K, committed 20736K, reserved 1069056K
  class space    used 1935K, capacity 2015K, committed 2048K, reserved 1048576K
}

Deoptimization events (10 events):
Event: 3914.886 Thread 0x00007fbd611f8800 Uncommon trap: reason=class_check action=maybe_recompile pc=0x00000001110248c0 method=java.util.HashMap.putVal(ILjava/lang/Object;Ljava/lang/Object;ZZ)Ljava/lang/Object; @ 91
Event: 3914.886 Thread 0x00007fbd611f8800 Uncommon trap: reason=class_check action=maybe_recompile pc=0x0000000110f24410 method=java.util.HashMap.putVal(ILjava/lang/Object;Ljava/lang/Object;ZZ)Ljava/lang/Object; @ 91
Event: 3914.888 Thread 0x00007fbd6014e800 Uncommon trap: reason=class_check action=maybe_recompile pc=0x000000011115ec1c method=java.awt.event.InvocationEvent.dispatch()V @ 47
Event: 3914.888 Thread 0x00007fbd6014e800 Uncommon trap: reason=class_check action=maybe_recompile pc=0x000000011102d8dc method=java.awt.Component.getGraphics()Ljava/awt/Graphics; @ 114
Event: 3914.888 Thread 0x00007fbd6014e800 Uncommon trap: reason=unstable_if action=reinterpret pc=0x00000001111c8238 method=java.awt.font.FontRenderContext.equals(Ljava/awt/font/FontRenderContext;)Z @ 2
Event: 3914.901 Thread 0x00007fbd600fb000 Uncommon trap: reason=class_check action=maybe_recompile pc=0x0000000110bc6680 method=com.jogamp.common.util.RunnableTask.run()V @ 24
Event: 3914.903 Thread 0x00007fbd600fb000 Uncommon trap: reason=unstable_if action=reinterpret pc=0x000000011101c6bc method=jogamp.nativewindow.macosx.OSXUtil.RunOnMainThread(ZZLjava/lang/Runnable;)V @ 3
Event: 3914.929 Thread 0x00007fbd6191c000 Uncommon trap: reason=unstable_if action=reinterpret pc=0x000000011107b4d8 method=jogamp.opengl.GLContextImpl.release(Z)V @ 161
Event: 3914.945 Thread 0x00007fbd6014e800 Uncommon trap: reason=class_check action=maybe_recompile pc=0x000000011102d8dc method=java.awt.Component.getGraphics()Ljava/awt/Graphics; @ 114
Event: 3914.952 Thread 0x00007fbd600fb000 Uncommon trap: reason=class_check action=maybe_recompile pc=0x0000000110bc6680 method=com.jogamp.common.util.RunnableTask.run()V @ 24

Internal exceptions (10 events):
Event: 0.730 Thread 0x00007fbd60803000 Exception <a 'java/io/FileNotFoundException'> (0x0000000795847fa0) thrown at [/HUDSON3/workspace/8-2-build-macosx-x86_64/jdk8u101/7261/hotspot/src/share/vm/prims/jni.cpp, line 709]
Event: 0.730 Thread 0x00007fbd60803000 Exception <a 'java/io/FileNotFoundException'> (0x0000000795848b28) thrown at [/HUDSON3/workspace/8-2-build-macosx-x86_64/jdk8u101/7261/hotspot/src/share/vm/prims/jni.cpp, line 709]
Event: 0.784 Thread 0x00007fbd60803000 Exception <a 'java/io/FileNotFoundException'> (0x000000079589edb0) thrown at [/HUDSON3/workspace/8-2-build-macosx-x86_64/jdk8u101/7261/hotspot/src/share/vm/prims/jni.cpp, line 709]
Event: 0.917 Thread 0x00007fbd60803000 Exception <a 'java/io/FileNotFoundException'> (0x0000000795a3de28) thrown at [/HUDSON3/workspace/8-2-build-macosx-x86_64/jdk8u101/7261/hotspot/src/share/vm/prims/jni.cpp, line 709]
Event: 3.346 Thread 0x00007fbd6123f000 Exception <a 'java/lang/UnsatisfiedLinkError': com.jogamp.common.util.JarUtil.fixNativeLibAttribs(Ljava/lang/String;)Z> (0x0000000796c19ed0) thrown at [/HUDSON3/workspace/8-2-build-macosx-x86_64/jdk8u101/7261/hotspot/src/share/vm/prims/nativeLookup.cpp, l
Event: 3.682 Thread 0x00007fbd6080e000 Exception <a 'java/lang/NullPointerException'> (0x00000007956a33c8) thrown at [/HUDSON3/workspace/8-2-build-macosx-x86_64/jdk8u101/7261/hotspot/src/share/vm/interpreter/linkResolver.cpp, line 1178]
Event: 4.629 Thread 0x00007fbd6191c000 Exception <a 'java/io/FileNotFoundException'> (0x000000079613d028) thrown at [/HUDSON3/workspace/8-2-build-macosx-x86_64/jdk8u101/7261/hotspot/src/share/vm/prims/jni.cpp, line 709]
Event: 4.629 Thread 0x00007fbd6191c000 Exception <a 'java/io/FileNotFoundException'> (0x00000007961447c8) thrown at [/HUDSON3/workspace/8-2-build-macosx-x86_64/jdk8u101/7261/hotspot/src/share/vm/prims/jni.cpp, line 709]
Event: 4.630 Thread 0x00007fbd6191c000 Implicit null exception at 0x0000000110c71575 to 0x0000000110c718e5
Event: 3914.870 Thread 0x00007fbd6191c000 Implicit null exception at 0x0000000110ef8cc8 to 0x0000000110ef967d

Events (10 events):
Event: 3914.944 loading class java/awt/Toolkit$ToolkitEventMulticaster done
Event: 3914.945 Thread 0x00007fbd611f8800 Thread exited: 0x00007fbd611f8800
Event: 3914.945 Thread 0x00007fbd6014e800 Uncommon trap: trap_request=0xffffffde fr.pc=0x000000011102d8dc
Event: 3914.945 Thread 0x00007fbd6014e800 DEOPT PACKING pc=0x000000011102d8dc sp=0x000070000ec1fce0
Event: 3914.945 Thread 0x00007fbd6014e800 DEOPT UNPACKING pc=0x0000000110ab1229 sp=0x000070000ec1fcf0 mode 2
Event: 3914.946 loading class java/awt/Window$1DisposeAction
Event: 3914.946 loading class java/awt/Window$1DisposeAction done
Event: 3914.952 Thread 0x00007fbd600fb000 Uncommon trap: trap_request=0xffffffde fr.pc=0x0000000110bc6680
Event: 3914.952 Thread 0x00007fbd600fb000 DEOPT PACKING pc=0x0000000110bc6680 sp=0x00007fff58c9b2b0
Event: 3914.952 Thread 0x00007fbd600fb000 DEOPT UNPACKING pc=0x0000000110ab1229 sp=0x00007fff58c9b258 mode 2


Dynamic libraries:
0x00000000166f9000 	/System/Library/Frameworks/Cocoa.framework/Versions/A/Cocoa
0x00000000166f9000 	/System/Library/Frameworks/Security.framework/Versions/A/Security
0x00000000166f9000 	/System/Library/Frameworks/ApplicationServices.framework/Versions/A/ApplicationServices
0x00000000166f9000 	/usr/lib/libz.1.dylib
0x00000000166f9000 	/usr/lib/libSystem.B.dylib
0x00000000166f9000 	/usr/lib/libobjc.A.dylib
0x00000000166f9000 	/System/Library/Frameworks/CoreFoundation.framework/Versions/A/CoreFoundation
0x00000000166f9000 	/System/Library/Frameworks/Foundation.framework/Versions/C/Foundation
0x00000000166f9000 	/System/Library/Frameworks/AppKit.framework/Versions/C/AppKit
0x00000000166f9000 	/System/Library/Frameworks/CoreData.framework/Versions/A/CoreData
0x00000000166f9000 	/System/Library/PrivateFrameworks/RemoteViewServices.framework/Versions/A/RemoteViewServices
0x00000000166f9000 	/System/Library/PrivateFrameworks/UIFoundation.framework/Versions/A/UIFoundation
0x00000000166f9000 	/usr/lib/libenergytrace.dylib
0x00000000166f9000 	/System/Library/PrivateFrameworks/SkyLight.framework/Versions/A/SkyLight
0x00000000166f9000 	/System/Library/Frameworks/CoreGraphics.framework/Versions/A/CoreGraphics
0x00000000166f9000 	/usr/lib/libScreenReader.dylib
0x00000000166f9000 	/System/Library/Frameworks/Accelerate.framework/Versions/A/Accelerate
0x00000000166f9000 	/System/Library/Frameworks/IOSurface.framework/Versions/A/IOSurface
0x00000000166f9000 	/System/Library/Frameworks/AudioToolbox.framework/Versions/A/AudioToolbox
0x00000000166f9000 	/System/Library/Frameworks/AudioUnit.framework/Versions/A/AudioUnit
0x00000000166f9000 	/System/Library/PrivateFrameworks/DataDetectorsCore.framework/Versions/A/DataDetectorsCore
0x00000000166f9000 	/System/Library/PrivateFrameworks/DesktopServicesPriv.framework/Versions/A/DesktopServicesPriv
0x00000000166f9000 	/System/Library/Frameworks/Carbon.framework/Versions/A/Frameworks/HIToolbox.framework/Versions/A/HIToolbox
0x00000000166f9000 	/usr/lib/libicucore.A.dylib
0x00000000166f9000 	/System/Library/Frameworks/QuartzCore.framework/Versions/A/QuartzCore
0x00000000166f9000 	/System/Library/Frameworks/Carbon.framework/Versions/A/Frameworks/SpeechRecognition.framework/Versions/A/SpeechRecognition
0x00000000166f9000 	/usr/lib/libauto.dylib
0x00000000166f9000 	/usr/lib/libxml2.2.dylib
0x00000000166f9000 	/System/Library/PrivateFrameworks/CoreUI.framework/Versions/A/CoreUI
0x00000000166f9000 	/System/Library/Frameworks/CoreAudio.framework/Versions/A/CoreAudio
0x00000000166f9000 	/System/Library/Frameworks/DiskArbitration.framework/Versions/A/DiskArbitration
0x00000000166f9000 	/usr/lib/liblangid.dylib
0x00000000166f9000 	/System/Library/PrivateFrameworks/MultitouchSupport.framework/Versions/A/MultitouchSupport
0x00000000166f9000 	/System/Library/Frameworks/IOKit.framework/Versions/A/IOKit
0x00000000166f9000 	/usr/lib/libDiagnosticMessagesClient.dylib
0x00000000166f9000 	/System/Library/Frameworks/CoreServices.framework/Versions/A/CoreServices
0x00000000166f9000 	/System/Library/PrivateFrameworks/PerformanceAnalysis.framework/Versions/A/PerformanceAnalysis
0x00000000166f9000 	/System/Library/PrivateFrameworks/GenerationalStorage.framework/Versions/A/GenerationalStorage
0x00000000166f9000 	/System/Library/Frameworks/OpenGL.framework/Versions/A/OpenGL
0x00000000166f9000 	/System/Library/Frameworks/CoreImage.framework/Versions/A/CoreImage
0x00000000166f9000 	/System/Library/Frameworks/CoreText.framework/Versions/A/CoreText
0x00000000166f9000 	/System/Library/Frameworks/ImageIO.framework/Versions/A/ImageIO
0x00000000166f9000 	/System/Library/PrivateFrameworks/Backup.framework/Versions/A/Backup
0x00000000166f9000 	/usr/lib/libarchive.2.dylib
0x00000000166f9000 	/System/Library/Frameworks/CFNetwork.framework/Versions/A/CFNetwork
0x00000000166f9000 	/System/Library/Frameworks/SystemConfiguration.framework/Versions/A/SystemConfiguration
0x00000000166f9000 	/usr/lib/libCRFSuite.dylib
0x00000000166f9000 	/usr/lib/libc++.1.dylib
0x00000000166f9000 	/usr/lib/libc++abi.dylib
0x00000000166f9000 	/usr/lib/system/libcache.dylib
0x00000000166f9000 	/usr/lib/system/libcommonCrypto.dylib
0x00000000166f9000 	/usr/lib/system/libcompiler_rt.dylib
0x00000000166f9000 	/usr/lib/system/libcopyfile.dylib
0x00000000166f9000 	/usr/lib/system/libcorecrypto.dylib
0x00000000166f9000 	/usr/lib/system/libdispatch.dylib
0x00000000166f9000 	/usr/lib/system/libdyld.dylib
0x00000000166f9000 	/usr/lib/system/libkeymgr.dylib
0x00000000166f9000 	/usr/lib/system/liblaunch.dylib
0x00000000166f9000 	/usr/lib/system/libmacho.dylib
0x00000000166f9000 	/usr/lib/system/libquarantine.dylib
0x00000000166f9000 	/usr/lib/system/libremovefile.dylib
0x00000000166f9000 	/usr/lib/system/libsystem_asl.dylib
0x00000000166f9000 	/usr/lib/system/libsystem_blocks.dylib
0x00000000166f9000 	/usr/lib/system/libsystem_c.dylib
0x00000000166f9000 	/usr/lib/system/libsystem_configuration.dylib
0x00000000166f9000 	/usr/lib/system/libsystem_coreservices.dylib
0x00000000166f9000 	/usr/lib/system/libsystem_coretls.dylib
0x00000000166f9000 	/usr/lib/system/libsystem_dnssd.dylib
0x00000000166f9000 	/usr/lib/system/libsystem_info.dylib
0x00000000166f9000 	/usr/lib/system/libsystem_kernel.dylib
0x00000000166f9000 	/usr/lib/system/libsystem_m.dylib
0x00000000166f9000 	/usr/lib/system/libsystem_malloc.dylib
0x00000000166f9000 	/usr/lib/system/libsystem_network.dylib
0x00000000166f9000 	/usr/lib/system/libsystem_networkextension.dylib
0x00000000166f9000 	/usr/lib/system/libsystem_notify.dylib
0x00000000166f9000 	/usr/lib/system/libsystem_platform.dylib
0x00000000166f9000 	/usr/lib/system/libsystem_pthread.dylib
0x00000000166f9000 	/usr/lib/system/libsystem_sandbox.dylib
0x00000000166f9000 	/usr/lib/system/libsystem_secinit.dylib
0x00000000166f9000 	/usr/lib/system/libsystem_symptoms.dylib
0x00000000166f9000 	/usr/lib/system/libsystem_trace.dylib
0x00000000166f9000 	/usr/lib/system/libunwind.dylib
0x00000000166f9000 	/usr/lib/system/libxpc.dylib
0x00000000166f9000 	/usr/lib/libbsm.0.dylib
0x00000000166f9000 	/usr/lib/system/libkxld.dylib
0x00000000166f9000 	/usr/lib/libcoretls.dylib
0x00000000166f9000 	/usr/lib/libcoretls_cfhelpers.dylib
0x00000000166f9000 	/usr/lib/libxar.1.dylib
0x00000000166f9000 	/usr/lib/libsqlite3.dylib
0x00000000166f9000 	/usr/lib/libpam.2.dylib
0x00000000166f9000 	/usr/lib/libOpenScriptingUtil.dylib
0x00000000166f9000 	/usr/lib/libbz2.1.0.dylib
0x00000000166f9000 	/usr/lib/liblzma.5.dylib
0x00000000166f9000 	/usr/lib/libnetwork.dylib
0x00000000166f9000 	/usr/lib/libpcap.A.dylib
0x00000000166f9000 	/System/Library/Frameworks/CoreServices.framework/Versions/A/Frameworks/FSEvents.framework/Versions/A/FSEvents
0x00000000166f9000 	/System/Library/Frameworks/CoreServices.framework/Versions/A/Frameworks/CarbonCore.framework/Versions/A/CarbonCore
0x00000000166f9000 	/System/Library/Frameworks/CoreServices.framework/Versions/A/Frameworks/Metadata.framework/Versions/A/Metadata
0x00000000166f9000 	/System/Library/Frameworks/CoreServices.framework/Versions/A/Frameworks/OSServices.framework/Versions/A/OSServices
0x00000000166f9000 	/System/Library/Frameworks/CoreServices.framework/Versions/A/Frameworks/SearchKit.framework/Versions/A/SearchKit
0x00000000166f9000 	/System/Library/Frameworks/CoreServices.framework/Versions/A/Frameworks/AE.framework/Versions/A/AE
0x00000000166f9000 	/System/Library/Frameworks/CoreServices.framework/Versions/A/Frameworks/LaunchServices.framework/Versions/A/LaunchServices
0x00000000166f9000 	/System/Library/Frameworks/CoreServices.framework/Versions/A/Frameworks/DictionaryServices.framework/Versions/A/DictionaryServices
0x00000000166f9000 	/System/Library/Frameworks/CoreServices.framework/Versions/A/Frameworks/SharedFileList.framework/Versions/A/SharedFileList
0x00000000166f9000 	/System/Library/Frameworks/NetFS.framework/Versions/A/NetFS
0x00000000166f9000 	/System/Library/PrivateFrameworks/NetAuth.framework/Versions/A/NetAuth
0x00000000166f9000 	/System/Library/PrivateFrameworks/login.framework/Versions/A/Frameworks/loginsupport.framework/Versions/A/loginsupport
0x00000000166f9000 	/System/Library/PrivateFrameworks/TCC.framework/Versions/A/TCC
0x00000000166f9000 	/usr/lib/libmecabra.dylib
0x00000000166f9000 	/System/Library/Frameworks/ApplicationServices.framework/Versions/A/Frameworks/ATS.framework/Versions/A/ATS
0x00000000166f9000 	/System/Library/Frameworks/ApplicationServices.framework/Versions/A/Frameworks/ColorSync.framework/Versions/A/ColorSync
0x00000000166f9000 	/System/Library/Frameworks/ApplicationServices.framework/Versions/A/Frameworks/HIServices.framework/Versions/A/HIServices
0x00000000166f9000 	/System/Library/Frameworks/ApplicationServices.framework/Versions/A/Frameworks/LangAnalysis.framework/Versions/A/LangAnalysis
0x00000000166f9000 	/System/Library/Frameworks/ApplicationServices.framework/Versions/A/Frameworks/PrintCore.framework/Versions/A/PrintCore
0x00000000166f9000 	/System/Library/Frameworks/ApplicationServices.framework/Versions/A/Frameworks/QD.framework/Versions/A/QD
0x00000000166f9000 	/System/Library/Frameworks/ApplicationServices.framework/Versions/A/Frameworks/SpeechSynthesis.framework/Versions/A/SpeechSynthesis
0x00000000166f9000 	/System/Library/Frameworks/Accelerate.framework/Versions/A/Frameworks/vImage.framework/Versions/A/vImage
0x00000000166f9000 	/System/Library/Frameworks/Accelerate.framework/Versions/A/Frameworks/vecLib.framework/Versions/A/vecLib
0x00000000166f9000 	/System/Library/Frameworks/Accelerate.framework/Versions/A/Frameworks/vecLib.framework/Versions/A/libvDSP.dylib
0x00000000166f9000 	/System/Library/Frameworks/Accelerate.framework/Versions/A/Frameworks/vecLib.framework/Versions/A/libBNNS.dylib
0x00000000166f9000 	/System/Library/Frameworks/Accelerate.framework/Versions/A/Frameworks/vecLib.framework/Versions/A/libQuadrature.dylib
0x00000000166f9000 	/System/Library/Frameworks/Accelerate.framework/Versions/A/Frameworks/vecLib.framework/Versions/A/libvMisc.dylib
0x00000000166f9000 	/System/Library/Frameworks/Accelerate.framework/Versions/A/Frameworks/vecLib.framework/Versions/A/libLAPACK.dylib
0x00000000166f9000 	/System/Library/Frameworks/Accelerate.framework/Versions/A/Frameworks/vecLib.framework/Versions/A/libBLAS.dylib
0x00000000166f9000 	/System/Library/Frameworks/Accelerate.framework/Versions/A/Frameworks/vecLib.framework/Versions/A/libLinearAlgebra.dylib
0x00000000166f9000 	/System/Library/Frameworks/Accelerate.framework/Versions/A/Frameworks/vecLib.framework/Versions/A/libSparseBLAS.dylib
0x00000000166f9000 	/System/Library/Frameworks/ApplicationServices.framework/Versions/A/Frameworks/ATS.framework/Versions/A/Resources/libFontParser.dylib
0x00000000166f9000 	/System/Library/Frameworks/ApplicationServices.framework/Versions/A/Frameworks/ATS.framework/Versions/A/Resources/libFontRegistry.dylib
0x00000000166f9000 	/System/Library/Frameworks/ImageIO.framework/Versions/A/Resources/libJPEG.dylib
0x00000000166f9000 	/System/Library/Frameworks/ImageIO.framework/Versions/A/Resources/libTIFF.dylib
0x00000000166f9000 	/System/Library/Frameworks/ImageIO.framework/Versions/A/Resources/libPng.dylib
0x00000000166f9000 	/System/Library/Frameworks/ImageIO.framework/Versions/A/Resources/libGIF.dylib
0x00000000166f9000 	/System/Library/Frameworks/ImageIO.framework/Versions/A/Resources/libJP2.dylib
0x00000000166f9000 	/System/Library/Frameworks/ImageIO.framework/Versions/A/Resources/libRadiance.dylib
0x00000000166f9000 	/usr/lib/libcompression.dylib
0x00000000166f9000 	/System/Library/PrivateFrameworks/AppleJPEG.framework/Versions/A/AppleJPEG
0x00000000166f9000 	/usr/lib/libcups.2.dylib
0x00000000166f9000 	/System/Library/Frameworks/Kerberos.framework/Versions/A/Kerberos
0x00000000166f9000 	/System/Library/Frameworks/GSS.framework/Versions/A/GSS
0x00000000166f9000 	/usr/lib/libresolv.9.dylib
0x00000000166f9000 	/usr/lib/libiconv.2.dylib
0x00000000166f9000 	/System/Library/PrivateFrameworks/Heimdal.framework/Versions/A/Heimdal
0x00000000166f9000 	/usr/lib/libheimdal-asn1.dylib
0x00000000166f9000 	/System/Library/Frameworks/OpenDirectory.framework/Versions/A/OpenDirectory
0x00000000166f9000 	/System/Library/PrivateFrameworks/CommonAuth.framework/Versions/A/CommonAuth
0x00000000166f9000 	/System/Library/Frameworks/OpenDirectory.framework/Versions/A/Frameworks/CFOpenDirectory.framework/Versions/A/CFOpenDirectory
0x00000000166f9000 	/System/Library/Frameworks/SecurityFoundation.framework/Versions/A/SecurityFoundation
0x00000000166f9000 	/System/Library/PrivateFrameworks/LanguageModeling.framework/Versions/A/LanguageModeling
0x00000000166f9000 	/usr/lib/libmarisa.dylib
0x00000000166f9000 	/usr/lib/libChineseTokenizer.dylib
0x00000000166f9000 	/usr/lib/libcmph.dylib
0x00000000166f9000 	/System/Library/PrivateFrameworks/CoreEmoji.framework/Versions/A/CoreEmoji
0x00000000166f9000 	/System/Library/Frameworks/ServiceManagement.framework/Versions/A/ServiceManagement
0x00000000166f9000 	/usr/lib/libxslt.1.dylib
0x00000000166f9000 	/System/Library/Frameworks/Carbon.framework/Versions/A/Frameworks/Ink.framework/Versions/A/Ink
0x00000000166f9000 	/System/Library/PrivateFrameworks/TextureIO.framework/Versions/A/TextureIO
0x00000000166f9000 	/System/Library/Frameworks/Metal.framework/Versions/A/Metal
0x00000000166f9000 	/usr/lib/libate.dylib
0x00000000166f9000 	/System/Library/PrivateFrameworks/GPUCompiler.framework/libmetal_timestamp.dylib
0x00000000166f9000 	/System/Library/Frameworks/OpenGL.framework/Versions/A/Libraries/libCoreFSCache.dylib
0x00000000166f9000 	/System/Library/PrivateFrameworks/IOAccelerator.framework/Versions/A/IOAccelerator
0x00000000166f9000 	/System/Library/Frameworks/CoreVideo.framework/Versions/A/CoreVideo
0x00000000166f9000 	/usr/lib/libFosl_dynamic.dylib
0x00000000166f9000 	/System/Library/PrivateFrameworks/MetalPerformanceShaders.framework/Versions/A/MetalPerformanceShaders
0x00000000166f9000 	/System/Library/PrivateFrameworks/FaceCore.framework/Versions/A/FaceCore
0x00000000166f9000 	/System/Library/Frameworks/OpenCL.framework/Versions/A/OpenCL
0x00000000166f9000 	/System/Library/Frameworks/OpenGL.framework/Versions/A/Libraries/libGLU.dylib
0x00000000166f9000 	/System/Library/Frameworks/OpenGL.framework/Versions/A/Libraries/libGFXShared.dylib
0x00000000166f9000 	/System/Library/Frameworks/OpenGL.framework/Versions/A/Libraries/libGL.dylib
0x00000000166f9000 	/System/Library/Frameworks/OpenGL.framework/Versions/A/Libraries/libGLImage.dylib
0x00000000166f9000 	/System/Library/Frameworks/OpenGL.framework/Versions/A/Libraries/libCVMSPluginSupport.dylib
0x00000000166f9000 	/System/Library/Frameworks/OpenGL.framework/Versions/A/Libraries/libCoreVMClient.dylib
0x00000000166f9000 	/System/Library/PrivateFrameworks/CrashReporterSupport.framework/Versions/A/CrashReporterSupport
0x00000000166f9000 	/System/Library/PrivateFrameworks/Sharing.framework/Versions/A/Sharing
0x00000000166f9000 	/System/Library/PrivateFrameworks/IconServices.framework/Versions/A/IconServices
0x00000000166f9000 	/System/Library/PrivateFrameworks/ProtocolBuffer.framework/Versions/A/ProtocolBuffer
0x00000000166f9000 	/System/Library/PrivateFrameworks/Apple80211.framework/Versions/A/Apple80211
0x00000000166f9000 	/System/Library/Frameworks/CoreWLAN.framework/Versions/A/CoreWLAN
0x00000000166f9000 	/System/Library/PrivateFrameworks/CoreUtils.framework/Versions/A/CoreUtils
0x00000000166f9000 	/System/Library/Frameworks/IOBluetooth.framework/Versions/A/IOBluetooth
0x00000000166f9000 	/System/Library/PrivateFrameworks/CoreWiFi.framework/Versions/A/CoreWiFi
0x00000000166f9000 	/System/Library/Frameworks/CoreBluetooth.framework/Versions/A/CoreBluetooth
0x00000000166f9000 	/System/Library/Frameworks/CoreDisplay.framework/Versions/A/CoreDisplay
0x00000000166f9000 	/System/Library/PrivateFrameworks/IOPresentment.framework/Versions/A/IOPresentment
0x00000000166f9000 	/System/Library/PrivateFrameworks/DebugSymbols.framework/Versions/A/DebugSymbols
0x00000000166f9000 	/System/Library/PrivateFrameworks/CoreSymbolication.framework/Versions/A/CoreSymbolication
0x00000000166f9000 	/System/Library/PrivateFrameworks/Symbolication.framework/Versions/A/Symbolication
0x00000000166f9000 	/System/Library/PrivateFrameworks/AppleFSCompression.framework/Versions/A/AppleFSCompression
0x00000000166f9000 	/System/Library/PrivateFrameworks/SpeechRecognitionCore.framework/Versions/A/SpeechRecognitionCore
0x00000000166f9000 	/System/Library/PrivateFrameworks/ChunkingLibrary.framework/Versions/A/ChunkingLibrary
0x0000000106fad000 	/System/Library/CoreServices/Encodings/libSimplifiedChineseConverter.dylib
0x0000000107800000 	/Library/Java/JavaVirtualMachines/jdk1.8.0_101.jdk/Contents/Home/jre/lib/server/libjvm.dylib
0x00000000166f9000 	/usr/lib/libstdc++.6.dylib
0x0000000106ff1000 	/Library/Java/JavaVirtualMachines/jdk1.8.0_101.jdk/Contents/Home/jre/lib/libverify.dylib
0x000000010879d000 	/Library/Java/JavaVirtualMachines/jdk1.8.0_101.jdk/Contents/Home/jre/lib/libjava.dylib
0x00000001087db000 	/Library/Java/JavaVirtualMachines/jdk1.8.0_101.jdk/Contents/Home/jre/lib/libzip.dylib
0x000000010f148000 	/System/Library/Frameworks/JavaVM.framework/Frameworks/JavaRuntimeSupport.framework/JavaRuntimeSupport
0x000000010f162000 	/System/Library/Frameworks/JavaVM.framework/Versions/A/Frameworks/JavaNativeFoundation.framework/Versions/A/JavaNativeFoundation
0x000000010f177000 	/System/Library/Frameworks/JavaVM.framework/Versions/A/JavaVM
0x00000000166f9000 	/System/Library/Frameworks/Carbon.framework/Versions/A/Carbon
0x000000010f184000 	/System/Library/PrivateFrameworks/JavaLaunching.framework/Versions/A/JavaLaunching
0x00000000166f9000 	/System/Library/Frameworks/Carbon.framework/Versions/A/Frameworks/CommonPanels.framework/Versions/A/CommonPanels
0x00000000166f9000 	/System/Library/Frameworks/Carbon.framework/Versions/A/Frameworks/Help.framework/Versions/A/Help
0x00000000166f9000 	/System/Library/Frameworks/Carbon.framework/Versions/A/Frameworks/ImageCapture.framework/Versions/A/ImageCapture
0x00000000166f9000 	/System/Library/Frameworks/Carbon.framework/Versions/A/Frameworks/OpenScripting.framework/Versions/A/OpenScripting
0x00000000166f9000 	/System/Library/Frameworks/Carbon.framework/Versions/A/Frameworks/Print.framework/Versions/A/Print
0x00000000166f9000 	/System/Library/Frameworks/Carbon.framework/Versions/A/Frameworks/SecurityHI.framework/Versions/A/SecurityHI
0x000000010f22f000 	/Library/Java/JavaVirtualMachines/jdk1.8.0_101.jdk/Contents/Home/jre/lib/libawt.dylib
0x000000010f2d7000 	/Library/Java/JavaVirtualMachines/jdk1.8.0_101.jdk/Contents/Home/jre/lib/./libmlib_image.dylib
0x000000010f3a3000 	/Library/Java/JavaVirtualMachines/jdk1.8.0_101.jdk/Contents/Home/jre/lib/libawt_lwawt.dylib
0x000000010f458000 	/Library/Java/JavaVirtualMachines/jdk1.8.0_101.jdk/Contents/Home/jre/lib/./libosxapp.dylib
0x00000000166f9000 	/System/Library/Frameworks/ExceptionHandling.framework/Versions/A/ExceptionHandling
0x00000000166f9000 	/System/Library/PrivateFrameworks/CoreServicesInternal.framework/Versions/A/CoreServicesInternal
0x00000000166f9000 	/System/Library/CoreServices/RawCamera.bundle/Contents/MacOS/RawCamera
0x00000000166f9000 	/System/Library/Frameworks/Accelerate.framework/Versions/A/Frameworks/vImage.framework/Versions/A/Libraries/libCGInterfaces.dylib
0x00000000166f9000 	/System/Library/Frameworks/ApplicationServices.framework/Versions/A/Frameworks/ATS.framework/Versions/A/Resources/libTrueTypeScaler.dylib
0x00000000166f9000 	/System/Library/Frameworks/OpenGL.framework/Versions/A/Resources/GLEngine.bundle/GLEngine
0x00000000166f9000 	/System/Library/Frameworks/OpenGL.framework/Versions/A/Libraries/libGLProgrammability.dylib
0x000000012177a000 	/System/Library/Extensions/AppleIntelBDWGraphicsGLDriver.bundle/Contents/MacOS/AppleIntelBDWGraphicsGLDriver
0x00000000166f9000 	/System/Library/PrivateFrameworks/GPUSupport.framework/Versions/A/Libraries/libGPUSupportMercury.dylib
0x00000000166f9000 	/System/Library/Frameworks/OpenGL.framework/Versions/A/Resources/GLRendererFloat.bundle/GLRendererFloat
0x00000000166f9000 	/System/Library/Frameworks/OpenCL.framework/Versions/A/Libraries/libcldcpuengine.dylib
0x00000000166f9000 	/usr/lib/libcrypto.0.9.8.dylib
0x00000000166f9000 	/System/Library/PrivateFrameworks/TrustEvaluationAgent.framework/Versions/A/TrustEvaluationAgent
0x0000000121ef4000 	/System/Library/Extensions/AppleIntelBDWGraphicsMTLDriver.bundle/Contents/MacOS/AppleIntelBDWGraphicsMTLDriver
0x00000000166f9000 	/System/Library/PrivateFrameworks/FamilyControls.framework/Versions/A/FamilyControls
0x00000000166f9000 	/System/Library/PrivateFrameworks/CommerceKit.framework/Versions/A/Frameworks/CommerceCore.framework/Versions/A/CommerceCore
0x00000000166f9000 	/System/Library/PrivateFrameworks/SystemAdministration.framework/Versions/A/SystemAdministration
0x00000000166f9000 	/System/Library/PrivateFrameworks/AppContainer.framework/Versions/A/AppContainer
0x00000000166f9000 	/System/Library/PrivateFrameworks/SecCodeWrapper.framework/Versions/A/SecCodeWrapper
0x00000000166f9000 	/System/Library/Frameworks/DirectoryService.framework/Versions/A/DirectoryService
0x00000000166f9000 	/System/Library/PrivateFrameworks/DiskImages.framework/Versions/A/DiskImages
0x00000000166f9000 	/System/Library/PrivateFrameworks/LoginUIKit.framework/Versions/A/Frameworks/LoginUICore.framework/Versions/A/LoginUICore
0x00000000166f9000 	/usr/lib/libCoreStorage.dylib
0x00000000166f9000 	/usr/lib/libcsfde.dylib
0x00000000166f9000 	/usr/lib/libodfde.dylib
0x00000000166f9000 	/System/Library/Frameworks/DiscRecording.framework/Versions/A/DiscRecording
0x00000000166f9000 	/usr/lib/libcurl.4.dylib
0x00000000166f9000 	/System/Library/PrivateFrameworks/MediaKit.framework/Versions/A/MediaKit
0x00000000166f9000 	/System/Library/PrivateFrameworks/ProtectedCloudStorage.framework/Versions/A/ProtectedCloudStorage
0x00000000166f9000 	/System/Library/PrivateFrameworks/EFILogin.framework/Versions/A/EFILogin
0x00000000166f9000 	/usr/lib/libutil.dylib
0x00000000166f9000 	/System/Library/Frameworks/LDAP.framework/Versions/A/LDAP
0x00000000166f9000 	/usr/lib/libsasl2.2.dylib
0x00000000166f9000 	/System/Library/PrivateFrameworks/CoreDaemon.framework/Versions/B/CoreDaemon
0x00000000166f9000 	/System/Library/PrivateFrameworks/AppleSRP.framework/Versions/A/AppleSRP
0x00000000166f9000 	/System/Library/PrivateFrameworks/APFS.framework/Versions/A/APFS
0x0000000123a60000 	/Library/Java/JavaVirtualMachines/jdk1.8.0_101.jdk/Contents/Home/jre/lib/libfontmanager.dylib
0x00000000166f9000 	/System/Library/PrivateFrameworks/ViewBridge.framework/Versions/A/ViewBridge
0x00000000166f9000 	/System/Library/PrivateFrameworks/XPCService.framework/Versions/A/XPCService
0x00000000166f9000 	/System/Library/PrivateFrameworks/AppSandbox.framework/Versions/A/AppSandbox
0x00000000166f9000 	/usr/lib/libsandbox.1.dylib
0x00000000166f9000 	/usr/lib/libMatch.1.dylib
0x000000012a1ae000 	/Library/Java/JavaVirtualMachines/jdk1.8.0_101.jdk/Contents/Home/jre/lib/libosxui.dylib
0x000000012af01000 	/Library/Java/JavaVirtualMachines/jdk1.8.0_101.jdk/Contents/Home/jre/lib/libnet.dylib
0x000000012aca6000 	/Library/Java/JavaVirtualMachines/jdk1.8.0_101.jdk/Contents/Home/jre/lib/libnio.dylib
0x0000000124ae2000 	/private/var/folders/q4/85d40lgj5sb4bdsw5z53b8cr0000gn/T/jogamp_0000/file_cache/jln816232775977492439/jln6383818832750835821/libgluegen-rt.jnilib
0x0000000124ae6000 	/private/var/folders/q4/85d40lgj5sb4bdsw5z53b8cr0000gn/T/jogamp_0000/file_cache/jln816232775977492439/jln6383818832750835821/libnativewindow_awt.jnilib
0x000000012ac81000 	/Library/Java/JavaVirtualMachines/jdk1.8.0_101.jdk/Contents/Home/jre/lib/libjawt.dylib
0x0000000151578000 	/private/var/folders/q4/85d40lgj5sb4bdsw5z53b8cr0000gn/T/jogamp_0000/file_cache/jln816232775977492439/jln6383818832750835821/libnativewindow_macosx.jnilib
0x00000001531a6000 	/private/var/folders/q4/85d40lgj5sb4bdsw5z53b8cr0000gn/T/jogamp_0000/file_cache/jln816232775977492439/jln6383818832750835821/libjogl_desktop.jnilib
0x0000000151993000 	/Library/Java/JavaVirtualMachines/jdk1.8.0_101.jdk/Contents/Home/jre/lib/libt2k.dylib

VM Arguments:
jvm_args: -Djava.security.policy=java.policy.applet -Dfile.encoding=UTF-8 
java_command: sun.applet.AppletViewer Visualization.NYCMap1481757147912.html
java_class_path (initial): /Users/gbzlivint/Documents/workspace/VisualizionUnfoldingMap/bin:/Users/gbzlivint/Documents/workspace/VisualizionUnfoldingMap/lib/core.jar:/Users/gbzlivint/Documents/workspace/VisualizionUnfoldingMap/lib/gluegen-rt-natives-linux-amd64.jar:/Users/gbzlivint/Documents/workspace/VisualizionUnfoldingMap/lib/gluegen-rt-natives-linux-armv6hf.jar:/Users/gbzlivint/Documents/workspace/VisualizionUnfoldingMap/lib/gluegen-rt-natives-linux-i586.jar:/Users/gbzlivint/Documents/workspace/VisualizionUnfoldingMap/lib/gluegen-rt-natives-macosx-universal.jar:/Users/gbzlivint/Documents/workspace/VisualizionUnfoldingMap/lib/gluegen-rt-natives-windows-amd64.jar:/Users/gbzlivint/Documents/workspace/VisualizionUnfoldingMap/lib/gluegen-rt-natives-windows-i586.jar:/Users/gbzlivint/Documents/workspace/VisualizionUnfoldingMap/lib/gluegen-rt.jar:/Users/gbzlivint/Documents/workspace/VisualizionUnfoldingMap/lib/jogl-all-natives-linux-amd64.jar:/Users/gbzlivint/Documents/workspace/VisualizionUnfoldingMap/lib/jogl-all-natives-linux-armv6hf.jar:/Users/gbzlivint/Documents/workspace/VisualizionUnfoldingMap/lib/jogl-all-natives-linux-i586.jar:/Users/gbzlivint/Documents/workspace/VisualizionUnfoldingMap/lib/jogl-all-natives-macosx-universal.jar:/Users/gbzlivint/Documents/workspace/VisualizionUnfoldingMap/lib/jogl-all-natives-windows-amd64.jar:/Users/gbzlivint/Documents/workspace/VisualizionUnfoldingMap/lib/jogl-all-natives-windows-i586.jar:/Users/gbzlivint/Documents/workspace/VisualizionUnfoldingMap/lib/jogl-all.jar:/Users/gbzlivint/Documents/workspace/VisualizionUnfoldingMap/lib/json4processing.jar:/Users/gbzlivint/Documents/workspace/VisualizionUnfoldingMap/lib/libTUIO.jar:/Users/gbzlivint/Documents/workspace/VisualizionUnfoldingMap/lib/log4j-1.2.15.jar:/Users/gbzlivint/Documents/workspace/VisualizionUnfoldingMap/lib/sqlite-jdbc-3.7.2.jar:/Users/gbzlivint/Documents/workspace/VisualizionUnfoldingMap/lib/unfolding.0.9.7-uscd.jar
Launcher Type: SUN_STANDARD

Environment Variables:
PATH=/usr/bin:/bin:/usr/sbin:/sbin
SHELL=/bin/bash

Signal Handlers:
SIGSEGV: [libjvm.dylib+0x5af145], sa_mask[0]=11111111011111110111111111111111, sa_flags=SA_ONSTACK|SA_RESTART|SA_SIGINFO
SIGBUS: [libjvm.dylib+0x5af145], sa_mask[0]=11111111011111110111111111111111, sa_flags=SA_RESTART|SA_SIGINFO
SIGFPE: [libjvm.dylib+0x48694c], sa_mask[0]=11111111011111110111111111111111, sa_flags=SA_RESTART|SA_SIGINFO
SIGPIPE: [libjvm.dylib+0x48694c], sa_mask[0]=11111111011111110111111111111111, sa_flags=SA_RESTART|SA_SIGINFO
SIGXFSZ: [libjvm.dylib+0x48694c], sa_mask[0]=11111111011111110111111111111111, sa_flags=SA_RESTART|SA_SIGINFO
SIGILL: [libjvm.dylib+0x48694c], sa_mask[0]=11111111011111110111111111111111, sa_flags=SA_RESTART|SA_SIGINFO
SIGUSR1: SIG_DFL, sa_mask[0]=00000000000000000000000000000000, sa_flags=none
SIGUSR2: [libjvm.dylib+0x48646a], sa_mask[0]=00100000000000000000000000000000, sa_flags=SA_RESTART|SA_SIGINFO
SIGHUP: [libjvm.dylib+0x484a41], sa_mask[0]=11111111011111110111111111111111, sa_flags=SA_RESTART|SA_SIGINFO
SIGINT: [libjvm.dylib+0x484a41], sa_mask[0]=11111111011111110111111111111111, sa_flags=SA_RESTART|SA_SIGINFO
SIGTERM: [libjvm.dylib+0x484a41], sa_mask[0]=11111111011111110111111111111111, sa_flags=SA_RESTART|SA_SIGINFO
SIGQUIT: [libjvm.dylib+0x484a41], sa_mask[0]=11111111011111110111111111111111, sa_flags=SA_RESTART|SA_SIGINFO


---------------  S Y S T E M  ---------------

OS:Bsduname:Darwin 16.0.0 Darwin Kernel Version 16.0.0: Mon Aug 29 17:56:20 PDT 2016; root:xnu-3789.1.32~3/RELEASE_X86_64 x86_64
rlimit: STACK 8192k, CORE 0k, NPROC 709, NOFILE 10240, AS infinity
load average:4.11 4.14 3.56

CPU:total 4 (2 cores per cpu, 2 threads per core) family 6 model 61 stepping 4, cmov, cx8, fxsr, mmx, sse, sse2, sse3, ssse3, sse4.1, sse4.2, popcnt, avx, avx2, aes, clmul, erms, 3dnowpref, lzcnt, ht, tsc, tscinvbit, bmi1, bmi2, adx

Memory: 4k page, physical 8388608k(163812k free)

/proc/meminfo:


vm_info: Java HotSpot(TM) 64-Bit Server VM (25.101-b13) for bsd-amd64 JRE (1.8.0_101-b13), built on Jun 22 2016 02:42:15 by "java_re" with gcc 4.2.1 (Based on Apple Inc. build 5658) (LLVM build 2336.11.00)

time: Wed Dec 14 20:09:22 2016
elapsed time: 3914 seconds (0d 1h 5m 14s)

